TN:
SF:/home/tandt/Documents/work/MOCK-project/include/common/BaseController.h
FN:10,_ZN14BaseControllerD0Ev
FN:10,_ZN14BaseControllerD2Ev
FNDA:110,_ZN14BaseControllerD2Ev
FNDA:0,_ZN14BaseControllerD0Ev
FNF:2
FNH:1
DA:10,110
LF:1
LH:1
end_of_record
TN:
SF:/home/tandt/Documents/work/MOCK-project/include/common/BaseView.h
FN:17,_ZN8BaseViewD2Ev
FN:17,_ZN8BaseViewD0Ev
FNDA:83,_ZN8BaseViewD2Ev
FNDA:0,_ZN8BaseViewD0Ev
FNF:2
FNH:1
DA:17,83
LF:1
LH:1
end_of_record
TN:
SF:/home/tandt/Documents/work/MOCK-project/include/common/MockClass.h
FN:41,_ZN21MockManagerControllerD2Ev
FN:41,_ZN21MockManagerControllerD0Ev
FN:42,_ZNK21MockManagerController13getControllerERKNSt7__cxx1112basic_stringIcSt11char_traitsIcESaIcEEE
FN:42,_ZNK21MockManagerController19gmock_getControllerERKN7testing7MatcherIRKNSt7__cxx1112basic_stringIcSt11char_traitsIcESaIcEEEEE
FN:43,_ZN21MockManagerController20gmock_getManagerViewEv
FN:43,_ZN21MockManagerController14getManagerViewEv
FN:44,_ZN21MockManagerController15getManagerModelEv
FN:44,_ZN21MockManagerController21gmock_getManagerModelEv
FN:51,_ZN15MockManagerViewD2Ev
FN:51,_ZN15MockManagerViewD0Ev
FN:52,_ZN15MockManagerView7setViewERKNSt7__cxx1112basic_stringIcSt11char_traitsIcESaIcEEE
FN:52,_ZN15MockManagerView13gmock_setViewERKN7testing7MatcherIRKNSt7__cxx1112basic_stringIcSt11char_traitsIcESaIcEEEEE
FN:53,_ZNK15MockManagerView13gmock_getViewEv
FN:53,_ZNK15MockManagerView7getViewEv
FN:54,_ZNK15MockManagerView17getCurrentViewKeyB5cxx11Ev
FN:54,_ZNK15MockManagerView23gmock_getCurrentViewKeyB5cxx11Ev
FN:60,_ZN23MockMediaFileController22gmock_handleActionScanERKN7testing7MatcherIiEE
FN:60,_ZN23MockMediaFileController16handleActionScanEi
FN:61,_ZN23MockMediaFileController19scanAndDisplayMediaEv
FN:61,_ZN23MockMediaFileController25gmock_scanAndDisplayMediaEv
FN:66,_ZN15MockPlayingView8showMenuEv
FN:72,_ZN17MockMediaFileView8showMenuEv
FN:73,_ZN17MockMediaFileView20gmock_showOptionScanEv
FN:73,_ZN17MockMediaFileView14showOptionScanEv
FN:74,_ZNK17MockMediaFileView24gmock_getSelectedMediaIDEv
FN:74,_ZNK17MockMediaFileView18getSelectedMediaIDEv
FN:75,_ZN17MockMediaFileView17displayMediaFilesERKSt6vectorINSt7__cxx1112basic_stringIcSt11char_traitsIcESaIcEEESaIS6_EEiRKS6_
FN:75,_ZN17MockMediaFileView23gmock_displayMediaFilesERKN7testing7MatcherIRKSt6vectorINSt7__cxx1112basic_stringIcSt11char_traitsIcESaIcEEESaIS8_EEEERKNS1_IiEERKNS1_IRKS8_EE
FN:76,_ZN17MockMediaFileView26gmock_promptDirectoryInputB5cxx11Ev
FN:76,_ZN17MockMediaFileView20promptDirectoryInputB5cxx11Ev
FN:82,_ZN22MockPlaylistController22gmock_listAllPlaylistsEv
FN:82,_ZN22MockPlaylistController16listAllPlaylistsEv
FN:83,_ZN22MockPlaylistController14createPlaylistERKNSt7__cxx1112basic_stringIcSt11char_traitsIcESaIcEEE
FN:84,_ZN22MockPlaylistController14deletePlaylistEv
FN:85,_ZN22MockPlaylistController19viewPlaylistDetailsERKNSt7__cxx1112basic_stringIcSt11char_traitsIcESaIcEEE
FN:86,_ZN22MockPlaylistController12playPlaylistERKNSt7__cxx1112basic_stringIcSt11char_traitsIcESaIcEEE
FN:92,_ZN16MockPlaylistView16displayPlaylistsERKSt6vectorI8PlaylistSaIS1_EE
FN:93,_ZNK16MockPlaylistView21getSelectedPlaylistIDEv
FN:94,_ZN16MockPlaylistView22displayPlaylistDetailsERK8Playlist
FN:100,_ZN26MockPlayingMediaControllerD2Ev
FN:100,_ZN26MockPlayingMediaControllerD0Ev
FN:101,_ZN26MockPlayingMediaController13playMediaFileEP9MediaFile
FN:102,_ZNK26MockPlayingMediaController19getCurrentMediaFileEv
FN:103,_ZNK26MockPlayingMediaController18isCurrentlyPlayingEv
FN:104,_ZN26MockPlayingMediaController10gmock_stopEv
FN:104,_ZN26MockPlayingMediaController4stopEv
FN:105,_ZN26MockPlayingMediaController12handleActionEi
FN:106,_ZN26MockPlayingMediaController10skipToNextEv
FN:107,_ZN26MockPlayingMediaController14skipToPreviousEv
FN:108,_ZN26MockPlayingMediaController12adjustVolumeEi
FN:109,_ZN26MockPlayingMediaController9playVideoERKNSt7__cxx1112basic_stringIcSt11char_traitsIcESaIcEEE
FN:115,_ZN16MockMediaLibraryD2Ev
FN:115,_ZN16MockMediaLibraryD0Ev
FN:116,_ZN16MockMediaLibrary19gmock_getMediaFilesEv
FN:116,_ZN16MockMediaLibrary13getMediaFilesEv
FN:117,_ZNK16MockMediaLibrary26gmock_getMediaFilesForPageERKN7testing7MatcherIiEES4_
FN:117,_ZNK16MockMediaLibrary20getMediaFilesForPageEii
FN:118,_ZNK16MockMediaLibrary13getTotalPagesEi
FN:118,_ZNK16MockMediaLibrary19gmock_getTotalPagesERKN7testing7MatcherIiEE
FN:119,_ZN16MockMediaLibrary19gmock_scanDirectoryERKN7testing7MatcherIRKNSt7__cxx1112basic_stringIcSt11char_traitsIcESaIcEEEEE
FN:119,_ZN16MockMediaLibrary13scanDirectoryERKNSt7__cxx1112basic_stringIcSt11char_traitsIcESaIcEEE
FN:125,_ZN19MockPlaylistLibrary12getPlaylistsEv
FN:126,_ZNK19MockPlaylistLibrary10saveToFileERKNSt7__cxx1112basic_stringIcSt11char_traitsIcESaIcEEE
FN:126,_ZNK19MockPlaylistLibrary16gmock_saveToFileERKN7testing7MatcherIRKNSt7__cxx1112basic_stringIcSt11char_traitsIcESaIcEEEEE
FN:127,_ZN19MockPlaylistLibrary17getPlaylistByNameERKNSt7__cxx1112basic_stringIcSt11char_traitsIcESaIcEEE
FN:127,_ZN19MockPlaylistLibrary23gmock_getPlaylistByNameERKN7testing7MatcherIRKNSt7__cxx1112basic_stringIcSt11char_traitsIcESaIcEEEEE
FN:128,_ZN19MockPlaylistLibrary17gmock_addPlaylistERKN7testing7MatcherIRK8PlaylistEE
FN:128,_ZN19MockPlaylistLibrary11addPlaylistERK8Playlist
FN:129,_ZN19MockPlaylistLibrary14removePlaylistERKNSt7__cxx1112basic_stringIcSt11char_traitsIcESaIcEEE
FN:135,_ZN16MockManagerModelD0Ev
FN:135,_ZN16MockManagerModelD2Ev
FN:136,_ZN16MockManagerModel21gmock_getMediaLibraryEv
FN:136,_ZN16MockManagerModel15getMediaLibraryEv
FN:137,_ZN16MockManagerModel18getPlaylistLibraryEv
FN:137,_ZN16MockManagerModel24gmock_getPlaylistLibraryEv
FN:138,_ZN16MockManagerModel15getPlayingMediaEv
FN:171,_ZN16MockMetadataView15displayMetadataERKSt3mapINSt7__cxx1112basic_stringIcSt11char_traitsIcESaIcEEES6_St4lessIS6_ESaISt4pairIKS6_S6_EEE
FN:171,_ZN16MockMetadataView21gmock_displayMetadataERKN7testing7MatcherIRKSt3mapINSt7__cxx1112basic_stringIcSt11char_traitsIcESaIcEEES8_St4lessIS8_ESaISt4pairIKS8_S8_EEEEE
FN:172,_ZN16MockMetadataView8showMenuEv
FNDA:14,_ZN15MockManagerView7setViewERKNSt7__cxx1112basic_stringIcSt11char_traitsIcESaIcEEE
FNDA:0,_ZN16MockPlaylistView22displayPlaylistDetailsERK8Playlist
FNDA:0,_ZN26MockPlayingMediaController12handleActionEi
FNDA:0,_ZN26MockPlayingMediaController14skipToPreviousEv
FNDA:1,_ZN17MockMediaFileView20gmock_showOptionScanEv
FNDA:2,_ZN16MockMediaLibrary19gmock_scanDirectoryERKN7testing7MatcherIRKNSt7__cxx1112basic_stringIcSt11char_traitsIcESaIcEEEEE
FNDA:33,_ZN26MockPlayingMediaControllerD2Ev
FNDA:0,_ZN19MockPlaylistLibrary12getPlaylistsEv
FNDA:12,_ZN16MockMetadataView15displayMetadataERKSt3mapINSt7__cxx1112basic_stringIcSt11char_traitsIcESaIcEEES6_St4lessIS6_ESaISt4pairIKS6_S6_EEE
FNDA:10,_ZN16MockMetadataView21gmock_displayMetadataERKN7testing7MatcherIRKSt3mapINSt7__cxx1112basic_stringIcSt11char_traitsIcESaIcEEES8_St4lessIS8_ESaISt4pairIKS8_S8_EEEEE
FNDA:26,_ZN16MockMediaLibraryD2Ev
FNDA:3,_ZNK15MockManagerView17getCurrentViewKeyB5cxx11Ev
FNDA:0,_ZN26MockPlayingMediaController13playMediaFileEP9MediaFile
FNDA:0,_ZN26MockPlayingMediaController9playVideoERKNSt7__cxx1112basic_stringIcSt11char_traitsIcESaIcEEE
FNDA:50,_ZN21MockManagerController20gmock_getManagerViewEv
FNDA:2,_ZNK19MockPlaylistLibrary10saveToFileERKNSt7__cxx1112basic_stringIcSt11char_traitsIcESaIcEEE
FNDA:0,_ZN26MockPlayingMediaController12adjustVolumeEi
FNDA:3,_ZN19MockPlaylistLibrary17getPlaylistByNameERKNSt7__cxx1112basic_stringIcSt11char_traitsIcESaIcEEE
FNDA:0,_ZNK26MockPlayingMediaController19getCurrentMediaFileEv
FNDA:4,_ZNK16MockMediaLibrary13getTotalPagesEi
FNDA:47,_ZN15MockManagerViewD2Ev
FNDA:10,_ZNK16MockMediaLibrary26gmock_getMediaFilesForPageERKN7testing7MatcherIiEES4_
FNDA:0,_ZN16MockManagerModel15getPlayingMediaEv
FNDA:13,_ZN15MockManagerView13gmock_setViewERKN7testing7MatcherIRKNSt7__cxx1112basic_stringIcSt11char_traitsIcESaIcEEEEE
FNDA:0,_ZN26MockPlayingMediaController10skipToNextEv
FNDA:2,_ZN26MockPlayingMediaController10gmock_stopEv
FNDA:39,_ZN21MockManagerController14getManagerViewEv
FNDA:2,_ZN23MockMediaFileController19scanAndDisplayMediaEv
FNDA:1,_ZN15MockPlayingView8showMenuEv
FNDA:1,_ZN17MockMediaFileView26gmock_promptDirectoryInputB5cxx11Ev
FNDA:8,_ZNK21MockManagerController13getControllerERKNSt7__cxx1112basic_stringIcSt11char_traitsIcESaIcEEE
FNDA:28,_ZNK15MockManagerView7getViewEv
FNDA:9,_ZN17MockMediaFileView17displayMediaFilesERKSt6vectorINSt7__cxx1112basic_stringIcSt11char_traitsIcESaIcEEESaIS6_EEiRKS6_
FNDA:1,_ZNK15MockManagerView23gmock_getCurrentViewKeyB5cxx11Ev
FNDA:39,_ZNK15MockManagerView13gmock_getViewEv
FNDA:4,_ZN16MockMediaLibrary13scanDirectoryERKNSt7__cxx1112basic_stringIcSt11char_traitsIcESaIcEEE
FNDA:0,_ZN19MockPlaylistLibrary14removePlaylistERKNSt7__cxx1112basic_stringIcSt11char_traitsIcESaIcEEE
FNDA:6,_ZNK17MockMediaFileView24gmock_getSelectedMediaIDEv
FNDA:0,_ZN22MockPlaylistController19viewPlaylistDetailsERKNSt7__cxx1112basic_stringIcSt11char_traitsIcESaIcEEE
FNDA:33,_ZN16MockManagerModel21gmock_getMediaLibraryEv
FNDA:0,_ZN22MockPlaylistController14createPlaylistERKNSt7__cxx1112basic_stringIcSt11char_traitsIcESaIcEEE
FNDA:1,_ZN22MockPlaylistController22gmock_listAllPlaylistsEv
FNDA:35,_ZN16MockMediaLibrary19gmock_getMediaFilesEv
FNDA:0,_ZNK26MockPlayingMediaController18isCurrentlyPlayingEv
FNDA:33,_ZN26MockPlayingMediaControllerD0Ev
FNDA:4,_ZNK17MockMediaFileView18getSelectedMediaIDEv
FNDA:2,_ZN23MockMediaFileController25gmock_scanAndDisplayMediaEv
FNDA:3,_ZN16MockManagerModel18getPlaylistLibraryEv
FNDA:0,_ZN22MockPlaylistController14deletePlaylistEv
FNDA:0,_ZN16MockMetadataView8showMenuEv
FNDA:3,_ZN19MockPlaylistLibrary23gmock_getPlaylistByNameERKN7testing7MatcherIRKNSt7__cxx1112basic_stringIcSt11char_traitsIcESaIcEEEEE
FNDA:3,_ZN19MockPlaylistLibrary17gmock_addPlaylistERKN7testing7MatcherIRK8PlaylistEE
FNDA:42,_ZN16MockManagerModelD0Ev
FNDA:1,_ZN23MockMediaFileController22gmock_handleActionScanERKN7testing7MatcherIiEE
FNDA:0,_ZN17MockMediaFileView8showMenuEv
FNDA:0,_ZNK16MockPlaylistView21getSelectedPlaylistIDEv
FNDA:2,_ZN26MockPlayingMediaController4stopEv
FNDA:0,_ZN22MockPlaylistController12playPlaylistERKNSt7__cxx1112basic_stringIcSt11char_traitsIcESaIcEEE
FNDA:2,_ZN19MockPlaylistLibrary11addPlaylistERK8Playlist
FNDA:9,_ZNK16MockMediaLibrary20getMediaFilesForPageEii
FNDA:26,_ZN16MockMediaLibraryD0Ev
FNDA:30,_ZN21MockManagerController15getManagerModelEv
FNDA:5,_ZNK16MockMediaLibrary19gmock_getTotalPagesERKN7testing7MatcherIiEE
FNDA:1,_ZN17MockMediaFileView20promptDirectoryInputB5cxx11Ev
FNDA:42,_ZN16MockManagerModelD2Ev
FNDA:46,_ZN21MockManagerControllerD0Ev
FNDA:61,_ZNK21MockManagerController19gmock_getControllerERKN7testing7MatcherIRKNSt7__cxx1112basic_stringIcSt11char_traitsIcESaIcEEEEE
FNDA:46,_ZN15MockManagerViewD0Ev
FNDA:46,_ZN21MockManagerControllerD2Ev
FNDA:5,_ZN16MockManagerModel24gmock_getPlaylistLibraryEv
FNDA:9,_ZN17MockMediaFileView23gmock_displayMediaFilesERKN7testing7MatcherIRKSt6vectorINSt7__cxx1112basic_stringIcSt11char_traitsIcESaIcEEESaIS8_EEEERKNS1_IiEERKNS1_IRKS8_EE
FNDA:27,_ZN16MockManagerModel15getMediaLibraryEv
FNDA:1,_ZN23MockMediaFileController16handleActionScanEi
FNDA:1,_ZN17MockMediaFileView14showOptionScanEv
FNDA:14,_ZN16MockMediaLibrary13getMediaFilesEv
FNDA:42,_ZN21MockManagerController21gmock_getManagerModelEv
FNDA:0,_ZN16MockPlaylistView16displayPlaylistsERKSt6vectorI8PlaylistSaIS1_EE
FNDA:3,_ZNK19MockPlaylistLibrary16gmock_saveToFileERKN7testing7MatcherIRKNSt7__cxx1112basic_stringIcSt11char_traitsIcESaIcEEEEE
FNDA:1,_ZN22MockPlaylistController16listAllPlaylistsEv
FNF:79
FNH:59
DA:41,92
DA:42,69
DA:43,89
DA:44,72
DA:51,93
DA:52,27
DA:53,67
DA:54,4
DA:60,2
DA:61,4
DA:66,1
DA:72,0
DA:73,2
DA:74,10
DA:75,18
DA:76,2
DA:82,2
DA:83,0
DA:84,0
DA:85,0
DA:86,0
DA:92,0
DA:93,0
DA:94,0
DA:100,66
DA:101,0
DA:102,0
DA:103,0
DA:104,4
DA:105,0
DA:106,0
DA:107,0
DA:108,0
DA:109,0
DA:115,52
DA:116,49
DA:117,19
DA:118,9
DA:119,6
DA:125,0
DA:126,5
DA:127,6
DA:128,5
DA:129,0
DA:135,84
DA:136,60
DA:137,8
DA:138,0
DA:171,22
DA:172,0
LF:50
LH:30
end_of_record
TN:
SF:/home/tandt/Documents/work/MOCK-project/include/controller/DefaultScreenController.h
FN:16,_ZN23DefaultScreenControllerC2EP17ManagerControllerb
FNDA:5,_ZN23DefaultScreenControllerC2EP17ManagerControllerb
FNF:1
FNH:1
DA:16,5
DA:17,5
DA:18,5
DA:20,0
DA:22,5
LF:5
LH:4
end_of_record
TN:
SF:/home/tandt/Documents/work/MOCK-project/include/controller/ManagerController.h
FN:44,_ZN17ManagerController11setInstanceEPS_
FNDA:92,_ZN17ManagerController11setInstanceEPS_
FNF:1
FNH:1
DA:44,92
DA:45,92
DA:46,92
LF:3
LH:3
end_of_record
TN:
SF:/home/tandt/Documents/work/MOCK-project/include/controller/MediaFileController.h
FN:24,_ZN19MediaFileControllerC2EP17ManagerController
FNDA:26,_ZN19MediaFileControllerC2EP17ManagerController
FNF:1
FNH:1
DA:24,26
DA:25,26
LF:2
LH:2
end_of_record
TN:
SF:/home/tandt/Documents/work/MOCK-project/include/controller/MetadataController.h
FN:27,_ZN18MetadataControllerC2EP17ManagerControllerP12MetadataView
FNDA:16,_ZN18MetadataControllerC2EP17ManagerControllerP12MetadataView
FNF:1
FNH:1
DA:27,16
DA:28,16
DA:29,32
LF:3
LH:3
end_of_record
TN:
SF:/home/tandt/Documents/work/MOCK-project/include/controller/PlayingMediaController.h
FN:58,_ZN22PlayingMediaControllerC2EP17ManagerControllerP11PlayingView
FNDA:36,_ZN22PlayingMediaControllerC2EP17ManagerControllerP11PlayingView
FNF:1
FNH:1
DA:58,36
DA:59,36
DA:60,72
LF:3
LH:3
end_of_record
TN:
SF:/home/tandt/Documents/work/MOCK-project/include/controller/PlaylistController.h
FN:38,_ZN18PlaylistControllerC2EP17ManagerController
FNDA:3,_ZN18PlaylistControllerC2EP17ManagerController
FNF:1
FNH:1
DA:38,3
DA:39,3
LF:2
LH:2
end_of_record
TN:
SF:/home/tandt/Documents/work/MOCK-project/include/model/Metadata.h
FN:17,_ZN8MetadataC2Ev
FNDA:209,_ZN8MetadataC2Ev
FNF:1
FNH:1
DA:17,209
LF:1
LH:1
end_of_record
TN:
SF:/home/tandt/Documents/work/MOCK-project/include/view/ManagerView.h
FN:27,_ZN11ManagerView11setInstanceEPS_
FNDA:92,_ZN11ManagerView11setInstanceEPS_
FNF:1
FNH:1
DA:27,92
DA:28,92
DA:29,92
LF:3
LH:3
end_of_record
TN:
SF:/home/tandt/Documents/work/MOCK-project/src/common/Exception.cpp
FN:5,_ZN9Exception19checkStringNotEmptyENSt7__cxx1112basic_stringIcSt11char_traitsIcESaIcEEES5_
FN:12,_ZN9Exception20checkStringMaxLengthENSt7__cxx1112basic_stringIcSt11char_traitsIcESaIcEEEmS5_
FN:19,_ZN9Exception13checkIntRangeEiiiNSt7__cxx1112basic_stringIcSt11char_traitsIcESaIcEEE
FN:26,_ZN9Exception26validateInputDefaultScreenEi
FN:32,_ZN9Exception26validateInputMediaFileViewEi
FN:38,_ZN9Exception23validateInputOptionScanEi
FN:44,_ZN9Exception25validateInputMetadataViewEi
FN:50,_ZN9Exception25validateInputPlaylistViewEi
FN:56,_ZN9Exception24validateInputPlayingViewEi
FN:62,_ZN9Exception18checkInputFilePathERKNSt7__cxx1112basic_stringIcSt11char_traitsIcESaIcEEE
FN:71,_ZN9Exception19checkInputValidTypeEv
FN:82,_ZN9Exception24getValidatedInput_StringENSt7__cxx1112basic_stringIcSt11char_traitsIcESaIcEEESt8functionIFbS5_EE
FN:97,_ZN9Exception21getValidatedInput_IntENSt7__cxx1112basic_stringIcSt11char_traitsIcESaIcEEESt8functionIFbiEE
FN:116,_ZN9Exception26getValidatedInput_FilePathENSt7__cxx1112basic_stringIcSt11char_traitsIcESaIcEEE
FNDA:0,_ZN9Exception18checkInputFilePathERKNSt7__cxx1112basic_stringIcSt11char_traitsIcESaIcEEE
FNDA:0,_ZN9Exception26validateInputDefaultScreenEi
FNDA:0,_ZN9Exception19checkInputValidTypeEv
FNDA:0,_ZN9Exception24validateInputPlayingViewEi
FNDA:0,_ZN9Exception20checkStringMaxLengthENSt7__cxx1112basic_stringIcSt11char_traitsIcESaIcEEEmS5_
FNDA:0,_ZN9Exception25validateInputMetadataViewEi
FNDA:0,_ZN9Exception26validateInputMediaFileViewEi
FNDA:0,_ZN9Exception21getValidatedInput_IntENSt7__cxx1112basic_stringIcSt11char_traitsIcESaIcEEESt8functionIFbiEE
FNDA:0,_ZN9Exception25validateInputPlaylistViewEi
FNDA:0,_ZN9Exception24getValidatedInput_StringENSt7__cxx1112basic_stringIcSt11char_traitsIcESaIcEEESt8functionIFbS5_EE
FNDA:0,_ZN9Exception26getValidatedInput_FilePathENSt7__cxx1112basic_stringIcSt11char_traitsIcESaIcEEE
FNDA:0,_ZN9Exception19checkStringNotEmptyENSt7__cxx1112basic_stringIcSt11char_traitsIcESaIcEEES5_
FNDA:0,_ZN9Exception13checkIntRangeEiiiNSt7__cxx1112basic_stringIcSt11char_traitsIcESaIcEEE
FNDA:0,_ZN9Exception23validateInputOptionScanEi
FNF:14
FNH:0
DA:5,0
DA:6,0
DA:7,0
DA:9,0
DA:12,0
DA:13,0
DA:14,0
DA:16,0
DA:19,0
DA:20,0
DA:21,0
DA:23,0
DA:26,0
DA:27,0
DA:28,0
DA:32,0
DA:33,0
DA:34,0
DA:38,0
DA:39,0
DA:40,0
DA:44,0
DA:45,0
DA:46,0
DA:50,0
DA:51,0
DA:52,0
DA:56,0
DA:57,0
DA:58,0
DA:62,0
DA:63,0
DA:64,0
DA:65,0
DA:67,0
DA:68,0
DA:71,0
DA:72,0
DA:73,0
DA:74,0
DA:75,0
DA:76,0
DA:78,0
DA:82,0
DA:83,0
DA:86,0
DA:87,0
DA:88,0
DA:89,0
DA:90,0
DA:91,0
DA:92,0
DA:93,0
DA:94,0
DA:97,0
DA:101,0
DA:102,0
DA:103,0
DA:104,0
DA:105,0
DA:106,0
DA:107,0
DA:108,0
DA:109,0
DA:110,0
DA:111,0
DA:112,0
DA:116,0
DA:117,0
DA:120,0
DA:121,0
DA:122,0
DA:123,0
DA:124,0
DA:125,0
DA:126,0
DA:127,0
DA:128,0
DA:129,0
LF:79
LH:0
end_of_record
TN:
SF:/home/tandt/Documents/work/MOCK-project/src/common/MenuRenderer.cpp
FN:8,_ZN12MenuRendererC2ERKNSt7__cxx1112basic_stringIcSt11char_traitsIcESaIcEEERKSt6vectorIS5_SaIS5_EERKS8_IiSaIiEE
FN:11,_ZN12MenuRenderer6renderEv
FN:19,_ZZN12MenuRenderer6renderEvENKUlvE_clEv
FN:31,_ZZN12MenuRenderer6renderEvENKUlN5ftxui5EventEE0_clES1_
FNDA:0,_ZZN12MenuRenderer6renderEvENKUlvE_clEv
FNDA:0,_ZZN12MenuRenderer6renderEvENKUlN5ftxui5EventEE0_clES1_
FNDA:0,_ZN12MenuRendererC2ERKNSt7__cxx1112basic_stringIcSt11char_traitsIcESaIcEEERKSt6vectorIS5_SaIS5_EERKS8_IiSaIiEE
FNDA:0,_ZN12MenuRenderer6renderEv
FNF:4
FNH:0
DA:8,0
DA:9,0
DA:11,0
DA:12,0
DA:13,0
DA:14,0
DA:16,0
DA:17,0
DA:19,0
DA:20,0
DA:21,0
DA:23,0
DA:25,0
DA:27,0
DA:28,0
DA:29,0
DA:31,0
DA:32,0
DA:33,0
DA:34,0
DA:35,0
DA:38,0
DA:39,0
DA:40,0
DA:41,0
DA:42,0
DA:43,0
DA:44,0
DA:46,0
DA:47,0
DA:51,0
DA:52,0
DA:53,0
DA:56,0
DA:57,0
DA:58,0
DA:59,0
DA:60,0
DA:61,0
DA:63,0
DA:64,0
DA:68,0
DA:69,0
DA:71,0
DA:73,0
DA:74,0
LF:46
LH:0
end_of_record
TN:
SF:/home/tandt/Documents/work/MOCK-project/src/common/TerminalUtils.cpp
FN:4,_Z13clearTerminalv
FNDA:16,_Z13clearTerminalv
FNF:1
FNH:1
DA:4,16
DA:8,16
DA:10,16
LF:3
LH:3
end_of_record
TN:
SF:/home/tandt/Documents/work/MOCK-project/src/controller/DefaultScreenController.cpp
FN:96,_ZN23DefaultScreenControllerC2Ev
FN:99,_ZN23DefaultScreenController12handleActionEi
FNDA:4,_ZN23DefaultScreenController12handleActionEi
FNDA:2,_ZN23DefaultScreenControllerC2Ev
FNF:2
FNH:2
DA:96,2
DA:97,2
DA:98,2
DA:99,4
DA:100,4
DA:101,1
DA:103,1
DA:104,2
DA:107,1
DA:110,1
DA:111,1
DA:114,1
DA:115,1
DA:116,1
DA:117,1
DA:118,1
DA:120,1
DA:122,1
DA:123,2
DA:126,1
DA:129,1
DA:130,1
DA:133,1
DA:134,1
DA:135,1
DA:137,1
DA:138,1
DA:139,2
DA:142,1
DA:145,1
DA:146,0
DA:151,1
DA:154,1
DA:155,1
DA:156,1
DA:158,4
LF:36
LH:35
end_of_record
TN:
SF:/home/tandt/Documents/work/MOCK-project/src/controller/ManagerController.cpp
FN:16,_ZN17ManagerControllerC2Ev
FN:26,_ZN17ManagerController14getManagerViewEv
FN:31,_ZN17ManagerController15getManagerModelEv
FN:37,_ZNK17ManagerController13getControllerERKNSt7__cxx1112basic_stringIcSt11char_traitsIcESaIcEEE
FN:51,_ZN17ManagerControllerD2Ev
FN:51,_ZN17ManagerControllerD0Ev
FN:59,_ZN17ManagerController11getInstanceEv
FN:65,_ZN17ManagerController18registerControllerERKNSt7__cxx1112basic_stringIcSt11char_traitsIcESaIcEEEP14BaseController
FN:70,_ZN17ManagerController15initializeViewsEv
FN:109,_ZN17ManagerController3runEb
FNDA:2,_ZN17ManagerController15initializeViewsEv
FNDA:1,_ZN17ManagerController14getManagerViewEv
FNDA:6,_ZNK17ManagerController13getControllerERKNSt7__cxx1112basic_stringIcSt11char_traitsIcESaIcEEE
FNDA:1,_ZN17ManagerController15getManagerModelEv
FNDA:0,_ZN17ManagerControllerD0Ev
FNDA:47,_ZN17ManagerControllerD2Ev
FNDA:0,_ZN17ManagerController3runEb
FNDA:10,_ZN17ManagerController18registerControllerERKNSt7__cxx1112basic_stringIcSt11char_traitsIcESaIcEEEP14BaseController
FNDA:72,_ZN17ManagerController11getInstanceEv
FNDA:47,_ZN17ManagerControllerC2Ev
FNF:10
FNH:8
DA:16,47
DA:17,47
DA:18,94
DA:21,47
DA:22,47
DA:23,47
DA:26,1
DA:27,1
DA:31,1
DA:32,1
DA:37,6
DA:38,6
DA:39,6
DA:40,5
DA:42,1
DA:51,47
DA:52,52
DA:53,5
DA:55,47
DA:56,47
DA:59,72
DA:60,72
DA:61,72
DA:65,10
DA:66,10
DA:67,10
DA:70,2
DA:72,2
DA:75,2
DA:76,2
DA:77,2
DA:78,2
DA:81,2
DA:82,2
DA:83,2
DA:84,2
DA:87,2
DA:88,2
DA:89,2
DA:90,2
DA:93,2
DA:94,2
DA:95,2
DA:96,2
DA:99,2
DA:100,2
DA:101,2
DA:102,2
DA:105,2
DA:106,2
DA:109,0
DA:111,0
DA:113,0
DA:117,0
DA:120,0
DA:124,0
DA:125,0
DA:126,0
DA:128,0
DA:130,0
LF:60
LH:50
end_of_record
TN:
SF:/home/tandt/Documents/work/MOCK-project/src/controller/MediaFileController.cpp
FN:14,_ZN19MediaFileControllerC2Ev
FN:17,_ZN19MediaFileController13scanDirectoryERKNSt7__cxx1112basic_stringIcSt11char_traitsIcESaIcEEE
FN:32,_ZZN19MediaFileController13scanDirectoryERKNSt7__cxx1112basic_stringIcSt11char_traitsIcESaIcEEEENKUlvE_clEv
FN:43,_ZZN19MediaFileController13scanDirectoryERKNSt7__cxx1112basic_stringIcSt11char_traitsIcESaIcEEEENKUlN5ftxui5EventEE0_clES9_
FN:54,_ZN19MediaFileController16handleActionScanEi
FN:103,_ZZN19MediaFileController16handleActionScanEiENKUlvE_clEv
FN:113,_ZZN19MediaFileController16handleActionScanEiENKUlN5ftxui5EventEE0_clES1_
FN:140,_ZN19MediaFileController19scanAndDisplayMediaEv
FN:166,_ZN19MediaFileController8nextPageEv
FN:203,_ZN19MediaFileController12previousPageEv
FN:240,_ZN19MediaFileController11getPathByIdB5cxx11ERKSt6vectorI9MediaFileSaIS1_EEi
FN:250,_ZN19MediaFileController12handleActionEi
FN:342,_ZZN19MediaFileController12handleActionEiENKUlRK9MediaFileE_clES2_
FN:375,_ZZN19MediaFileController12handleActionEiENKUlvE0_clEv
FN:385,_ZZN19MediaFileController12handleActionEiENKUlN5ftxui5EventEE1_clES1_
FNDA:0,_ZZN19MediaFileController12handleActionEiENKUlvE0_clEv
FNDA:19,_ZN19MediaFileControllerC2Ev
FNDA:3,_ZZN19MediaFileController16handleActionScanEiENKUlN5ftxui5EventEE0_clES1_
FNDA:54,_ZZN19MediaFileController16handleActionScanEiENKUlvE_clEv
FNDA:6,_ZN19MediaFileController16handleActionScanEi
FNDA:2,_ZN19MediaFileController19scanAndDisplayMediaEv
FNDA:4,_ZN19MediaFileController8nextPageEv
FNDA:4,_ZN19MediaFileController12previousPageEv
FNDA:4,_ZZN19MediaFileController13scanDirectoryERKNSt7__cxx1112basic_stringIcSt11char_traitsIcESaIcEEEENKUlN5ftxui5EventEE0_clES9_
FNDA:8,_ZZN19MediaFileController13scanDirectoryERKNSt7__cxx1112basic_stringIcSt11char_traitsIcESaIcEEEENKUlvE_clEv
FNDA:0,_ZZN19MediaFileController12handleActionEiENKUlRK9MediaFileE_clES2_
FNDA:0,_ZZN19MediaFileController12handleActionEiENKUlN5ftxui5EventEE1_clES1_
FNDA:2,_ZN19MediaFileController11getPathByIdB5cxx11ERKSt6vectorI9MediaFileSaIS1_EEi
FNDA:4,_ZN19MediaFileController13scanDirectoryERKNSt7__cxx1112basic_stringIcSt11char_traitsIcESaIcEEE
FNDA:11,_ZN19MediaFileController12handleActionEi
FNF:15
FNH:12
DA:14,19
DA:17,4
DA:18,4
DA:19,4
DA:22,4
DA:23,4
DA:24,4
DA:27,4
DA:30,4
DA:32,8
DA:33,80
DA:34,16
DA:36,16
DA:38,16
DA:39,24
DA:40,4
DA:43,4
DA:44,4
DA:45,4
DA:46,4
DA:48,0
DA:49,8
DA:51,4
DA:52,4
DA:54,6
DA:56,6
DA:57,6
DA:58,6
DA:60,6
DA:61,1
DA:62,1
DA:63,1
DA:64,1
DA:65,1
DA:66,1
DA:67,3
DA:68,3
DA:71,3
DA:72,3
DA:73,0
DA:74,0
DA:77,3
DA:80,3
DA:82,12
DA:83,3
DA:84,3
DA:86,3
DA:89,3
DA:90,0
DA:91,0
DA:94,3
DA:95,3
DA:96,6
DA:97,3
DA:100,3
DA:101,6
DA:103,54
DA:104,270
DA:105,108
DA:107,54
DA:109,108
DA:110,594
DA:111,6
DA:113,3
DA:114,3
DA:115,3
DA:116,3
DA:117,3
DA:118,3
DA:119,3
DA:120,3
DA:121,3
DA:123,0
DA:125,3
DA:126,9
DA:128,1
DA:130,1
DA:131,1
DA:133,1
DA:134,1
DA:135,1
DA:140,2
DA:142,2
DA:143,2
DA:144,2
DA:152,2
DA:153,2
DA:155,2
DA:156,2
DA:158,4
DA:159,2
DA:164,2
DA:165,2
DA:166,4
DA:167,4
DA:168,4
DA:169,4
DA:171,4
DA:172,0
DA:173,0
DA:176,4
DA:177,4
DA:179,4
DA:180,3
DA:181,3
DA:182,3
DA:184,9
DA:185,6
DA:187,3
DA:190,3
DA:191,3
DA:192,1
DA:193,1
DA:194,1
DA:196,2
DA:197,1
DA:200,1
DA:201,1
DA:202,4
DA:203,4
DA:204,4
DA:205,4
DA:206,4
DA:208,4
DA:209,1
DA:210,1
DA:213,3
DA:214,3
DA:216,3
DA:217,1
DA:218,1
DA:219,1
DA:221,3
DA:222,2
DA:224,1
DA:227,1
DA:228,1
DA:229,2
DA:230,2
DA:231,2
DA:233,4
DA:234,2
DA:237,2
DA:238,2
DA:239,3
DA:240,2
DA:241,3
DA:242,2
DA:243,1
DA:246,1
DA:250,11
DA:251,11
DA:252,3
DA:253,3
DA:254,3
DA:257,8
DA:258,1
DA:259,1
DA:260,1
DA:266,1
DA:267,1
DA:268,0
DA:269,0
DA:272,1
DA:273,1
DA:275,1
DA:277,1
DA:278,2
DA:284,1
DA:285,1
DA:286,1
DA:287,1
DA:288,1
DA:289,1
DA:290,1
DA:291,1
DA:292,1
DA:293,0
DA:294,0
DA:295,0
DA:296,0
DA:297,1
DA:298,1
DA:299,1
DA:305,1
DA:306,1
DA:307,1
DA:308,1
DA:309,1
DA:310,1
DA:311,1
DA:315,1
DA:316,1
DA:317,2
DA:322,1
DA:323,1
DA:325,0
DA:327,1
DA:329,2
DA:330,2
DA:331,2
DA:337,2
DA:338,2
DA:339,2
DA:341,2
DA:342,0
DA:344,2
DA:345,2
DA:347,2
DA:348,0
DA:349,0
DA:352,2
DA:353,2
DA:354,2
DA:355,2
DA:356,2
DA:357,2
DA:360,0
DA:361,0
DA:362,0
DA:363,0
DA:365,0
DA:366,0
DA:367,0
DA:370,0
DA:371,0
DA:374,0
DA:375,0
DA:376,0
DA:377,0
DA:379,0
DA:381,0
DA:382,0
DA:383,0
DA:385,0
DA:386,0
DA:387,0
DA:388,0
DA:390,0
DA:391,0
DA:393,0
DA:394,0
DA:396,0
DA:397,0
DA:402,0
DA:403,0
DA:404,0
DA:405,0
DA:406,1
DA:407,1
DA:408,1
DA:409,1
DA:410,1
DA:411,1
DA:413,2
DA:414,2
DA:415,4
DA:416,2
DA:417,1
DA:418,1
DA:420,1
DA:421,1
DA:422,1
DA:423,1
DA:425,0
DA:426,0
DA:427,0
LF:267
LH:215
end_of_record
TN:
SF:/home/tandt/Documents/work/MOCK-project/src/controller/MetadataController.cpp
FN:234,_ZN18MetadataController13setCurrentTagEPN6TagLib3TagE
FN:239,_ZN18MetadataController18handleShowMetadataERKNSt7__cxx1112basic_stringIcSt11char_traitsIcESaIcEEE
FN:269,_ZN18MetadataController12handleActionEi
FN:294,_ZZN18MetadataController12handleActionEiENKUlRKNSt7__cxx1112basic_stringIcSt11char_traitsIcESaIcEEEE_clES7_
FN:302,_ZZN18MetadataController12handleActionEiENKUlRKNSt7__cxx1112basic_stringIcSt11char_traitsIcESaIcEEEE0_clES7_
FN:310,_ZZN18MetadataController12handleActionEiENKUlRKNSt7__cxx1112basic_stringIcSt11char_traitsIcESaIcEEEE1_clES7_
FN:318,_ZZN18MetadataController12handleActionEiENKUlRKNSt7__cxx1112basic_stringIcSt11char_traitsIcESaIcEEEE2_clES7_
FN:326,_ZZN18MetadataController12handleActionEiENKUlRKNSt7__cxx1112basic_stringIcSt11char_traitsIcESaIcEEEE3_clES7_
FN:361,_ZN18MetadataController12saveMetadataEv
FN:375,_ZN18MetadataController16handleEditActionERKNSt7__cxx1112basic_stringIcSt11char_traitsIcESaIcEEES7_St8functionIFvS7_EE
FN:386,_ZZN18MetadataController16handleEditActionERKNSt7__cxx1112basic_stringIcSt11char_traitsIcESaIcEEES7_St8functionIFvS7_EEENKUlvE_clEv
FN:401,_ZZN18MetadataController16handleEditActionERKNSt7__cxx1112basic_stringIcSt11char_traitsIcESaIcEEES7_St8functionIFvS7_EEENKUlN5ftxui5EventEE0_clESC_
FN:432,_ZZN18MetadataController16handleEditActionERKNSt7__cxx1112basic_stringIcSt11char_traitsIcESaIcEEES7_St8functionIFvS7_EEENKUlvE1_clEv
FN:440,_ZZN18MetadataController16handleEditActionERKNSt7__cxx1112basic_stringIcSt11char_traitsIcESaIcEEES7_St8functionIFvS7_EEENKUlN5ftxui5EventEE2_clESC_
FNDA:8,_ZZN18MetadataController16handleEditActionERKNSt7__cxx1112basic_stringIcSt11char_traitsIcESaIcEEES7_St8functionIFvS7_EEENKUlN5ftxui5EventEE2_clESC_
FNDA:7,_ZN18MetadataController16handleEditActionERKNSt7__cxx1112basic_stringIcSt11char_traitsIcESaIcEEES7_St8functionIFvS7_EE
FNDA:7,_ZN18MetadataController12saveMetadataEv
FNDA:1,_ZZN18MetadataController12handleActionEiENKUlRKNSt7__cxx1112basic_stringIcSt11char_traitsIcESaIcEEEE_clES7_
FNDA:6,_ZN18MetadataController12handleActionEi
FNDA:1,_ZZN18MetadataController12handleActionEiENKUlRKNSt7__cxx1112basic_stringIcSt11char_traitsIcESaIcEEEE3_clES7_
FNDA:1,_ZZN18MetadataController12handleActionEiENKUlRKNSt7__cxx1112basic_stringIcSt11char_traitsIcESaIcEEEE0_clES7_
FNDA:22,_ZZN18MetadataController16handleEditActionERKNSt7__cxx1112basic_stringIcSt11char_traitsIcESaIcEEES7_St8functionIFvS7_EEENKUlN5ftxui5EventEE0_clESC_
FNDA:14,_ZN18MetadataController18handleShowMetadataERKNSt7__cxx1112basic_stringIcSt11char_traitsIcESaIcEEE
FNDA:1,_ZZN18MetadataController12handleActionEiENKUlRKNSt7__cxx1112basic_stringIcSt11char_traitsIcESaIcEEEE2_clES7_
FNDA:1,_ZZN18MetadataController12handleActionEiENKUlRKNSt7__cxx1112basic_stringIcSt11char_traitsIcESaIcEEEE1_clES7_
FNDA:1,_ZN18MetadataController13setCurrentTagEPN6TagLib3TagE
FNDA:15,_ZZN18MetadataController16handleEditActionERKNSt7__cxx1112basic_stringIcSt11char_traitsIcESaIcEEES7_St8functionIFvS7_EEENKUlvE1_clEv
FNDA:29,_ZZN18MetadataController16handleEditActionERKNSt7__cxx1112basic_stringIcSt11char_traitsIcESaIcEEES7_St8functionIFvS7_EEENKUlvE_clEv
FNF:14
FNH:14
DA:234,1
DA:235,1
DA:236,1
DA:239,14
DA:240,14
DA:241,2
DA:245,14
DA:246,14
DA:247,14
DA:248,2
DA:249,2
DA:252,12
DA:253,12
DA:254,0
DA:257,12
DA:258,0
DA:262,12
DA:265,12
DA:266,12
DA:269,6
DA:270,6
DA:284,1
DA:287,6
DA:291,6
DA:292,1
DA:294,1
DA:295,1
DA:296,1
DA:297,1
DA:300,1
DA:302,1
DA:303,1
DA:304,1
DA:305,1
DA:308,1
DA:310,1
DA:311,1
DA:312,1
DA:313,1
DA:316,1
DA:318,1
DA:319,1
DA:320,1
DA:321,1
DA:324,1
DA:326,1
DA:327,1
DA:328,1
DA:329,1
DA:330,1
DA:333,1
DA:335,1
DA:336,2
DA:338,1
DA:339,0
DA:341,1
DA:342,1
DA:343,1
DA:344,1
DA:346,0
DA:347,0
DA:351,5
DA:352,5
DA:354,0
DA:357,5
DA:358,6
DA:361,7
DA:362,7
DA:363,2
DA:364,2
DA:368,5
DA:369,5
DA:375,7
DA:380,7
DA:381,7
DA:382,7
DA:385,14
DA:386,29
DA:387,348
DA:388,58
DA:390,58
DA:391,58
DA:393,58
DA:394,87
DA:395,14
DA:397,7
DA:398,7
DA:401,22
DA:402,22
DA:403,7
DA:404,6
DA:405,6
DA:407,16
DA:408,1
DA:409,1
DA:410,1
DA:412,15
DA:413,14
DA:415,7
DA:418,7
DA:419,5
DA:420,5
DA:421,5
DA:422,5
DA:423,2
DA:424,1
DA:425,1
DA:427,1
DA:428,1
DA:432,15
DA:433,105
DA:434,30
DA:436,30
DA:437,45
DA:438,7
DA:440,8
DA:441,8
DA:442,7
DA:443,7
DA:445,1
DA:446,14
DA:448,7
DA:449,7
DA:450,7
LF:124
LH:118
end_of_record
TN:
SF:/home/tandt/Documents/work/MOCK-project/src/controller/PlayingMediaController.cpp
FN:21,_Z13initializeSDLv
FN:34,_Z10cleanupSDLv
FN:44,_ZN22PlayingMediaController12handleActionEi
FN:91,_ZN22PlayingMediaController12adjustVolumeEi
FN:102,_ZN22PlayingMediaController4stopEv
FN:135,_ZN22PlayingMediaController10skipToNextEv
FN:154,_ZZN22PlayingMediaController10skipToNextEvENKUlRK9MediaFileE_clES2_
FN:169,_ZN22PlayingMediaController14skipToPreviousEv
FN:189,_ZZN22PlayingMediaController14skipToPreviousEvENKUlRK9MediaFileE_clES2_
FN:204,_ZN22PlayingMediaController13playMediaFileEP9MediaFile
FN:241,_ZZN22PlayingMediaController13playMediaFileEP9MediaFileENKUlvE_clEv
FN:264,_ZZN22PlayingMediaController13playMediaFileEP9MediaFileENKUlvE0_clEv
FN:282,_ZN22PlayingMediaController16startDisplayLoopEv
FN:299,_ZZN22PlayingMediaController16startDisplayLoopEvENKUlvE_clEv
FN:331,_ZN22PlayingMediaController12playPlaylistERSt6vectorI9MediaFileSaIS1_EE
FN:345,_ZNK22PlayingMediaController19getCurrentMediaFileEv
FN:350,_ZNK22PlayingMediaController18isCurrentlyPlayingEv
FN:355,_ZNK22PlayingMediaController23getCurrentPlaylistIndexEv
FN:360,_ZNK22PlayingMediaController18getCurrentPlaylistEv
FN:365,_ZN22PlayingMediaController19setCurrentMediaFileEP9MediaFile
FN:371,_ZN22PlayingMediaController12setIsPlayingEb
FN:377,_ZN22PlayingMediaController18setCurrentPlaylistEPSt6vectorI9MediaFileSaIS1_EE
FN:383,_ZN22PlayingMediaController23setCurrentPlaylistIndexEm
FN:389,_ZNK22PlayingMediaController12getTotalTimeEv
FN:394,_ZNK22PlayingMediaController14getCurrentTimeEv
FN:399,_ZNK22PlayingMediaController9getVolumeEv
FN:404,_ZN22PlayingMediaController18refreshPlayingViewEv
FN:419,_ZN22PlayingMediaController9playVideoERKNSt7__cxx1112basic_stringIcSt11char_traitsIcESaIcEEE
FNDA:1,_ZN22PlayingMediaController13playMediaFileEP9MediaFile
FNDA:0,_ZNK22PlayingMediaController9getVolumeEv
FNDA:0,_ZNK22PlayingMediaController19getCurrentMediaFileEv
FNDA:0,_ZN22PlayingMediaController23setCurrentPlaylistIndexEm
FNDA:0,_ZN22PlayingMediaController18setCurrentPlaylistEPSt6vectorI9MediaFileSaIS1_EE
FNDA:0,_ZZN22PlayingMediaController13playMediaFileEP9MediaFileENKUlvE_clEv
FNDA:0,_ZNK22PlayingMediaController18getCurrentPlaylistEv
FNDA:0,_ZNK22PlayingMediaController14getCurrentTimeEv
FNDA:0,_ZN22PlayingMediaController14skipToPreviousEv
FNDA:0,_ZN22PlayingMediaController12playPlaylistERSt6vectorI9MediaFileSaIS1_EE
FNDA:0,_ZNK22PlayingMediaController18isCurrentlyPlayingEv
FNDA:1,_ZN22PlayingMediaController4stopEv
FNDA:0,_ZN22PlayingMediaController19setCurrentMediaFileEP9MediaFile
FNDA:0,_ZN22PlayingMediaController10skipToNextEv
FNDA:0,_ZNK22PlayingMediaController23getCurrentPlaylistIndexEv
FNDA:0,_ZZN22PlayingMediaController10skipToNextEvENKUlRK9MediaFileE_clES2_
FNDA:0,_ZN22PlayingMediaController12setIsPlayingEb
FNDA:1,_Z13initializeSDLv
FNDA:0,_ZN22PlayingMediaController12adjustVolumeEi
FNDA:0,_ZN22PlayingMediaController9playVideoERKNSt7__cxx1112basic_stringIcSt11char_traitsIcESaIcEEE
FNDA:0,_ZZN22PlayingMediaController16startDisplayLoopEvENKUlvE_clEv
FNDA:0,_ZN22PlayingMediaController16startDisplayLoopEv
FNDA:0,_ZZN22PlayingMediaController14skipToPreviousEvENKUlRK9MediaFileE_clES2_
FNDA:0,_ZN22PlayingMediaController12handleActionEi
FNDA:0,_ZZN22PlayingMediaController13playMediaFileEP9MediaFileENKUlvE0_clEv
FNDA:0,_ZN22PlayingMediaController18refreshPlayingViewEv
FNDA:0,_Z10cleanupSDLv
FNDA:0,_ZNK22PlayingMediaController12getTotalTimeEv
FNF:28
FNH:3
DA:21,1
DA:22,1
DA:23,0
DA:24,0
DA:26,1
DA:27,0
DA:28,0
DA:30,1
DA:34,0
DA:35,0
DA:36,0
DA:37,0
DA:39,0
DA:40,0
DA:41,0
DA:44,0
DA:45,0
DA:46,0
DA:48,0
DA:49,0
DA:50,0
DA:51,0
DA:53,0
DA:54,0
DA:55,0
DA:57,0
DA:59,0
DA:61,0
DA:62,0
DA:63,0
DA:65,0
DA:66,0
DA:67,0
DA:70,0
DA:71,0
DA:72,0
DA:73,0
DA:75,0
DA:77,0
DA:78,0
DA:79,0
DA:81,0
DA:82,0
DA:83,0
DA:85,0
DA:86,0
DA:88,0
DA:91,0
DA:92,0
DA:93,0
DA:94,0
DA:97,0
DA:98,0
DA:102,1
DA:103,1
DA:105,0
DA:108,0
DA:109,0
DA:113,0
DA:114,0
DA:118,0
DA:119,0
DA:120,0
DA:124,0
DA:125,0
DA:126,0
DA:127,0
DA:128,0
DA:131,0
DA:135,0
DA:136,0
DA:139,0
DA:140,0
DA:141,0
DA:144,0
DA:145,0
DA:146,0
DA:147,0
DA:150,0
DA:151,0
DA:153,0
DA:154,0
DA:155,0
DA:156,0
DA:157,0
DA:159,0
DA:165,0
DA:169,0
DA:171,0
DA:174,0
DA:175,0
DA:176,0
DA:179,0
DA:180,0
DA:181,0
DA:182,0
DA:185,0
DA:186,0
DA:188,0
DA:189,0
DA:190,0
DA:191,0
DA:192,0
DA:194,0
DA:200,0
DA:204,1
DA:205,1
DA:206,0
DA:207,1
DA:211,1
DA:212,1
DA:215,1
DA:216,1
DA:217,1
DA:219,1
DA:220,1
DA:221,1
DA:222,0
DA:223,1
DA:228,1
DA:229,1
DA:230,1
DA:231,1
DA:235,0
DA:236,0
DA:237,0
DA:241,0
DA:242,0
DA:243,0
DA:244,0
DA:245,0
DA:247,0
DA:250,0
DA:251,0
DA:254,0
DA:255,0
DA:256,0
DA:259,0
DA:261,0
DA:263,0
DA:264,0
DA:265,0
DA:266,0
DA:270,0
DA:271,0
DA:272,0
DA:273,0
DA:274,0
DA:276,0
DA:277,0
DA:279,2
DA:282,0
DA:283,0
DA:285,0
DA:286,0
DA:287,0
DA:291,0
DA:292,0
DA:293,0
DA:294,0
DA:295,0
DA:299,0
DA:300,0
DA:302,0
DA:305,0
DA:306,0
DA:307,0
DA:312,0
DA:315,0
DA:317,0
DA:318,0
DA:319,0
DA:321,0
DA:322,0
DA:323,0
DA:327,0
DA:331,0
DA:332,0
DA:333,0
DA:335,0
DA:337,0
DA:338,0
DA:340,0
DA:342,0
DA:345,0
DA:346,0
DA:350,0
DA:351,0
DA:355,0
DA:356,0
DA:360,0
DA:361,0
DA:365,0
DA:366,0
DA:367,0
DA:368,0
DA:371,0
DA:372,0
DA:373,0
DA:374,0
DA:377,0
DA:378,0
DA:379,0
DA:380,0
DA:383,0
DA:384,0
DA:385,0
DA:386,0
DA:389,0
DA:390,0
DA:394,0
DA:395,0
DA:399,0
DA:400,0
DA:404,0
DA:405,0
DA:406,0
DA:407,0
DA:408,0
DA:409,0
DA:410,0
DA:416,0
DA:419,0
DA:421,0
DA:422,0
DA:423,0
DA:424,0
DA:428,0
DA:429,0
DA:430,0
DA:431,0
DA:435,0
DA:436,0
DA:437,0
DA:438,0
DA:439,0
DA:444,0
DA:445,0
DA:446,0
DA:447,0
DA:451,0
DA:452,0
DA:454,0
DA:456,0
DA:457,0
DA:458,0
DA:459,0
DA:463,0
DA:464,0
DA:465,0
DA:466,0
DA:467,0
DA:468,0
DA:472,0
DA:473,0
DA:474,0
DA:475,0
DA:476,0
DA:480,0
DA:481,0
DA:482,0
DA:483,0
DA:484,0
DA:488,0
DA:489,0
DA:490,0
DA:493,0
DA:494,0
DA:495,0
DA:496,0
DA:497,0
DA:498,0
DA:499,0
DA:500,0
DA:503,0
DA:504,0
DA:505,0
DA:507,0
DA:508,0
DA:510,0
DA:511,0
DA:512,0
DA:513,0
DA:514,0
DA:517,0
DA:518,0
DA:519,0
DA:524,0
DA:525,0
DA:526,0
DA:529,0
DA:531,0
DA:533,0
DA:535,0
DA:536,0
DA:537,0
DA:538,0
DA:539,0
DA:540,0
DA:542,0
DA:543,0
DA:544,0
DA:545,0
DA:546,0
DA:551,0
DA:553,0
DA:554,0
DA:555,0
DA:556,0
DA:559,0
DA:560,0
DA:561,0
DA:563,0
DA:565,0
DA:569,0
DA:570,0
DA:571,0
DA:572,0
DA:573,0
DA:574,0
DA:575,0
DA:576,0
DA:577,0
DA:578,0
DA:579,0
DA:580,0
DA:584,0
DA:588,0
DA:589,0
DA:590,0
DA:591,0
DA:592,0
DA:593,0
DA:594,0
DA:595,0
DA:596,0
DA:597,0
DA:598,0
DA:599,0
DA:600,0
DA:601,0
DA:602,0
LF:342
LH:23
end_of_record
TN:
SF:/home/tandt/Documents/work/MOCK-project/src/controller/PlaylistController.cpp
FN:549,_ZN18PlaylistControllerC2Ev
FN:554,_ZN18PlaylistController12handleActionEi
FN:565,_ZZN18PlaylistController12handleActionEiENKUlvE_clEv
FN:580,_ZZN18PlaylistController12handleActionEiENKUlN5ftxui5EventEE0_clES1_
FN:610,_ZZN18PlaylistController12handleActionEiENKUlvE1_clEv
FN:619,_ZZN18PlaylistController12handleActionEiENKUlN5ftxui5EventEE2_clES1_
FN:705,_ZN18PlaylistController14createPlaylistERKNSt7__cxx1112basic_stringIcSt11char_traitsIcESaIcEEE
FN:725,_ZN18PlaylistController14deletePlaylistEv
FN:764,_ZZN18PlaylistController14deletePlaylistEvENKUlvE_clEv
FN:775,_ZZN18PlaylistController14deletePlaylistEvENKUlN5ftxui5EventEE0_clES1_
FN:787,_ZN18PlaylistController19viewPlaylistDetailsERKNSt7__cxx1112basic_stringIcSt11char_traitsIcESaIcEEE
FN:806,_ZN18PlaylistController16listAllPlaylistsEv
FN:824,_ZN18PlaylistController12playPlaylistERKNSt7__cxx1112basic_stringIcSt11char_traitsIcESaIcEEE
FNDA:0,_ZZN18PlaylistController12handleActionEiENKUlN5ftxui5EventEE0_clES1_
FNDA:0,_ZN18PlaylistController14deletePlaylistEv
FNDA:0,_ZN18PlaylistController12handleActionEi
FNDA:0,_ZZN18PlaylistController14deletePlaylistEvENKUlN5ftxui5EventEE0_clES1_
FNDA:0,_ZZN18PlaylistController12handleActionEiENKUlN5ftxui5EventEE2_clES1_
FNDA:0,_ZZN18PlaylistController14deletePlaylistEvENKUlvE_clEv
FNDA:3,_ZN18PlaylistController14createPlaylistERKNSt7__cxx1112basic_stringIcSt11char_traitsIcESaIcEEE
FNDA:0,_ZZN18PlaylistController12handleActionEiENKUlvE1_clEv
FNDA:0,_ZN18PlaylistController19viewPlaylistDetailsERKNSt7__cxx1112basic_stringIcSt11char_traitsIcESaIcEEE
FNDA:0,_ZN18PlaylistController12playPlaylistERKNSt7__cxx1112basic_stringIcSt11char_traitsIcESaIcEEE
FNDA:0,_ZZN18PlaylistController12handleActionEiENKUlvE_clEv
FNDA:9,_ZN18PlaylistControllerC2Ev
FNDA:0,_ZN18PlaylistController16listAllPlaylistsEv
FNF:13
FNH:2
DA:549,9
DA:550,9
DA:551,9
DA:554,0
DA:555,0
DA:556,0
DA:558,0
DA:559,0
DA:560,0
DA:561,0
DA:564,0
DA:565,0
DA:566,0
DA:567,0
DA:569,0
DA:570,0
DA:572,0
DA:573,0
DA:574,0
DA:576,0
DA:577,0
DA:580,0
DA:581,0
DA:582,0
DA:583,0
DA:584,0
DA:586,0
DA:587,0
DA:588,0
DA:589,0
DA:591,0
DA:592,0
DA:594,0
DA:597,0
DA:598,0
DA:599,0
DA:600,0
DA:601,0
DA:602,0
DA:603,0
DA:605,0
DA:606,0
DA:610,0
DA:611,0
DA:612,0
DA:614,0
DA:615,0
DA:616,0
DA:619,0
DA:620,0
DA:621,0
DA:622,0
DA:624,0
DA:625,0
DA:627,0
DA:628,0
DA:629,0
DA:630,0
DA:631,0
DA:632,0
DA:634,0
DA:635,0
DA:636,0
DA:637,0
DA:639,0
DA:641,0
DA:642,0
DA:643,0
DA:644,0
DA:647,0
DA:649,0
DA:650,0
DA:652,0
DA:654,0
DA:655,0
DA:656,0
DA:657,0
DA:658,0
DA:659,0
DA:661,0
DA:662,0
DA:663,0
DA:664,0
DA:666,0
DA:667,0
DA:668,0
DA:669,0
DA:672,0
DA:673,0
DA:674,0
DA:675,0
DA:678,0
DA:679,0
DA:681,0
DA:682,0
DA:683,0
DA:684,0
DA:686,0
DA:688,0
DA:690,0
DA:691,0
DA:692,0
DA:693,0
DA:694,0
DA:695,0
DA:696,0
DA:698,0
DA:699,0
DA:700,0
DA:702,0
DA:705,3
DA:706,3
DA:709,3
DA:710,2
DA:711,2
DA:715,4
DA:716,1
DA:717,1
DA:718,1
DA:720,1
DA:722,3
DA:725,0
DA:726,0
DA:727,0
DA:729,0
DA:730,0
DA:731,0
DA:734,0
DA:735,0
DA:736,0
DA:737,0
DA:741,0
DA:742,0
DA:743,0
DA:744,0
DA:748,0
DA:749,0
DA:751,0
DA:752,0
DA:755,0
DA:756,0
DA:757,0
DA:758,0
DA:759,0
DA:760,0
DA:763,0
DA:764,0
DA:765,0
DA:766,0
DA:768,0
DA:770,0
DA:771,0
DA:772,0
DA:775,0
DA:776,0
DA:777,0
DA:778,0
DA:780,0
DA:781,0
DA:783,0
DA:784,0
DA:787,0
DA:788,0
DA:789,0
DA:791,0
DA:792,0
DA:793,0
DA:796,0
DA:797,0
DA:798,0
DA:799,0
DA:802,0
DA:806,0
DA:807,0
DA:808,0
DA:810,0
DA:811,0
DA:812,0
DA:815,0
DA:816,0
DA:817,0
DA:819,0
DA:824,0
DA:825,0
DA:826,0
DA:828,0
DA:829,0
DA:830,0
DA:833,0
DA:835,0
DA:836,0
DA:837,0
DA:841,0
DA:842,0
DA:844,0
DA:845,0
DA:847,0
DA:848,0
DA:849,0
DA:853,0
LF:200
LH:14
end_of_record
TN:
SF:/home/tandt/Documents/work/MOCK-project/src/hardware/HardwareController.cpp
FN:9,_ZN8HardwareC2ERKNSt7__cxx1112basic_stringIcSt11char_traitsIcESaIcEEEj
FN:19,_ZN8HardwareD2Ev
FN:27,_ZN8Hardware14startListeningEv
FN:44,_ZN8Hardware13handleCommandERNSt7__cxx1112basic_stringIcSt11char_traitsIcESaIcEEE
FNDA:0,_ZN8Hardware14startListeningEv
FNDA:0,_ZN8HardwareD2Ev
FNDA:0,_ZN8HardwareC2ERKNSt7__cxx1112basic_stringIcSt11char_traitsIcESaIcEEEj
FNDA:0,_ZN8Hardware13handleCommandERNSt7__cxx1112basic_stringIcSt11char_traitsIcESaIcEEE
FNF:4
FNH:0
DA:9,0
DA:10,0
DA:11,0
DA:12,0
DA:13,0
DA:14,0
DA:15,0
DA:16,0
DA:19,0
DA:20,0
DA:21,0
DA:22,0
DA:24,0
DA:27,0
DA:28,0
DA:32,0
DA:33,0
DA:34,0
DA:35,0
DA:36,0
DA:37,0
DA:38,0
DA:39,0
DA:40,0
DA:41,0
DA:44,0
DA:46,0
DA:47,0
DA:50,0
DA:51,0
DA:54,0
DA:55,0
DA:58,0
DA:61,0
DA:62,0
DA:63,0
DA:64,0
DA:65,0
DA:69,0
DA:70,0
DA:71,0
DA:72,0
DA:74,0
DA:76,0
DA:77,0
DA:79,0
DA:80,0
DA:82,0
DA:83,0
DA:84,0
DA:86,0
DA:87,0
DA:89,0
DA:91,0
DA:93,0
DA:96,0
DA:98,0
LF:57
LH:0
end_of_record
TN:
SF:/home/tandt/Documents/work/MOCK-project/src/model/ManagerModel.cpp
FN:6,_ZN12ManagerModelC2Ev
FN:12,_ZN12ManagerModel11getInstanceEv
FN:17,_ZN12ManagerModel15getMediaLibraryEv
FN:21,_ZN12ManagerModel18getPlaylistLibraryEv
FN:25,_ZN12ManagerModel15getPlayingMediaEv
FN:28,_ZN12ManagerModel11setInstanceEPS_
FNDA:49,_ZN12ManagerModel18getPlaylistLibraryEv
FNDA:0,_ZN12ManagerModel15getPlayingMediaEv
FNDA:2,_ZN12ManagerModel15getMediaLibraryEv
FNDA:43,_ZN12ManagerModelC2Ev
FNDA:52,_ZN12ManagerModel11getInstanceEv
FNDA:84,_ZN12ManagerModel11setInstanceEPS_
FNF:6
FNH:5
DA:6,43
DA:7,43
DA:8,43
DA:9,86
DA:10,43
DA:12,52
DA:13,52
DA:14,52
DA:17,2
DA:18,2
DA:21,49
DA:22,49
DA:25,0
DA:26,0
DA:28,84
DA:29,84
DA:30,84
LF:17
LH:15
end_of_record
TN:
SF:/home/tandt/Documents/work/MOCK-project/src/model/MediaFile.cpp
FN:5,_ZN9MediaFileC2Ev
FN:7,_ZN9MediaFileC2EiRKNSt7__cxx1112basic_stringIcSt11char_traitsIcESaIcEEES7_S7_
FN:10,_ZNK9MediaFile8getIndexEv
FN:14,_ZN9MediaFile8setIndexEi
FN:18,_ZNK9MediaFile7getNameB5cxx11Ev
FN:22,_ZNK9MediaFile7getPathB5cxx11Ev
FN:26,_ZNK9MediaFile7getTypeB5cxx11Ev
FN:30,_ZNK9MediaFile11getMetadataEv
FN:34,_ZN9MediaFile11setMetadataERK8Metadata
FN:38,_ZNK9MediaFile7getInfoB5cxx11Ev
FN:42,_ZNK9MediaFile11getDurationEv
FN:47,_ZNK9MediaFile7isAudioEv
FN:53,_ZNK9MediaFile7isVideoEv
FNDA:13,_ZNK9MediaFile7getNameB5cxx11Ev
FNDA:284,_ZNK9MediaFile7getPathB5cxx11Ev
FNDA:16,_ZNK9MediaFile8getIndexEv
FNDA:0,_ZNK9MediaFile7isVideoEv
FNDA:0,_ZN9MediaFile11setMetadataERK8Metadata
FNDA:0,_ZNK9MediaFile11getDurationEv
FNDA:0,_ZNK9MediaFile7getInfoB5cxx11Ev
FNDA:0,_ZNK9MediaFile11getMetadataEv
FNDA:0,_ZNK9MediaFile7getTypeB5cxx11Ev
FNDA:0,_ZN9MediaFile8setIndexEi
FNDA:0,_ZN9MediaFileC2Ev
FNDA:0,_ZNK9MediaFile7isAudioEv
FNDA:209,_ZN9MediaFileC2EiRKNSt7__cxx1112basic_stringIcSt11char_traitsIcESaIcEEES7_S7_
FNF:13
FNH:4
DA:5,0
DA:7,209
DA:8,209
DA:10,16
DA:11,16
DA:14,0
DA:15,0
DA:16,0
DA:18,13
DA:19,13
DA:22,284
DA:23,284
DA:26,0
DA:27,0
DA:30,0
DA:31,0
DA:34,0
DA:35,0
DA:36,0
DA:38,0
DA:39,0
DA:42,0
DA:44,0
DA:47,0
DA:48,0
DA:49,0
DA:50,0
DA:51,0
DA:53,0
DA:54,0
DA:55,0
DA:56,0
DA:57,0
LF:33
LH:8
end_of_record
TN:
SF:/home/tandt/Documents/work/MOCK-project/src/model/MediaLibrary.cpp
FN:7,_ZN12MediaLibrary12addMediaFileERK9MediaFile
FN:11,_ZNK12MediaLibrary13getTotalPagesEi
FN:15,_ZNK12MediaLibrary20getMediaFilesForPageEii
FN:21,_ZN12MediaLibrary13scanDirectoryERKNSt7__cxx1112basic_stringIcSt11char_traitsIcESaIcEEE
FN:45,_ZN12MediaLibrary13getMediaFilesEv
FN:51,_ZN12MediaLibrary13scanUSBDeviceEv
FNDA:0,_ZN12MediaLibrary13scanUSBDeviceEv
FNDA:2,_ZN12MediaLibrary13getMediaFilesEv
FNDA:0,_ZNK12MediaLibrary13getTotalPagesEi
FNDA:0,_ZN12MediaLibrary13scanDirectoryERKNSt7__cxx1112basic_stringIcSt11char_traitsIcESaIcEEE
FNDA:0,_ZNK12MediaLibrary20getMediaFilesForPageEii
FNDA:0,_ZN12MediaLibrary12addMediaFileERK9MediaFile
FNF:6
FNH:1
DA:7,0
DA:8,0
DA:9,0
DA:11,0
DA:12,0
DA:15,0
DA:16,0
DA:17,0
DA:18,0
DA:21,0
DA:23,0
DA:25,0
DA:26,0
DA:27,0
DA:28,0
DA:30,0
DA:31,0
DA:32,0
DA:33,0
DA:34,0
DA:38,0
DA:39,0
DA:40,0
DA:41,0
DA:42,0
DA:43,0
DA:45,2
DA:46,2
DA:51,0
DA:52,0
DA:53,0
LF:31
LH:2
end_of_record
TN:
SF:/home/tandt/Documents/work/MOCK-project/src/model/Metadata.cpp
FN:3,_ZNK8Metadata11getMetadataB5cxx11Ev
FN:7,_ZN8Metadata7setDataERKSt13unordered_mapINSt7__cxx1112basic_stringIcSt11char_traitsIcESaIcEEES6_St4hashIS6_ESt8equal_toIS6_ESaISt4pairIKS6_S6_EEE
FN:11,_ZNK8Metadata8getValueERKNSt7__cxx1112basic_stringIcSt11char_traitsIcESaIcEEE
FN:18,_ZN8Metadata8setValueERKNSt7__cxx1112basic_stringIcSt11char_traitsIcESaIcEEES7_
FN:21,_ZN8Metadata15convertTagToMapB5cxx11EPN6TagLib3TagEPNS0_15AudioPropertiesE
FNDA:0,_ZN8Metadata7setDataERKSt13unordered_mapINSt7__cxx1112basic_stringIcSt11char_traitsIcESaIcEEES6_St4hashIS6_ESt8equal_toIS6_ESaISt4pairIKS6_S6_EEE
FNDA:0,_ZNK8Metadata11getMetadataB5cxx11Ev
FNDA:0,_ZNK8Metadata8getValueERKNSt7__cxx1112basic_stringIcSt11char_traitsIcESaIcEEE
FNDA:12,_ZN8Metadata15convertTagToMapB5cxx11EPN6TagLib3TagEPNS0_15AudioPropertiesE
FNDA:0,_ZN8Metadata8setValueERKNSt7__cxx1112basic_stringIcSt11char_traitsIcESaIcEEES7_
FNF:5
FNH:1
DA:3,0
DA:4,0
DA:7,0
DA:8,0
DA:9,0
DA:11,0
DA:12,0
DA:13,0
DA:15,0
DA:18,0
DA:19,0
DA:20,0
DA:21,12
DA:22,12
DA:24,12
DA:25,12
DA:26,12
DA:27,12
DA:28,12
DA:29,12
DA:30,12
DA:33,12
DA:34,12
DA:35,12
DA:36,12
DA:37,12
DA:39,0
DA:40,0
DA:41,0
DA:42,0
DA:45,12
DA:46,0
LF:32
LH:15
end_of_record
TN:
SF:/home/tandt/Documents/work/MOCK-project/src/model/PlayingMediaModel.cpp
FN:3,_ZN17PlayingMediaModelC2Ev
FN:7,_ZN17PlayingMediaModelD2Ev
FN:13,_ZNK17PlayingMediaModel12getIsRunningEv
FN:17,_ZN17PlayingMediaModel12setIsRunningEb
FN:21,_ZNK17PlayingMediaModel12getIsPlayingEv
FN:25,_ZN17PlayingMediaModel12setIsPlayingEb
FN:29,_ZNK17PlayingMediaModel19getCurrentMediaFileEv
FN:33,_ZN17PlayingMediaModel19setCurrentMediaFileEP9MediaFile
FN:37,_ZNK17PlayingMediaModel15getCurrentMusicEv
FN:41,_ZN17PlayingMediaModel15setCurrentMusicEP10_Mix_Music
FN:45,_ZNK17PlayingMediaModel9getVolumeEv
FN:49,_ZN17PlayingMediaModel9setVolumeEi
FN:53,_ZNK17PlayingMediaModel14getCurrentTimeEv
FN:57,_ZN17PlayingMediaModel14setCurrentTimeEi
FN:61,_ZNK17PlayingMediaModel11getDurationEv
FN:65,_ZN17PlayingMediaModel11setDurationEi
FN:69,_ZN17PlayingMediaModel5resetEv
FNDA:0,_ZNK17PlayingMediaModel12getIsRunningEv
FNDA:0,_ZNK17PlayingMediaModel12getIsPlayingEv
FNDA:0,_ZNK17PlayingMediaModel14getCurrentTimeEv
FNDA:0,_ZN17PlayingMediaModel14setCurrentTimeEi
FNDA:43,_ZN17PlayingMediaModelD2Ev
FNDA:0,_ZN17PlayingMediaModel19setCurrentMediaFileEP9MediaFile
FNDA:0,_ZNK17PlayingMediaModel19getCurrentMediaFileEv
FNDA:0,_ZN17PlayingMediaModel12setIsPlayingEb
FNDA:0,_ZN17PlayingMediaModel9setVolumeEi
FNDA:0,_ZN17PlayingMediaModel12setIsRunningEb
FNDA:0,_ZNK17PlayingMediaModel11getDurationEv
FNDA:0,_ZN17PlayingMediaModel5resetEv
FNDA:0,_ZNK17PlayingMediaModel15getCurrentMusicEv
FNDA:43,_ZN17PlayingMediaModelC2Ev
FNDA:0,_ZN17PlayingMediaModel11setDurationEi
FNDA:0,_ZN17PlayingMediaModel15setCurrentMusicEP10_Mix_Music
FNDA:0,_ZNK17PlayingMediaModel9getVolumeEv
FNF:17
FNH:2
DA:3,43
DA:4,43
DA:5,43
DA:7,43
DA:8,43
DA:9,0
DA:11,43
DA:13,0
DA:14,0
DA:17,0
DA:18,0
DA:19,0
DA:21,0
DA:22,0
DA:25,0
DA:26,0
DA:27,0
DA:29,0
DA:30,0
DA:33,0
DA:34,0
DA:35,0
DA:37,0
DA:38,0
DA:41,0
DA:42,0
DA:43,0
DA:45,0
DA:46,0
DA:49,0
DA:50,0
DA:51,0
DA:53,0
DA:54,0
DA:57,0
DA:58,0
DA:59,0
DA:61,0
DA:62,0
DA:65,0
DA:66,0
DA:67,0
DA:69,0
DA:70,0
DA:71,0
DA:72,0
DA:73,0
DA:75,0
DA:76,0
DA:77,0
DA:78,0
DA:79,0
LF:52
LH:6
end_of_record
TN:
SF:/home/tandt/Documents/work/MOCK-project/src/model/Playlist.cpp
FN:5,_ZN8PlaylistC2ERKNSt7__cxx1112basic_stringIcSt11char_traitsIcESaIcEEE
FN:12,_ZNK8Playlist7getNameB5cxx11Ev
FN:16,_ZNK8Playlist8getSongsEv
FN:20,_ZN8Playlist7setNameERKNSt7__cxx1112basic_stringIcSt11char_traitsIcESaIcEEE
FN:27,_ZN8Playlist7addSongERK9MediaFile
FN:35,_ZN8Playlist10removeSongERK9MediaFile
FN:37,_ZZN8Playlist10removeSongERK9MediaFileENKUlS2_E_clES2_
FN:47,_ZNK8Playlist12containsSongERK9MediaFile
FN:49,_ZZNK8Playlist12containsSongERK9MediaFileENKUlS2_E_clES2_
FN:54,_ZN8Playlist10updateSongERK9MediaFileS2_
FN:56,_ZZN8Playlist10updateSongERK9MediaFileS2_ENKUlS2_E_clES2_
FN:66,_ZNK8Playlist7getInfoB5cxx11Ev
FNDA:0,_ZZN8Playlist10removeSongERK9MediaFileENKUlS2_E_clES2_
FNDA:0,_ZNK8Playlist7getInfoB5cxx11Ev
FNDA:188,_ZNK8Playlist12containsSongERK9MediaFile
FNDA:0,_ZN8Playlist10removeSongERK9MediaFile
FNDA:238,_ZN8PlaylistC2ERKNSt7__cxx1112basic_stringIcSt11char_traitsIcESaIcEEE
FNDA:0,_ZN8Playlist10updateSongERK9MediaFileS2_
FNDA:0,_ZZN8Playlist10updateSongERK9MediaFileS2_ENKUlS2_E_clES2_
FNDA:141,_ZZNK8Playlist12containsSongERK9MediaFileENKUlS2_E_clES2_
FNDA:188,_ZN8Playlist7addSongERK9MediaFile
FNDA:0,_ZNK8Playlist8getSongsEv
FNDA:0,_ZN8Playlist7setNameERKNSt7__cxx1112basic_stringIcSt11char_traitsIcESaIcEEE
FNDA:0,_ZNK8Playlist7getNameB5cxx11Ev
FNF:12
FNH:4
DA:5,238
DA:6,238
DA:7,0
DA:9,238
DA:10,238
DA:12,0
DA:13,0
DA:16,0
DA:17,0
DA:20,0
DA:21,0
DA:22,0
DA:24,0
DA:25,0
DA:27,188
DA:28,188
DA:29,188
DA:31,0
DA:33,188
DA:35,0
DA:36,0
DA:37,0
DA:38,0
DA:40,0
DA:41,0
DA:43,0
DA:45,0
DA:47,188
DA:48,188
DA:49,141
DA:50,141
DA:51,188
DA:54,0
DA:55,0
DA:56,0
DA:57,0
DA:59,0
DA:60,0
DA:61,0
DA:63,0
DA:66,0
DA:67,0
DA:68,0
DA:69,0
DA:71,0
DA:72,0
DA:73,0
DA:76,0
DA:77,0
LF:49
LH:13
end_of_record
TN:
SF:/home/tandt/Documents/work/MOCK-project/src/model/PlaylistLibrary.cpp
FN:9,_ZN15PlaylistLibrary12getPlaylistsEv
FN:13,_ZN15PlaylistLibrary11addPlaylistERK8Playlist
FN:17,_ZN15PlaylistLibrary14removePlaylistERKNSt7__cxx1112basic_stringIcSt11char_traitsIcESaIcEEE
FN:19,_ZZN15PlaylistLibrary14removePlaylistERKNSt7__cxx1112basic_stringIcSt11char_traitsIcESaIcEEEENKUlRK8PlaylistE_clESA_
FN:25,_ZN15PlaylistLibrary17getPlaylistByNameERKNSt7__cxx1112basic_stringIcSt11char_traitsIcESaIcEEE
FN:35,_ZNK15PlaylistLibrary10saveToFileERKNSt7__cxx1112basic_stringIcSt11char_traitsIcESaIcEEE
FN:53,_ZN15PlaylistLibrary12loadFromFileERKNSt7__cxx1112basic_stringIcSt11char_traitsIcESaIcEEE
FNDA:47,_ZN15PlaylistLibrary12loadFromFileERKNSt7__cxx1112basic_stringIcSt11char_traitsIcESaIcEEE
FNDA:2,_ZN15PlaylistLibrary12getPlaylistsEv
FNDA:0,_ZN15PlaylistLibrary11addPlaylistERK8Playlist
FNDA:0,_ZN15PlaylistLibrary17getPlaylistByNameERKNSt7__cxx1112basic_stringIcSt11char_traitsIcESaIcEEE
FNDA:0,_ZNK15PlaylistLibrary10saveToFileERKNSt7__cxx1112basic_stringIcSt11char_traitsIcESaIcEEE
FNDA:0,_ZZN15PlaylistLibrary14removePlaylistERKNSt7__cxx1112basic_stringIcSt11char_traitsIcESaIcEEEENKUlRK8PlaylistE_clESA_
FNDA:0,_ZN15PlaylistLibrary14removePlaylistERKNSt7__cxx1112basic_stringIcSt11char_traitsIcESaIcEEE
FNF:7
FNH:2
DA:9,2
DA:10,2
DA:13,0
DA:14,0
DA:15,0
DA:17,0
DA:18,0
DA:19,0
DA:20,0
DA:22,0
DA:23,0
DA:25,0
DA:26,0
DA:27,0
DA:28,0
DA:31,0
DA:35,0
DA:36,0
DA:37,0
DA:38,0
DA:41,0
DA:42,0
DA:43,0
DA:44,0
DA:46,0
DA:49,0
DA:50,0
DA:53,47
DA:54,47
DA:55,47
DA:56,0
DA:59,47
DA:60,47
DA:61,47
DA:63,705
DA:64,658
DA:65,0
DA:68,658
DA:69,235
DA:70,423
DA:71,235
DA:73,188
DA:74,188
DA:76,188
DA:77,188
DA:79,188
DA:82,47
DA:83,47
LF:48
LH:21
end_of_record
TN:
SF:/home/tandt/Documents/work/MOCK-project/src/view/DefaultScreenView.cpp
FN:4,_ZN17DefaultScreenView8showMenuEv
FNDA:0,_ZN17DefaultScreenView8showMenuEv
FNF:1
FNH:0
DA:4,0
DA:5,0
DA:6,0
DA:7,0
LF:4
LH:0
end_of_record
TN:
SF:/home/tandt/Documents/work/MOCK-project/src/view/ManagerView.cpp
FN:5,_ZN11ManagerViewC2Ev
FN:6,_ZN11ManagerViewD0Ev
FN:6,_ZN11ManagerViewD2Ev
FN:15,_ZN11ManagerView11getInstanceEv
FN:20,_ZN11ManagerView12registerViewERKNSt7__cxx1112basic_stringIcSt11char_traitsIcESaIcEEEP8BaseView
FN:24,_ZN11ManagerView7setViewERKNSt7__cxx1112basic_stringIcSt11char_traitsIcESaIcEEE
FN:34,_ZNK11ManagerView7getViewEv
FN:38,_ZNK11ManagerView17getCurrentViewKeyB5cxx11Ev
FN:42,_ZN11ManagerView12switchScreenEP8BaseView
FNDA:0,_ZNK11ManagerView17getCurrentViewKeyB5cxx11Ev
FNDA:10,_ZN11ManagerView12registerViewERKNSt7__cxx1112basic_stringIcSt11char_traitsIcESaIcEEEP8BaseView
FNDA:48,_ZN11ManagerViewD2Ev
FNDA:0,_ZN11ManagerView12switchScreenEP8BaseView
FNDA:0,_ZNK11ManagerView7getViewEv
FNDA:48,_ZN11ManagerViewC2Ev
FNDA:50,_ZN11ManagerView11getInstanceEv
FNDA:0,_ZN11ManagerViewD0Ev
FNDA:2,_ZN11ManagerView7setViewERKNSt7__cxx1112basic_stringIcSt11char_traitsIcESaIcEEE
FNF:9
FNH:5
DA:5,48
DA:6,48
DA:7,53
DA:8,5
DA:9,5
DA:10,5
DA:13,48
DA:15,50
DA:16,50
DA:17,50
DA:20,10
DA:21,10
DA:22,10
DA:24,2
DA:25,2
DA:26,2
DA:27,2
DA:30,0
DA:32,2
DA:34,0
DA:35,0
DA:38,0
DA:39,0
DA:42,0
DA:43,0
DA:44,0
LF:26
LH:18
end_of_record
TN:
SF:/home/tandt/Documents/work/MOCK-project/src/view/MediaFileView.cpp
FN:7,_ZNK13MediaFileView18getSelectedMediaIDEv
FN:11,_ZN13MediaFileView18setSelectedMediaIDEi
FN:15,_ZN13MediaFileView8showMenuEv
FN:24,_ZN13MediaFileView17displayMediaFilesERKSt6vectorINSt7__cxx1112basic_stringIcSt11char_traitsIcESaIcEEESaIS6_EEiRKS6_
FN:26,_ZZN13MediaFileView17displayMediaFilesERKSt6vectorINSt7__cxx1112basic_stringIcSt11char_traitsIcESaIcEEESaIS6_EEiRKS6_ENKUlvE_clEv
FN:35,_ZZN13MediaFileView17displayMediaFilesERKSt6vectorINSt7__cxx1112basic_stringIcSt11char_traitsIcESaIcEEESaIS6_EEiRKS6_ENKUlN5ftxui5EventEE0_clESE_
FN:53,_ZZN13MediaFileView17displayMediaFilesERKSt6vectorINSt7__cxx1112basic_stringIcSt11char_traitsIcESaIcEEESaIS6_EEiRKS6_ENKUlvE1_clEv
FN:72,_ZZN13MediaFileView17displayMediaFilesERKSt6vectorINSt7__cxx1112basic_stringIcSt11char_traitsIcESaIcEEESaIS6_EEiRKS6_ENKUlN5ftxui5EventEE2_clESE_
FN:128,_ZN13MediaFileView17displayPaginationEii
FN:132,_ZN13MediaFileView20promptDirectoryInputB5cxx11Ev
FN:140,_ZZN13MediaFileView20promptDirectoryInputB5cxx11EvENKUlvE_clEv
FN:152,_ZZN13MediaFileView20promptDirectoryInputB5cxx11EvENKUlN5ftxui5EventEE0_clES1_
FN:173,_ZN13MediaFileView14showOptionScanEv
FN:190,_ZZN13MediaFileView14showOptionScanEvENKUlvE_clEv
FN:202,_ZZN13MediaFileView14showOptionScanEvENKUlN5ftxui5EventEE0_clES1_
FNDA:0,_ZZN13MediaFileView14showOptionScanEvENKUlvE_clEv
FNDA:0,_ZN13MediaFileView8showMenuEv
FNDA:0,_ZZN13MediaFileView17displayMediaFilesERKSt6vectorINSt7__cxx1112basic_stringIcSt11char_traitsIcESaIcEEESaIS6_EEiRKS6_ENKUlN5ftxui5EventEE2_clESE_
FNDA:0,_ZN13MediaFileView14showOptionScanEv
FNDA:0,_ZZN13MediaFileView20promptDirectoryInputB5cxx11EvENKUlN5ftxui5EventEE0_clES1_
FNDA:0,_ZN13MediaFileView20promptDirectoryInputB5cxx11Ev
FNDA:0,_ZZN13MediaFileView20promptDirectoryInputB5cxx11EvENKUlvE_clEv
FNDA:0,_ZZN13MediaFileView17displayMediaFilesERKSt6vectorINSt7__cxx1112basic_stringIcSt11char_traitsIcESaIcEEESaIS6_EEiRKS6_ENKUlvE1_clEv
FNDA:0,_ZN13MediaFileView18setSelectedMediaIDEi
FNDA:0,_ZN13MediaFileView17displayMediaFilesERKSt6vectorINSt7__cxx1112basic_stringIcSt11char_traitsIcESaIcEEESaIS6_EEiRKS6_
FNDA:0,_ZZN13MediaFileView17displayMediaFilesERKSt6vectorINSt7__cxx1112basic_stringIcSt11char_traitsIcESaIcEEESaIS6_EEiRKS6_ENKUlN5ftxui5EventEE0_clESE_
FNDA:0,_ZN13MediaFileView17displayPaginationEii
FNDA:0,_ZZN13MediaFileView17displayMediaFilesERKSt6vectorINSt7__cxx1112basic_stringIcSt11char_traitsIcESaIcEEESaIS6_EEiRKS6_ENKUlvE_clEv
FNDA:0,_ZNK13MediaFileView18getSelectedMediaIDEv
FNDA:0,_ZZN13MediaFileView14showOptionScanEvENKUlN5ftxui5EventEE0_clES1_
FNF:15
FNH:0
DA:7,0
DA:8,0
DA:11,0
DA:12,0
DA:13,0
DA:15,0
DA:19,0
DA:21,0
DA:22,0
DA:24,0
DA:25,0
DA:26,0
DA:27,0
DA:28,0
DA:30,0
DA:31,0
DA:32,0
DA:34,0
DA:35,0
DA:36,0
DA:37,0
DA:38,0
DA:40,0
DA:41,0
DA:43,0
DA:44,0
DA:45,0
DA:47,0
DA:49,0
DA:51,0
DA:53,0
DA:54,0
DA:55,0
DA:57,0
DA:59,0
DA:61,0
DA:63,0
DA:66,0
DA:67,0
DA:69,0
DA:70,0
DA:72,0
DA:73,0
DA:74,0
DA:75,0
DA:76,0
DA:78,0
DA:81,0
DA:82,0
DA:83,0
DA:84,0
DA:87,0
DA:88,0
DA:89,0
DA:90,0
DA:93,0
DA:94,0
DA:95,0
DA:96,0
DA:97,0
DA:98,0
DA:100,0
DA:102,0
DA:103,0
DA:105,0
DA:107,0
DA:108,0
DA:109,0
DA:112,0
DA:113,0
DA:115,0
DA:116,0
DA:117,0
DA:118,0
DA:121,0
DA:122,0
DA:124,0
DA:126,0
DA:128,0
DA:129,0
DA:130,0
DA:132,0
DA:133,0
DA:134,0
DA:136,0
DA:138,0
DA:140,0
DA:141,0
DA:142,0
DA:144,0
DA:146,0
DA:147,0
DA:148,0
DA:149,0
DA:150,0
DA:152,0
DA:153,0
DA:155,0
DA:156,0
DA:157,0
DA:158,0
DA:159,0
DA:160,0
DA:161,0
DA:163,0
DA:164,0
DA:166,0
DA:168,0
DA:169,0
DA:173,0
DA:178,0
DA:180,0
DA:182,0
DA:183,0
DA:184,0
DA:186,0
DA:188,0
DA:190,0
DA:191,0
DA:192,0
DA:194,0
DA:196,0
DA:198,0
DA:199,0
DA:200,0
DA:202,0
DA:203,0
DA:204,0
DA:205,0
DA:206,0
DA:209,0
DA:210,0
DA:211,0
DA:212,0
DA:213,0
DA:214,0
DA:215,0
DA:217,0
DA:218,0
DA:222,0
DA:223,0
DA:224,0
DA:225,0
DA:226,0
DA:227,0
DA:229,0
DA:230,0
DA:234,0
DA:235,0
DA:236,0
DA:239,0
DA:240,0
DA:242,0
DA:244,0
DA:245,0
LF:155
LH:0
end_of_record
TN:
SF:/home/tandt/Documents/work/MOCK-project/src/view/MetadataView.cpp
FN:6,_ZN12MetadataView8showMenuEv
FN:14,_ZN12MetadataView15displayMetadataERKSt3mapINSt7__cxx1112basic_stringIcSt11char_traitsIcESaIcEEES6_St4lessIS6_ESaISt4pairIKS6_S6_EEE
FN:46,_ZZN12MetadataView15displayMetadataERKSt3mapINSt7__cxx1112basic_stringIcSt11char_traitsIcESaIcEEES6_St4lessIS6_ESaISt4pairIKS6_S6_EEEENKUlvE_clEv
FN:57,_ZZN12MetadataView15displayMetadataERKSt3mapINSt7__cxx1112basic_stringIcSt11char_traitsIcESaIcEEES6_St4lessIS6_ESaISt4pairIKS6_S6_EEEENKUlN5ftxui5EventEE0_clESH_
FNDA:0,_ZZN12MetadataView15displayMetadataERKSt3mapINSt7__cxx1112basic_stringIcSt11char_traitsIcESaIcEEES6_St4lessIS6_ESaISt4pairIKS6_S6_EEEENKUlvE_clEv
FNDA:0,_ZN12MetadataView8showMenuEv
FNDA:0,_ZZN12MetadataView15displayMetadataERKSt3mapINSt7__cxx1112basic_stringIcSt11char_traitsIcESaIcEEES6_St4lessIS6_ESaISt4pairIKS6_S6_EEEENKUlN5ftxui5EventEE0_clESH_
FNDA:0,_ZN12MetadataView15displayMetadataERKSt3mapINSt7__cxx1112basic_stringIcSt11char_traitsIcESaIcEEES6_St4lessIS6_ESaISt4pairIKS6_S6_EEE
FNF:4
FNH:0
DA:6,0
DA:10,0
DA:11,0
DA:12,0
DA:14,0
DA:16,0
DA:18,0
DA:19,0
DA:20,0
DA:21,0
DA:22,0
DA:25,0
DA:26,0
DA:27,0
DA:29,0
DA:30,0
DA:31,0
DA:33,0
DA:34,0
DA:35,0
DA:36,0
DA:40,0
DA:41,0
DA:42,0
DA:44,0
DA:46,0
DA:47,0
DA:48,0
DA:50,0
DA:52,0
DA:53,0
DA:54,0
DA:56,0
DA:57,0
DA:58,0
DA:59,0
DA:60,0
DA:62,0
DA:63,0
DA:65,0
DA:66,0
LF:41
LH:0
end_of_record
TN:
SF:/home/tandt/Documents/work/MOCK-project/src/view/PlayingView.cpp
FN:7,_ZN11PlayingView8showMenuEv
FN:24,_ZN11PlayingView18displayPlayingViewERKNSt7__cxx1112basic_stringIcSt11char_traitsIcESaIcEEEiii
FN:55,_ZN11PlayingView17updateProgressBarEii
FN:79,_ZN11PlayingView9clearViewEv
FNDA:0,_ZN11PlayingView9clearViewEv
FNDA:0,_ZN11PlayingView18displayPlayingViewERKNSt7__cxx1112basic_stringIcSt11char_traitsIcESaIcEEEiii
FNDA:0,_ZN11PlayingView8showMenuEv
FNDA:0,_ZN11PlayingView17updateProgressBarEii
FNF:4
FNH:0
DA:7,0
DA:8,0
DA:9,0
DA:10,0
DA:11,0
DA:12,0
DA:13,0
DA:14,0
DA:15,0
DA:16,0
DA:18,0
DA:20,0
DA:24,0
DA:25,0
DA:26,0
DA:27,0
DA:28,0
DA:29,0
DA:31,0
DA:32,0
DA:33,0
DA:34,0
DA:36,0
DA:39,0
DA:41,0
DA:43,0
DA:44,0
DA:45,0
DA:46,0
DA:47,0
DA:48,0
DA:49,0
DA:50,0
DA:51,0
DA:52,0
DA:55,0
DA:56,0
DA:57,0
DA:59,0
DA:60,0
DA:61,0
DA:62,0
DA:64,0
DA:65,0
DA:66,0
DA:67,0
DA:69,0
DA:72,0
DA:73,0
DA:74,0
DA:75,0
DA:76,0
DA:77,0
DA:79,0
DA:80,0
DA:81,0
LF:56
LH:0
end_of_record
TN:
SF:/home/tandt/Documents/work/MOCK-project/src/view/PlaylistView.cpp
FN:6,_ZN12PlaylistView8showMenuEv
FN:15,_ZNK12PlaylistView15getSelectedPathB5cxx11Ev
FN:20,_ZN12PlaylistView15setSelectedPathERKNSt7__cxx1112basic_stringIcSt11char_traitsIcESaIcEEE
FN:25,_ZNK12PlaylistView21getSelectedPlaylistIDEv
FN:29,_ZN12PlaylistView21setSelectedPlaylistIDEi
FN:33,_ZNK12PlaylistView23getSelectedPlaylistNameB5cxx11Ev
FN:36,_ZN12PlaylistView23setSelectedPlaylistNameENSt7__cxx1112basic_stringIcSt11char_traitsIcESaIcEEE
FN:40,_ZN12PlaylistView16displayPlaylistsERKSt6vectorI8PlaylistSaIS1_EE
FN:68,_ZZN12PlaylistView16displayPlaylistsERKSt6vectorI8PlaylistSaIS1_EEENKUlvE_clEv
FN:79,_ZZN12PlaylistView16displayPlaylistsERKSt6vectorI8PlaylistSaIS1_EEENKUlN5ftxui5EventEE0_clES7_
FN:104,_ZN12PlaylistView22displayPlaylistDetailsERK8Playlist
FN:108,_ZZN12PlaylistView22displayPlaylistDetailsERK8PlaylistENKUlvE_clEv
FN:117,_ZZN12PlaylistView22displayPlaylistDetailsERK8PlaylistENKUlN5ftxui5EventEE0_clES4_
FN:139,_ZZN12PlaylistView22displayPlaylistDetailsERK8PlaylistENKUlvE1_clEv
FN:151,_ZZN12PlaylistView22displayPlaylistDetailsERK8PlaylistENKUlN5ftxui5EventEE2_clES4_
FNDA:0,_ZZN12PlaylistView22displayPlaylistDetailsERK8PlaylistENKUlN5ftxui5EventEE2_clES4_
FNDA:0,_ZN12PlaylistView23setSelectedPlaylistNameENSt7__cxx1112basic_stringIcSt11char_traitsIcESaIcEEE
FNDA:0,_ZNK12PlaylistView23getSelectedPlaylistNameB5cxx11Ev
FNDA:0,_ZZN12PlaylistView16displayPlaylistsERKSt6vectorI8PlaylistSaIS1_EEENKUlN5ftxui5EventEE0_clES7_
FNDA:0,_ZN12PlaylistView15setSelectedPathERKNSt7__cxx1112basic_stringIcSt11char_traitsIcESaIcEEE
FNDA:0,_ZN12PlaylistView21setSelectedPlaylistIDEi
FNDA:0,_ZN12PlaylistView8showMenuEv
FNDA:0,_ZZN12PlaylistView16displayPlaylistsERKSt6vectorI8PlaylistSaIS1_EEENKUlvE_clEv
FNDA:0,_ZZN12PlaylistView22displayPlaylistDetailsERK8PlaylistENKUlN5ftxui5EventEE0_clES4_
FNDA:0,_ZZN12PlaylistView22displayPlaylistDetailsERK8PlaylistENKUlvE1_clEv
FNDA:0,_ZNK12PlaylistView15getSelectedPathB5cxx11Ev
FNDA:0,_ZN12PlaylistView16displayPlaylistsERKSt6vectorI8PlaylistSaIS1_EE
FNDA:0,_ZNK12PlaylistView21getSelectedPlaylistIDEv
FNDA:0,_ZN12PlaylistView22displayPlaylistDetailsERK8Playlist
FNDA:0,_ZZN12PlaylistView22displayPlaylistDetailsERK8PlaylistENKUlvE_clEv
FNF:15
FNH:0
DA:6,0
DA:11,0
DA:12,0
DA:13,0
DA:15,0
DA:16,0
DA:20,0
DA:21,0
DA:22,0
DA:25,0
DA:26,0
DA:29,0
DA:30,0
DA:31,0
DA:33,0
DA:34,0
DA:36,0
DA:37,0
DA:38,0
DA:40,0
DA:41,0
DA:42,0
DA:43,0
DA:46,0
DA:47,0
DA:48,0
DA:50,0
DA:51,0
DA:52,0
DA:54,0
DA:55,0
DA:56,0
DA:58,0
DA:59,0
DA:60,0
DA:62,0
DA:64,0
DA:66,0
DA:68,0
DA:69,0
DA:70,0
DA:72,0
DA:74,0
DA:76,0
DA:77,0
DA:79,0
DA:80,0
DA:81,0
DA:82,0
DA:83,0
DA:85,0
DA:88,0
DA:89,0
DA:90,0
DA:91,0
DA:92,0
DA:93,0
DA:95,0
DA:98,0
DA:99,0
DA:101,0
DA:102,0
DA:104,0
DA:105,0
DA:107,0
DA:108,0
DA:109,0
DA:110,0
DA:112,0
DA:113,0
DA:114,0
DA:116,0
DA:117,0
DA:118,0
DA:119,0
DA:120,0
DA:122,0
DA:123,0
DA:125,0
DA:126,0
DA:127,0
DA:129,0
DA:130,0
DA:131,0
DA:134,0
DA:135,0
DA:137,0
DA:139,0
DA:140,0
DA:141,0
DA:143,0
DA:145,0
DA:146,0
DA:147,0
DA:148,0
DA:150,0
DA:151,0
DA:153,0
DA:154,0
DA:155,0
DA:156,0
DA:157,0
DA:159,0
DA:162,0
DA:163,0
DA:164,0
DA:165,0
DA:166,0
DA:168,0
DA:171,0
DA:172,0
DA:173,0
DA:174,0
DA:177,0
DA:178,0
DA:180,0
DA:181,0
LF:117
LH:0
end_of_record
