TN:
SF:/home/kist/Documents/workspace/MOCK-project/include/common/BaseController.h
FN:10,10,_ZN14BaseControllerD0Ev
FN:10,10,_ZN14BaseControllerD2Ev
FNDA:0,_ZN14BaseControllerD0Ev
FNDA:107,_ZN14BaseControllerD2Ev
FNF:2
FNH:1
DA:10,107
LF:1
LH:1
end_of_record
TN:
SF:/home/kist/Documents/workspace/MOCK-project/include/common/BaseView.h
FN:17,17,_ZN8BaseViewD0Ev
FN:17,17,_ZN8BaseViewD2Ev
FNDA:0,_ZN8BaseViewD0Ev
FNDA:60,_ZN8BaseViewD2Ev
FNF:2
FNH:1
DA:17,60
LF:1
LH:1
end_of_record
TN:
SF:/home/kist/Documents/workspace/MOCK-project/include/controller/DefaultScreenController.h
FN:16,22,_ZN23DefaultScreenControllerC2EP17ManagerControllerb
FNDA:20,_ZN23DefaultScreenControllerC2EP17ManagerControllerb
FNF:1
FNH:1
BRDA:17,0,0,20
BRDA:17,0,1,0
BRDA:20,0,0,-
BRDA:20,e0,1,-
BRF:4
BRH:1
DA:16,20
DA:17,20
DA:18,20
DA:20,0
DA:22,20
LF:5
LH:4
end_of_record
TN:
SF:/home/kist/Documents/workspace/MOCK-project/include/controller/ManagerController.h
FN:44,46,_ZN17ManagerController11setInstanceEPS_
FNDA:46,_ZN17ManagerController11setInstanceEPS_
FNF:1
FNH:1
DA:44,46
DA:45,46
DA:46,46
LF:3
LH:3
end_of_record
TN:
SF:/home/kist/Documents/workspace/MOCK-project/include/model/Metadata.h
FN:17,17,_ZN8MetadataC2Ev
FNDA:119,_ZN8MetadataC2Ev
FNF:1
FNH:1
DA:17,119
LF:1
LH:1
end_of_record
TN:
SF:/home/kist/Documents/workspace/MOCK-project/include/view/ManagerView.h
FN:27,29,_ZN11ManagerView11setInstanceEPS_
FNDA:32,_ZN11ManagerView11setInstanceEPS_
FNF:1
FNH:1
DA:27,32
DA:28,32
DA:29,32
LF:3
LH:3
end_of_record
TN:
SF:/home/kist/Documents/workspace/MOCK-project/src/common/Exception.cpp
FN:116,129,_ZN9Exception26getValidatedInput_FilePathENSt7__cxx1112basic_stringIcSt11char_traitsIcESaIcEEE
FN:12,16,_ZN9Exception20checkStringMaxLengthENSt7__cxx1112basic_stringIcSt11char_traitsIcESaIcEEEmS5_
FN:19,23,_ZN9Exception13checkIntRangeEiiiNSt7__cxx1112basic_stringIcSt11char_traitsIcESaIcEEE
FN:26,29,_ZN9Exception26validateInputDefaultScreenEi
FN:32,35,_ZN9Exception26validateInputMediaFileViewEi
FN:38,41,_ZN9Exception23validateInputOptionScanEi
FN:44,47,_ZN9Exception25validateInputMetadataViewEi
FN:5,9,_ZN9Exception19checkStringNotEmptyENSt7__cxx1112basic_stringIcSt11char_traitsIcESaIcEEES5_
FN:50,53,_ZN9Exception25validateInputPlaylistViewEi
FN:56,59,_ZN9Exception24validateInputPlayingViewEi
FN:62,68,_ZN9Exception18checkInputFilePathERKNSt7__cxx1112basic_stringIcSt11char_traitsIcESaIcEEE
FN:71,79,_ZN9Exception19checkInputValidTypeEv
FN:82,94,_ZN9Exception24getValidatedInput_StringENSt7__cxx1112basic_stringIcSt11char_traitsIcESaIcEEESt8functionIFbS5_EE
FN:97,113,_ZN9Exception21getValidatedInput_IntENSt7__cxx1112basic_stringIcSt11char_traitsIcESaIcEEESt8functionIFbiEE
FNDA:0,_ZN9Exception26getValidatedInput_FilePathENSt7__cxx1112basic_stringIcSt11char_traitsIcESaIcEEE
FNDA:0,_ZN9Exception20checkStringMaxLengthENSt7__cxx1112basic_stringIcSt11char_traitsIcESaIcEEEmS5_
FNDA:0,_ZN9Exception13checkIntRangeEiiiNSt7__cxx1112basic_stringIcSt11char_traitsIcESaIcEEE
FNDA:0,_ZN9Exception26validateInputDefaultScreenEi
FNDA:0,_ZN9Exception26validateInputMediaFileViewEi
FNDA:0,_ZN9Exception23validateInputOptionScanEi
FNDA:0,_ZN9Exception25validateInputMetadataViewEi
FNDA:0,_ZN9Exception19checkStringNotEmptyENSt7__cxx1112basic_stringIcSt11char_traitsIcESaIcEEES5_
FNDA:0,_ZN9Exception25validateInputPlaylistViewEi
FNDA:0,_ZN9Exception24validateInputPlayingViewEi
FNDA:0,_ZN9Exception18checkInputFilePathERKNSt7__cxx1112basic_stringIcSt11char_traitsIcESaIcEEE
FNDA:0,_ZN9Exception19checkInputValidTypeEv
FNDA:0,_ZN9Exception24getValidatedInput_StringENSt7__cxx1112basic_stringIcSt11char_traitsIcESaIcEEESt8functionIFbS5_EE
FNDA:0,_ZN9Exception21getValidatedInput_IntENSt7__cxx1112basic_stringIcSt11char_traitsIcESaIcEEESt8functionIFbiEE
FNF:14
FNH:0
BRDA:6,0,0,-
BRDA:6,0,1,-
BRDA:7,0,0,-
BRDA:7,e0,1,-
BRDA:7,0,2,-
BRDA:7,e0,3,-
BRDA:13,0,0,-
BRDA:13,0,1,-
BRDA:14,0,0,-
BRDA:14,e0,1,-
BRDA:14,0,2,-
BRDA:14,e0,3,-
BRDA:14,0,4,-
BRDA:14,e0,5,-
BRDA:14,0,6,-
BRDA:14,e0,7,-
BRDA:14,0,8,-
BRDA:14,e0,9,-
BRDA:20,0,0,-
BRDA:20,0,1,-
BRDA:20,0,2,-
BRDA:20,0,3,-
BRDA:21,0,0,-
BRDA:21,e0,1,-
BRDA:21,0,2,-
BRDA:21,e0,3,-
BRDA:21,0,4,-
BRDA:21,e0,5,-
BRDA:21,0,6,-
BRDA:21,e0,7,-
BRDA:21,0,8,-
BRDA:21,e0,9,-
BRDA:21,0,10,-
BRDA:21,e0,11,-
BRDA:27,0,0,-
BRDA:27,e0,1,-
BRDA:27,0,2,-
BRDA:27,e0,3,-
BRDA:33,0,0,-
BRDA:33,e0,1,-
BRDA:33,0,2,-
BRDA:33,e0,3,-
BRDA:39,0,0,-
BRDA:39,e0,1,-
BRDA:39,0,2,-
BRDA:39,e0,3,-
BRDA:45,0,0,-
BRDA:45,e0,1,-
BRDA:45,0,2,-
BRDA:45,e0,3,-
BRDA:51,0,0,-
BRDA:51,e0,1,-
BRDA:51,0,2,-
BRDA:51,e0,3,-
BRDA:57,0,0,-
BRDA:57,e0,1,-
BRDA:57,0,2,-
BRDA:57,e0,3,-
BRDA:63,0,0,-
BRDA:63,e0,1,-
BRDA:64,0,0,-
BRDA:64,0,1,-
BRDA:65,0,0,-
BRDA:65,e0,1,-
BRDA:67,0,0,-
BRDA:67,e0,1,-
BRDA:72,0,0,-
BRDA:72,0,1,-
BRDA:86,0,0,-
BRDA:86,e0,1,-
BRDA:87,0,0,-
BRDA:87,e0,1,-
BRDA:88,0,0,-
BRDA:88,e0,1,-
BRDA:88,0,2,-
BRDA:88,e0,3,-
BRDA:90,0,0,0
BRDA:90,0,1,0
BRDA:91,0,0,0
BRDA:91,e0,1,0
BRDA:91,0,2,0
BRDA:91,e0,3,0
BRDA:91,0,4,0
BRDA:91,e0,5,0
BRDA:101,0,0,-
BRDA:101,e0,1,-
BRDA:102,0,0,-
BRDA:102,e0,1,-
BRDA:103,0,0,-
BRDA:103,e0,1,-
BRDA:103,0,2,-
BRDA:103,0,3,-
BRDA:104,0,0,-
BRDA:104,e0,1,-
BRDA:105,0,0,-
BRDA:105,e0,1,-
BRDA:107,0,0,0
BRDA:107,0,1,0
BRDA:108,0,0,0
BRDA:108,e0,1,0
BRDA:108,0,2,0
BRDA:108,e0,3,0
BRDA:108,0,4,0
BRDA:108,e0,5,0
BRDA:109,0,0,0
BRDA:109,e0,1,0
BRDA:110,0,0,0
BRDA:110,e0,1,0
BRDA:120,0,0,-
BRDA:120,e0,1,-
BRDA:121,0,0,-
BRDA:121,e0,1,-
BRDA:122,0,0,-
BRDA:122,e0,1,-
BRDA:124,0,0,0
BRDA:124,0,1,0
BRDA:125,0,0,0
BRDA:125,e0,1,0
BRDA:125,0,2,0
BRDA:125,e0,3,0
BRDA:125,0,4,0
BRDA:125,e0,5,0
BRDA:126,0,0,0
BRDA:126,e0,1,0
BRF:124
BRH:0
DA:5,0
DA:6,0
DA:7,0
DA:9,0
DA:12,0
DA:13,0
DA:14,0
DA:16,0
DA:19,0
DA:20,0
DA:21,0
DA:23,0
DA:26,0
DA:27,0
DA:28,0
DA:32,0
DA:33,0
DA:34,0
DA:38,0
DA:39,0
DA:40,0
DA:44,0
DA:45,0
DA:46,0
DA:50,0
DA:51,0
DA:52,0
DA:56,0
DA:57,0
DA:58,0
DA:62,0
DA:63,0
DA:64,0
DA:65,0
DA:67,0
DA:68,0
DA:71,0
DA:72,0
DA:73,0
DA:74,0
DA:75,0
DA:76,0
DA:78,0
DA:82,0
DA:83,0
DA:86,0
DA:87,0
DA:88,0
DA:89,0
DA:90,0
DA:91,0
DA:92,0
DA:93,0
DA:94,0
DA:97,0
DA:101,0
DA:102,0
DA:103,0
DA:104,0
DA:105,0
DA:106,0
DA:107,0
DA:108,0
DA:109,0
DA:110,0
DA:111,0
DA:112,0
DA:116,0
DA:117,0
DA:120,0
DA:121,0
DA:122,0
DA:123,0
DA:124,0
DA:125,0
DA:126,0
DA:127,0
DA:128,0
DA:129,0
LF:79
LH:0
end_of_record
TN:
SF:/home/kist/Documents/workspace/MOCK-project/src/common/MenuRenderer.cpp
FN:11,74,_ZN12MenuRenderer6renderEv
FN:19,29,_ZZN12MenuRenderer6renderEvENKUlvE_clEv
FN:31,69,_ZZN12MenuRenderer6renderEvENKUlN5ftxui5EventEE_clES1_
FN:8,9,_ZN12MenuRendererC2ERKNSt7__cxx1112basic_stringIcSt11char_traitsIcESaIcEEERKSt6vectorIS5_SaIS5_EERKS8_IiSaIiEE
FNDA:0,_ZN12MenuRenderer6renderEv
FNDA:0,_ZZN12MenuRenderer6renderEvENKUlvE_clEv
FNDA:0,_ZZN12MenuRenderer6renderEvENKUlN5ftxui5EventEE_clES1_
FNDA:0,_ZN12MenuRendererC2ERKNSt7__cxx1112basic_stringIcSt11char_traitsIcESaIcEEERKSt6vectorIS5_SaIS5_EERKS8_IiSaIiEE
FNF:4
FNH:0
BRDA:9,0,0,-
BRDA:9,e0,1,-
BRDA:9,0,2,-
BRDA:9,e0,3,-
BRDA:16,0,0,-
BRDA:16,e0,1,-
BRDA:16,0,2,-
BRDA:16,e0,3,-
BRDA:16,0,4,-
BRDA:16,e0,5,-
BRDA:17,0,0,-
BRDA:17,e0,1,-
BRDA:21,0,0,-
BRDA:21,e0,1,-
BRDA:21,0,2,-
BRDA:21,e0,3,-
BRDA:23,0,0,-
BRDA:23,e0,1,-
BRDA:25,0,0,-
BRDA:25,e0,1,-
BRDA:25,0,2,-
BRDA:25,e0,3,-
BRDA:25,0,4,-
BRDA:25,e0,5,-
BRDA:27,0,0,-
BRDA:27,e0,1,-
BRDA:27,0,2,-
BRDA:27,e0,3,-
BRDA:27,0,4,-
BRDA:27,e0,5,-
BRDA:27,0,6,-
BRDA:27,e0,7,-
BRDA:27,0,8,-
BRDA:27,e0,9,-
BRDA:28,0,0,-
BRDA:28,e0,1,-
BRDA:28,0,2,-
BRDA:28,e0,3,-
BRDA:28,0,4,-
BRDA:28,0,5,-
BRDA:28,0,6,-
BRDA:28,0,7,-
BRDA:29,0,0,-
BRDA:29,e0,1,-
BRDA:29,0,2,-
BRDA:29,e0,3,-
BRDA:29,0,4,-
BRDA:29,e0,5,-
BRDA:29,0,6,-
BRDA:29,e0,7,-
BRDA:29,0,8,-
BRDA:29,e0,9,-
BRDA:29,0,10,-
BRDA:29,e0,11,-
BRDA:29,0,12,-
BRDA:29,e0,13,-
BRDA:29,0,14,-
BRDA:29,e0,15,-
BRDA:29,0,16,-
BRDA:29,e0,17,-
BRDA:29,0,18,-
BRDA:29,0,19,-
BRDA:29,0,20,-
BRDA:29,0,21,-
BRDA:31,0,0,-
BRDA:31,e0,1,-
BRDA:31,0,2,-
BRDA:31,e0,3,-
BRDA:32,0,0,-
BRDA:32,0,1,-
BRDA:34,0,0,-
BRDA:34,e0,1,-
BRDA:34,0,2,-
BRDA:34,e0,3,-
BRDA:38,0,0,-
BRDA:38,0,1,-
BRDA:38,0,2,-
BRDA:38,e0,3,-
BRDA:38,0,4,-
BRDA:38,e0,5,-
BRDA:38,0,6,-
BRDA:38,0,7,-
BRDA:38,0,8,-
BRDA:38,0,9,-
BRDA:38,0,10,-
BRDA:38,0,11,-
BRDA:38,0,12,-
BRDA:38,0,13,-
BRDA:39,0,0,-
BRDA:39,e0,1,-
BRDA:39,0,2,-
BRDA:39,e0,3,-
BRDA:40,0,0,-
BRDA:40,e0,1,-
BRDA:41,0,0,-
BRDA:41,0,1,-
BRDA:43,0,0,-
BRDA:43,e0,1,-
BRDA:43,0,2,-
BRDA:43,e0,3,-
BRDA:46,0,0,-
BRDA:46,e0,1,-
BRDA:51,0,0,-
BRDA:51,0,1,-
BRDA:51,0,2,-
BRDA:51,0,3,-
BRDA:51,0,4,-
BRDA:51,0,5,-
BRDA:52,0,0,-
BRDA:52,e0,1,-
BRDA:52,0,2,-
BRDA:52,e0,3,-
BRDA:56,0,0,-
BRDA:56,0,1,-
BRDA:56,0,2,-
BRDA:56,0,3,-
BRDA:56,0,4,-
BRDA:56,0,5,-
BRDA:56,0,6,-
BRDA:56,0,7,-
BRDA:58,0,0,-
BRDA:58,0,1,-
BRDA:58,0,2,-
BRDA:58,0,3,-
BRDA:58,0,4,-
BRDA:58,0,5,-
BRDA:60,0,0,-
BRDA:60,e0,1,-
BRDA:60,0,2,-
BRDA:60,e0,3,-
BRDA:71,0,0,-
BRDA:71,e0,1,-
BRF:132
BRH:0
DA:8,0
DA:9,0
DA:11,0
DA:12,0
DA:13,0
DA:14,0
DA:16,0
DA:17,0
DA:19,0
DA:20,0
DA:21,0
DA:23,0
DA:25,0
DA:27,0
DA:28,0
DA:29,0
DA:31,0
DA:32,0
DA:33,0
DA:34,0
DA:35,0
DA:38,0
DA:39,0
DA:40,0
DA:41,0
DA:42,0
DA:43,0
DA:44,0
DA:46,0
DA:47,0
DA:51,0
DA:52,0
DA:53,0
DA:56,0
DA:57,0
DA:58,0
DA:59,0
DA:60,0
DA:61,0
DA:63,0
DA:64,0
DA:68,0
DA:69,0
DA:71,0
DA:73,0
DA:74,0
LF:46
LH:0
end_of_record
TN:
SF:/home/kist/Documents/workspace/MOCK-project/src/common/TerminalUtils.cpp
FN:4,10,_Z13clearTerminalv
FNDA:13,_Z13clearTerminalv
FNF:1
FNH:1
DA:4,13
DA:8,13
DA:10,13
LF:3
LH:3
end_of_record
TN:
SF:/home/kist/Documents/workspace/MOCK-project/src/controller/DefaultScreenController.cpp
FN:96,98,_ZN23DefaultScreenControllerC2Ev
FN:99,158,_ZN23DefaultScreenController12handleActionEi
FNDA:8,_ZN23DefaultScreenControllerC2Ev
FNDA:16,_ZN23DefaultScreenController12handleActionEi
FNF:2
FNH:2
BRDA:97,0,0,8
BRDA:97,e0,1,0
BRDA:100,0,0,4
BRDA:100,0,1,4
BRDA:100,0,2,4
BRDA:100,0,3,4
BRDA:104,0,0,4
BRDA:104,e0,1,0
BRDA:104,0,2,4
BRDA:104,e0,3,0
BRDA:104,0,4,4
BRDA:104,0,5,0
BRDA:107,0,0,4
BRDA:107,e0,1,0
BRDA:107,0,2,4
BRDA:107,e0,3,0
BRDA:111,0,0,4
BRDA:111,0,1,0
BRDA:123,0,0,4
BRDA:123,e0,1,0
BRDA:123,0,2,4
BRDA:123,e0,3,0
BRDA:123,0,4,4
BRDA:123,0,5,0
BRDA:126,0,0,4
BRDA:126,e0,1,0
BRDA:126,0,2,4
BRDA:126,e0,3,0
BRDA:130,0,0,4
BRDA:130,0,1,0
BRDA:139,0,0,4
BRDA:139,e0,1,0
BRDA:139,0,2,4
BRDA:139,e0,3,0
BRDA:139,0,4,4
BRDA:139,0,5,0
BRDA:145,0,0,0
BRDA:145,0,1,4
BRF:38
BRH:21
DA:96,8
DA:97,8
DA:98,8
DA:99,16
DA:100,16
DA:101,4
DA:103,4
DA:104,12
DA:107,8
DA:110,4
DA:111,4
DA:114,4
DA:115,4
DA:116,4
DA:117,4
DA:118,4
DA:120,4
DA:122,4
DA:123,12
DA:126,8
DA:129,4
DA:130,4
DA:133,4
DA:134,4
DA:135,4
DA:137,4
DA:138,4
DA:139,12
DA:142,4
DA:145,4
DA:146,0
DA:151,4
DA:154,4
DA:155,4
DA:156,4
DA:158,16
LF:36
LH:35
end_of_record
TN:
SF:/home/kist/Documents/workspace/MOCK-project/src/controller/ManagerController.cpp
FN:112,134,_ZN17ManagerController3runEb
FN:16,26,_ZN17ManagerControllerC2Ev
FN:29,31,_ZN17ManagerController14getManagerViewEv
FN:34,36,_ZN17ManagerController15getManagerModelEv
FN:40,46,_ZNK17ManagerController13getControllerERKNSt7__cxx1112basic_stringIcSt11char_traitsIcESaIcEEE
FN:54,59,_ZN17ManagerControllerD2Ev
FN:62,65,_ZN17ManagerController11getInstanceEv
FN:68,70,_ZN17ManagerController18registerControllerERKNSt7__cxx1112basic_stringIcSt11char_traitsIcESaIcEEEP14BaseController
FN:73,109,_ZN17ManagerController15initializeViewsEv
FNDA:0,_ZN17ManagerController3runEb
FNDA:27,_ZN17ManagerControllerC2Ev
FNDA:9,_ZN17ManagerController14getManagerViewEv
FNDA:9,_ZN17ManagerController15getManagerModelEv
FNDA:24,_ZNK17ManagerController13getControllerERKNSt7__cxx1112basic_stringIcSt11char_traitsIcESaIcEEE
FNDA:27,_ZN17ManagerControllerD2Ev
FNDA:51,_ZN17ManagerController11getInstanceEv
FNDA:40,_ZN17ManagerController18registerControllerERKNSt7__cxx1112basic_stringIcSt11char_traitsIcESaIcEEEP14BaseController
FNDA:8,_ZN17ManagerController15initializeViewsEv
FNF:9
FNH:8
BRDA:17,0,0,27
BRDA:17,e0,1,0
BRDA:18,0,0,27
BRDA:18,e0,1,0
BRDA:21,0,0,27
BRDA:21,e0,1,0
BRDA:21,0,2,27
BRDA:21,e0,3,0
BRDA:21,0,4,27
BRDA:21,e0,5,0
BRDA:22,0,0,27
BRDA:22,e0,1,0
BRDA:23,0,0,0
BRDA:23,0,1,0
BRDA:24,0,0,0
BRDA:24,e0,1,0
BRDA:24,0,2,0
BRDA:24,e0,3,0
BRDA:24,0,4,0
BRDA:24,e0,5,0
BRDA:41,0,0,24
BRDA:41,e0,1,0
BRDA:42,0,0,20
BRDA:42,0,1,4
BRDA:55,0,0,20
BRDA:55,0,1,27
BRDA:56,0,0,20
BRDA:56,0,1,0
BRDA:63,0,0,4
BRDA:63,0,1,47
BRDA:63,0,2,4
BRDA:63,0,3,0
BRDA:63,0,4,4
BRDA:63,e0,5,0
BRDA:63,0,6,0
BRDA:63,0,7,0
BRDA:79,0,0,8
BRDA:79,e0,1,0
BRDA:79,0,2,0
BRDA:79,0,3,0
BRDA:80,0,0,8
BRDA:80,e0,1,0
BRDA:80,0,2,8
BRDA:80,e0,3,0
BRDA:81,0,0,8
BRDA:81,e0,1,0
BRDA:81,0,2,8
BRDA:81,e0,3,0
BRDA:85,0,0,8
BRDA:85,e0,1,0
BRDA:85,0,2,0
BRDA:85,0,3,0
BRDA:86,0,0,8
BRDA:86,e0,1,0
BRDA:86,0,2,8
BRDA:86,e0,3,0
BRDA:87,0,0,8
BRDA:87,e0,1,0
BRDA:87,0,2,8
BRDA:87,e0,3,0
BRDA:91,0,0,8
BRDA:91,e0,1,0
BRDA:91,0,2,0
BRDA:91,0,3,0
BRDA:92,0,0,8
BRDA:92,e0,1,0
BRDA:92,0,2,8
BRDA:92,e0,3,0
BRDA:93,0,0,8
BRDA:93,e0,1,0
BRDA:93,0,2,8
BRDA:93,e0,3,0
BRDA:97,0,0,8
BRDA:97,e0,1,0
BRDA:97,0,2,0
BRDA:97,0,3,0
BRDA:98,0,0,8
BRDA:98,e0,1,0
BRDA:98,0,2,8
BRDA:98,e0,3,0
BRDA:99,0,0,8
BRDA:99,e0,1,0
BRDA:99,0,2,8
BRDA:99,e0,3,0
BRDA:104,0,0,8
BRDA:104,e0,1,0
BRDA:104,0,2,8
BRDA:104,e0,3,0
BRDA:105,0,0,8
BRDA:105,e0,1,0
BRDA:105,0,2,8
BRDA:105,e0,3,0
BRDA:108,0,0,8
BRDA:108,e0,1,0
BRDA:108,0,2,8
BRDA:108,e0,3,0
BRDA:120,0,0,-
BRDA:120,e0,1,-
BRDA:123,0,0,-
BRDA:123,e0,1,-
BRDA:123,0,2,-
BRDA:123,e0,3,-
BRDA:127,0,0,-
BRDA:127,e0,1,-
BRDA:128,0,0,-
BRDA:128,0,1,-
BRDA:128,0,2,-
BRDA:128,0,3,-
BRDA:128,0,4,-
BRDA:128,0,5,-
BRDA:129,0,0,-
BRDA:129,e0,1,-
BRDA:131,0,0,-
BRDA:131,e0,1,-
BRDA:131,0,2,-
BRDA:131,e0,3,-
BRDA:131,0,4,-
BRDA:131,e0,5,-
BRF:118
BRH:42
DA:16,27
DA:17,27
DA:18,54
DA:21,54
DA:22,27
DA:23,0
DA:24,0
DA:25,0
DA:26,27
DA:29,9
DA:30,9
DA:34,9
DA:35,9
DA:40,24
DA:41,24
DA:42,24
DA:43,20
DA:45,4
DA:54,27
DA:55,47
DA:56,20
DA:58,27
DA:59,27
DA:62,51
DA:63,51
DA:64,51
DA:68,40
DA:69,40
DA:70,40
DA:73,8
DA:75,8
DA:78,8
DA:79,8
DA:80,16
DA:81,8
DA:84,8
DA:85,8
DA:86,16
DA:87,8
DA:90,8
DA:91,8
DA:92,16
DA:93,8
DA:96,8
DA:97,8
DA:98,16
DA:99,8
DA:102,8
DA:103,8
DA:104,16
DA:105,8
DA:108,16
DA:109,8
DA:112,0
DA:114,0
DA:116,0
DA:120,0
DA:123,0
DA:127,0
DA:128,0
DA:129,0
DA:131,0
DA:133,0
LF:63
LH:50
end_of_record
TN:
SF:/home/kist/Documents/workspace/MOCK-project/src/controller/MediaFileController.cpp
FN:118,128,_ZZN19MediaFileController16handleActionScanEiENKUlvE_clEv
FN:131,155,_ZZN19MediaFileController16handleActionScanEiENKUlN5ftxui5EventEE_clES1_
FN:14,14,_ZN19MediaFileControllerC2Ev
FN:17,54,_ZN19MediaFileController13scanDirectoryERKNSt7__cxx1112basic_stringIcSt11char_traitsIcESaIcEEE
FN:171,192,_ZN19MediaFileController19scanAndDisplayMediaEv
FN:195,230,_ZN19MediaFileController8nextPageEv
FN:233,268,_ZN19MediaFileController12previousPageEv
FN:271,278,_ZN19MediaFileController11getPathByIdB5cxx11ERKSt6vectorI9MediaFileSaIS1_EEi
FN:281,464,_ZN19MediaFileController12handleActionEi
FN:34,42,_ZZN19MediaFileController13scanDirectoryERKNSt7__cxx1112basic_stringIcSt11char_traitsIcESaIcEEEENKUlvE_clEv
FN:374,374,_ZZN19MediaFileController12handleActionEiENKUlRK9MediaFileE_clES2_
FN:410,418,_ZZN19MediaFileController12handleActionEiENKUlvE_clEv
FN:420,426,_ZZN19MediaFileController12handleActionEiENKUlN5ftxui5EventEE_clES1_
FN:45,51,_ZZN19MediaFileController13scanDirectoryERKNSt7__cxx1112basic_stringIcSt11char_traitsIcESaIcEEEENKUlN5ftxui5EventEE_clES9_
FN:56,168,_ZN19MediaFileController16handleActionScanEi
FNDA:0,_ZZN19MediaFileController16handleActionScanEiENKUlvE_clEv
FNDA:0,_ZZN19MediaFileController16handleActionScanEiENKUlN5ftxui5EventEE_clES1_
FNDA:8,_ZN19MediaFileControllerC2Ev
FNDA:0,_ZN19MediaFileController13scanDirectoryERKNSt7__cxx1112basic_stringIcSt11char_traitsIcESaIcEEE
FNDA:0,_ZN19MediaFileController19scanAndDisplayMediaEv
FNDA:0,_ZN19MediaFileController8nextPageEv
FNDA:0,_ZN19MediaFileController12previousPageEv
FNDA:2,_ZN19MediaFileController11getPathByIdB5cxx11ERKSt6vectorI9MediaFileSaIS1_EEi
FNDA:0,_ZN19MediaFileController12handleActionEi
FNDA:0,_ZZN19MediaFileController13scanDirectoryERKNSt7__cxx1112basic_stringIcSt11char_traitsIcESaIcEEEENKUlvE_clEv
FNDA:0,_ZZN19MediaFileController12handleActionEiENKUlRK9MediaFileE_clES2_
FNDA:0,_ZZN19MediaFileController12handleActionEiENKUlvE_clEv
FNDA:0,_ZZN19MediaFileController12handleActionEiENKUlN5ftxui5EventEE_clES1_
FNDA:0,_ZZN19MediaFileController13scanDirectoryERKNSt7__cxx1112basic_stringIcSt11char_traitsIcESaIcEEEENKUlN5ftxui5EventEE_clES9_
FNDA:0,_ZN19MediaFileController16handleActionScanEi
FNF:15
FNH:2
BRDA:14,0,0,8
BRDA:14,e0,1,0
BRDA:23,0,0,-
BRDA:23,e0,1,-
BRDA:23,0,2,-
BRDA:23,e0,3,-
BRDA:23,0,4,-
BRDA:23,e0,5,-
BRDA:23,0,6,-
BRDA:23,e0,7,-
BRDA:24,0,0,-
BRDA:24,e0,1,-
BRDA:24,0,2,-
BRDA:24,e0,3,-
BRDA:26,0,0,0
BRDA:26,0,1,0
BRDA:27,0,0,0
BRDA:27,e0,1,0
BRDA:27,0,2,0
BRDA:27,e0,3,0
BRDA:32,0,0,-
BRDA:32,e0,1,-
BRDA:35,0,0,-
BRDA:35,e0,1,-
BRDA:35,0,2,-
BRDA:35,e0,3,-
BRDA:35,0,4,-
BRDA:35,0,5,-
BRDA:35,0,6,-
BRDA:35,0,7,-
BRDA:36,0,0,-
BRDA:36,e0,1,-
BRDA:36,0,2,-
BRDA:36,e0,3,-
BRDA:36,0,4,-
BRDA:36,e0,5,-
BRDA:38,0,0,-
BRDA:38,0,1,-
BRDA:38,0,2,-
BRDA:38,e0,3,-
BRDA:38,0,4,-
BRDA:38,e0,5,-
BRDA:38,0,6,-
BRDA:38,e0,7,-
BRDA:38,0,8,-
BRDA:38,e0,9,-
BRDA:38,0,10,-
BRDA:38,e0,11,-
BRDA:38,0,12,-
BRDA:38,e0,13,-
BRDA:38,0,14,-
BRDA:38,e0,15,-
BRDA:40,0,0,-
BRDA:40,e0,1,-
BRDA:40,0,2,-
BRDA:40,e0,3,-
BRDA:40,0,4,-
BRDA:40,e0,5,-
BRDA:41,0,0,-
BRDA:41,e0,1,-
BRDA:42,0,0,-
BRDA:42,e0,1,-
BRDA:42,0,2,-
BRDA:42,e0,3,-
BRDA:42,0,4,-
BRDA:42,e0,5,-
BRDA:42,0,6,-
BRDA:42,e0,7,-
BRDA:42,0,8,-
BRDA:42,e0,9,-
BRDA:42,0,10,-
BRDA:42,e0,11,-
BRDA:42,0,12,-
BRDA:42,0,13,-
BRDA:42,0,14,-
BRDA:42,0,15,-
BRDA:46,0,0,-
BRDA:46,0,1,-
BRDA:47,0,0,-
BRDA:47,e0,1,-
BRDA:47,0,2,-
BRDA:47,e0,3,-
BRDA:51,0,0,-
BRDA:51,e0,1,-
BRDA:53,0,0,-
BRDA:53,e0,1,-
BRDA:57,0,0,-
BRDA:57,0,1,-
BRDA:58,0,0,-
BRDA:58,0,1,-
BRDA:63,0,0,-
BRDA:63,0,1,-
BRDA:63,0,2,-
BRDA:63,0,3,-
BRDA:66,0,0,-
BRDA:66,e0,1,-
BRDA:67,0,0,-
BRDA:67,e0,1,-
BRDA:77,0,0,-
BRDA:77,0,1,-
BRDA:78,0,0,-
BRDA:78,e0,1,-
BRDA:78,0,2,-
BRDA:78,e0,3,-
BRDA:82,0,0,-
BRDA:82,e0,1,-
BRDA:82,0,2,-
BRDA:82,e0,3,-
BRDA:83,0,0,0
BRDA:83,0,1,0
BRDA:84,0,0,0
BRDA:84,e0,1,0
BRDA:84,0,2,0
BRDA:84,e0,3,0
BRDA:84,0,4,0
BRDA:84,e0,5,0
BRDA:92,0,0,-
BRDA:92,e0,1,-
BRDA:92,0,2,-
BRDA:92,e0,3,-
BRDA:92,0,4,-
BRDA:92,e0,5,-
BRDA:92,0,6,-
BRDA:92,0,7,-
BRDA:93,0,0,-
BRDA:93,e0,1,-
BRDA:93,0,2,-
BRDA:93,0,3,-
BRDA:94,0,0,-
BRDA:94,e0,1,-
BRDA:94,0,2,-
BRDA:94,e0,3,-
BRDA:97,0,0,0
BRDA:97,0,1,0
BRDA:98,0,0,0
BRDA:98,e0,1,0
BRDA:98,0,2,0
BRDA:98,e0,3,0
BRDA:98,0,4,0
BRDA:98,e0,5,0
BRDA:102,0,0,-
BRDA:102,0,1,-
BRDA:103,0,0,-
BRDA:103,e0,1,-
BRDA:103,0,2,-
BRDA:103,e0,3,-
BRDA:103,0,4,-
BRDA:103,e0,5,-
BRDA:111,0,0,-
BRDA:111,0,1,-
BRDA:112,0,0,-
BRDA:112,e0,1,-
BRDA:112,0,2,-
BRDA:112,e0,3,-
BRDA:112,0,4,-
BRDA:112,e0,5,-
BRDA:112,0,6,-
BRDA:112,e0,7,-
BRDA:115,0,0,-
BRDA:115,e0,1,-
BRDA:116,0,0,-
BRDA:116,e0,1,-
BRDA:116,0,2,-
BRDA:116,e0,3,-
BRDA:116,0,4,-
BRDA:116,e0,5,-
BRDA:120,0,0,-
BRDA:120,e0,1,-
BRDA:120,0,2,-
BRDA:120,e0,3,-
BRDA:120,0,4,-
BRDA:120,e0,5,-
BRDA:122,0,0,-
BRDA:122,e0,1,-
BRDA:124,0,0,-
BRDA:124,e0,1,-
BRDA:124,0,2,-
BRDA:124,e0,3,-
BRDA:124,0,4,-
BRDA:124,e0,5,-
BRDA:124,0,6,-
BRDA:124,e0,7,-
BRDA:124,0,8,-
BRDA:124,e0,9,-
BRDA:126,0,0,-
BRDA:126,e0,1,-
BRDA:126,0,2,-
BRDA:126,e0,3,-
BRDA:126,0,4,-
BRDA:126,e0,5,-
BRDA:126,0,6,-
BRDA:126,e0,7,-
BRDA:126,0,8,-
BRDA:126,e0,9,-
BRDA:127,0,0,-
BRDA:127,e0,1,-
BRDA:127,0,2,-
BRDA:127,e0,3,-
BRDA:127,0,4,-
BRDA:127,0,5,-
BRDA:127,0,6,-
BRDA:127,0,7,-
BRDA:128,0,0,-
BRDA:128,e0,1,-
BRDA:128,0,2,-
BRDA:128,e0,3,-
BRDA:128,0,4,-
BRDA:128,e0,5,-
BRDA:128,0,6,-
BRDA:128,e0,7,-
BRDA:128,0,8,-
BRDA:128,e0,9,-
BRDA:128,0,10,-
BRDA:128,e0,11,-
BRDA:128,0,12,-
BRDA:128,e0,13,-
BRDA:128,0,14,-
BRDA:128,e0,15,-
BRDA:128,0,16,-
BRDA:128,e0,17,-
BRDA:128,0,18,-
BRDA:128,0,19,-
BRDA:128,0,20,-
BRDA:128,0,21,-
BRDA:131,0,0,-
BRDA:131,e0,1,-
BRDA:131,0,2,-
BRDA:131,e0,3,-
BRDA:131,0,4,-
BRDA:131,e0,5,-
BRDA:131,0,6,-
BRDA:131,e0,7,-
BRDA:132,0,0,-
BRDA:132,0,1,-
BRDA:133,0,0,-
BRDA:133,0,1,-
BRDA:133,0,2,-
BRDA:133,0,3,-
BRDA:133,0,4,-
BRDA:133,0,5,-
BRDA:134,0,0,-
BRDA:134,e0,1,-
BRDA:135,0,0,-
BRDA:135,e0,1,-
BRDA:135,0,2,-
BRDA:135,e0,3,-
BRDA:135,0,4,-
BRDA:135,e0,5,-
BRDA:136,0,0,-
BRDA:136,e0,1,-
BRDA:138,0,0,-
BRDA:138,e0,1,-
BRDA:138,0,2,-
BRDA:138,e0,3,-
BRDA:142,0,0,-
BRDA:142,0,1,-
BRDA:142,0,2,-
BRDA:142,0,3,-
BRDA:142,0,4,-
BRDA:142,0,5,-
BRDA:144,0,0,-
BRDA:144,0,1,-
BRDA:144,0,2,-
BRDA:144,0,3,-
BRDA:144,0,4,-
BRDA:144,0,5,-
BRDA:146,0,0,-
BRDA:146,e0,1,-
BRDA:147,0,0,-
BRDA:147,e0,1,-
BRDA:147,0,2,-
BRDA:147,e0,3,-
BRDA:147,0,4,-
BRDA:147,e0,5,-
BRDA:148,0,0,-
BRDA:148,e0,1,-
BRDA:149,0,0,-
BRDA:149,e0,1,-
BRDA:149,0,2,-
BRDA:149,e0,3,-
BRDA:157,0,0,-
BRDA:157,0,1,-
BRDA:157,0,2,-
BRDA:157,0,3,-
BRDA:161,0,0,-
BRDA:161,e0,1,-
BRDA:161,0,2,-
BRDA:161,e0,3,-
BRDA:172,0,0,-
BRDA:172,e0,1,-
BRDA:172,0,2,-
BRDA:172,e0,3,-
BRDA:172,0,4,-
BRDA:172,e0,5,-
BRDA:172,0,6,-
BRDA:172,0,7,-
BRDA:173,0,0,-
BRDA:173,0,1,-
BRDA:174,0,0,-
BRDA:174,e0,1,-
BRDA:174,0,2,-
BRDA:174,e0,3,-
BRDA:179,0,0,-
BRDA:179,e0,1,-
BRDA:179,0,2,-
BRDA:179,e0,3,-
BRDA:179,0,4,-
BRDA:179,e0,5,-
BRDA:180,0,0,-
BRDA:180,e0,1,-
BRDA:182,0,0,-
BRDA:182,e0,1,-
BRDA:186,0,0,-
BRDA:186,0,1,-
BRDA:187,0,0,-
BRDA:187,e0,1,-
BRDA:187,0,2,-
BRDA:187,e0,3,-
BRDA:187,0,4,-
BRDA:187,e0,5,-
BRDA:187,0,6,-
BRDA:187,e0,7,-
BRDA:187,0,8,-
BRDA:187,e0,9,-
BRDA:191,0,0,-
BRDA:191,e0,1,-
BRDA:196,0,0,-
BRDA:196,e0,1,-
BRDA:196,0,2,-
BRDA:196,e0,3,-
BRDA:196,0,4,-
BRDA:196,e0,5,-
BRDA:196,0,6,-
BRDA:196,0,7,-
BRDA:197,0,0,-
BRDA:197,0,1,-
BRDA:198,0,0,-
BRDA:198,e0,1,-
BRDA:198,0,2,-
BRDA:198,e0,3,-
BRDA:202,0,0,-
BRDA:202,e0,1,-
BRDA:202,0,2,-
BRDA:202,e0,3,-
BRDA:202,0,4,-
BRDA:202,e0,5,-
BRDA:206,0,0,-
BRDA:206,e0,1,-
BRDA:206,0,2,-
BRDA:206,0,3,-
BRDA:208,0,0,-
BRDA:208,e0,1,-
BRDA:212,0,0,-
BRDA:212,0,1,-
BRDA:213,0,0,-
BRDA:213,e0,1,-
BRDA:213,0,2,-
BRDA:213,e0,3,-
BRDA:213,0,4,-
BRDA:213,e0,5,-
BRDA:213,0,6,-
BRDA:213,e0,7,-
BRDA:213,0,8,-
BRDA:213,e0,9,-
BRDA:215,0,0,-
BRDA:215,e0,1,-
BRDA:216,0,0,-
BRDA:216,e0,1,-
BRDA:220,0,0,-
BRDA:220,e0,1,-
BRDA:221,0,0,-
BRDA:221,e0,1,-
BRDA:224,0,0,-
BRDA:224,0,1,-
BRDA:225,0,0,-
BRDA:225,e0,1,-
BRDA:225,0,2,-
BRDA:225,e0,3,-
BRDA:225,0,4,-
BRDA:225,e0,5,-
BRDA:225,0,6,-
BRDA:225,e0,7,-
BRDA:225,0,8,-
BRDA:225,e0,9,-
BRDA:228,0,0,-
BRDA:228,e0,1,-
BRDA:234,0,0,-
BRDA:234,e0,1,-
BRDA:234,0,2,-
BRDA:234,e0,3,-
BRDA:234,0,4,-
BRDA:234,e0,5,-
BRDA:234,0,6,-
BRDA:234,0,7,-
BRDA:235,0,0,-
BRDA:235,0,1,-
BRDA:236,0,0,-
BRDA:236,e0,1,-
BRDA:236,0,2,-
BRDA:236,e0,3,-
BRDA:240,0,0,-
BRDA:240,e0,1,-
BRDA:240,0,2,-
BRDA:240,e0,3,-
BRDA:240,0,4,-
BRDA:240,e0,5,-
BRDA:244,0,0,-
BRDA:244,0,1,-
BRDA:246,0,0,-
BRDA:246,e0,1,-
BRDA:250,0,0,-
BRDA:250,0,1,-
BRDA:251,0,0,-
BRDA:251,e0,1,-
BRDA:251,0,2,-
BRDA:251,e0,3,-
BRDA:251,0,4,-
BRDA:251,e0,5,-
BRDA:251,0,6,-
BRDA:251,e0,7,-
BRDA:251,0,8,-
BRDA:251,e0,9,-
BRDA:253,0,0,-
BRDA:253,e0,1,-
BRDA:254,0,0,-
BRDA:254,e0,1,-
BRDA:258,0,0,-
BRDA:258,e0,1,-
BRDA:259,0,0,-
BRDA:259,e0,1,-
BRDA:262,0,0,-
BRDA:262,0,1,-
BRDA:263,0,0,-
BRDA:263,e0,1,-
BRDA:263,0,2,-
BRDA:263,e0,3,-
BRDA:263,0,4,-
BRDA:263,e0,5,-
BRDA:263,0,6,-
BRDA:263,e0,7,-
BRDA:263,0,8,-
BRDA:263,e0,9,-
BRDA:266,0,0,-
BRDA:266,e0,1,-
BRDA:272,0,0,3
BRDA:272,0,1,1
BRDA:273,0,0,3
BRDA:273,e0,1,0
BRDA:273,0,2,1
BRDA:273,0,3,2
BRDA:274,0,0,1
BRDA:274,e0,1,0
BRDA:277,0,0,1
BRDA:277,e0,1,0
BRDA:283,0,0,-
BRDA:283,0,1,-
BRDA:285,0,0,-
BRDA:285,e0,1,-
BRDA:285,0,2,-
BRDA:285,e0,3,-
BRDA:289,0,0,-
BRDA:289,0,1,-
BRDA:289,0,2,-
BRDA:289,0,3,-
BRDA:289,0,4,-
BRDA:289,0,5,-
BRDA:289,0,6,-
BRDA:289,0,7,-
BRDA:292,0,0,-
BRDA:292,e0,1,-
BRDA:292,0,2,-
BRDA:292,e0,3,-
BRDA:292,0,4,-
BRDA:292,0,5,-
BRDA:293,0,0,-
BRDA:293,0,1,-
BRDA:294,0,0,-
BRDA:294,e0,1,-
BRDA:294,0,2,-
BRDA:294,e0,3,-
BRDA:298,0,0,-
BRDA:298,e0,1,-
BRDA:299,0,0,-
BRDA:299,0,1,-
BRDA:299,0,2,-
BRDA:299,e0,3,-
BRDA:299,0,4,-
BRDA:299,e0,5,-
BRDA:299,0,6,-
BRDA:299,e0,7,-
BRDA:299,0,8,-
BRDA:299,0,9,-
BRDA:299,0,10,-
BRDA:299,0,11,-
BRDA:300,0,0,-
BRDA:300,e0,1,-
BRDA:300,0,2,-
BRDA:300,e0,3,-
BRDA:304,0,0,-
BRDA:304,e0,1,-
BRDA:304,0,2,-
BRDA:304,e0,3,-
BRDA:304,0,4,-
BRDA:304,e0,5,-
BRDA:305,0,0,-
BRDA:305,e0,1,-
BRDA:307,0,0,-
BRDA:307,e0,1,-
BRDA:307,0,2,-
BRDA:307,e0,3,-
BRDA:307,0,4,-
BRDA:307,e0,5,-
BRDA:310,0,0,-
BRDA:310,e0,1,-
BRDA:310,0,2,-
BRDA:310,e0,3,-
BRDA:310,0,4,-
BRDA:310,0,5,-
BRDA:311,0,0,-
BRDA:311,0,1,-
BRDA:312,0,0,-
BRDA:312,e0,1,-
BRDA:312,0,2,-
BRDA:312,e0,3,-
BRDA:316,0,0,-
BRDA:316,e0,1,-
BRDA:317,0,0,-
BRDA:317,e0,1,-
BRDA:318,0,0,-
BRDA:318,e0,1,-
BRDA:318,0,2,-
BRDA:318,e0,3,-
BRDA:318,0,4,-
BRDA:318,e0,5,-
BRDA:331,0,0,-
BRDA:331,0,1,-
BRDA:332,0,0,-
BRDA:332,0,1,-
BRDA:340,0,0,-
BRDA:340,0,1,-
BRDA:341,0,0,-
BRDA:341,e0,1,-
BRDA:341,0,2,-
BRDA:341,0,3,-
BRDA:347,0,0,-
BRDA:347,0,1,-
BRDA:349,0,0,-
BRDA:349,e0,1,-
BRDA:349,0,2,-
BRDA:349,e0,3,-
BRDA:349,0,4,-
BRDA:349,0,5,-
BRDA:350,0,0,-
BRDA:350,0,1,-
BRDA:354,0,0,-
BRDA:354,e0,1,-
BRDA:354,0,2,-
BRDA:354,e0,3,-
BRDA:363,0,0,-
BRDA:363,e0,1,-
BRDA:363,0,2,-
BRDA:363,e0,3,-
BRDA:363,0,4,-
BRDA:363,0,5,-
BRDA:364,0,0,-
BRDA:364,0,1,-
BRDA:365,0,0,-
BRDA:365,e0,1,-
BRDA:365,0,2,-
BRDA:365,e0,3,-
BRDA:369,0,0,-
BRDA:369,e0,1,-
BRDA:370,0,0,-
BRDA:370,e0,1,-
BRDA:370,0,2,-
BRDA:370,e0,3,-
BRDA:371,0,0,-
BRDA:371,e0,1,-
BRDA:373,0,0,-
BRDA:373,e0,1,-
BRDA:376,0,0,-
BRDA:376,e0,1,-
BRDA:376,0,2,-
BRDA:376,e0,3,-
BRDA:377,0,0,-
BRDA:377,e0,1,-
BRDA:379,0,0,-
BRDA:379,0,1,-
BRDA:380,0,0,-
BRDA:380,e0,1,-
BRDA:384,0,0,-
BRDA:384,e0,1,-
BRDA:384,0,2,-
BRDA:384,e0,3,-
BRDA:384,0,4,-
BRDA:384,e0,5,-
BRDA:386,0,0,-
BRDA:386,e0,1,-
BRDA:386,0,2,-
BRDA:386,e0,3,-
BRDA:386,0,4,-
BRDA:386,0,5,-
BRDA:387,0,0,-
BRDA:387,0,1,-
BRDA:388,0,0,-
BRDA:388,e0,1,-
BRDA:392,0,0,-
BRDA:392,e0,1,-
BRDA:393,0,0,-
BRDA:393,e0,1,-
BRDA:395,0,0,-
BRDA:395,e0,1,-
BRDA:397,0,0,-
BRDA:397,e0,1,-
BRDA:397,0,2,-
BRDA:397,e0,3,-
BRDA:397,0,4,-
BRDA:397,e0,5,-
BRDA:397,0,6,-
BRDA:397,e0,7,-
BRDA:398,0,0,-
BRDA:398,e0,1,-
BRDA:398,0,2,-
BRDA:398,e0,3,-
BRDA:402,0,0,-
BRDA:402,e0,1,-
BRDA:402,0,2,-
BRDA:402,e0,3,-
BRDA:403,0,0,-
BRDA:403,e0,1,-
BRDA:404,0,0,0
BRDA:404,0,1,0
BRDA:405,0,0,0
BRDA:405,e0,1,0
BRDA:405,0,2,0
BRDA:405,e0,3,0
BRDA:409,0,0,-
BRDA:409,e0,1,-
BRDA:412,0,0,-
BRDA:412,e0,1,-
BRDA:412,0,2,-
BRDA:412,e0,3,-
BRDA:412,0,4,-
BRDA:412,e0,5,-
BRDA:414,0,0,-
BRDA:414,0,1,-
BRDA:414,0,2,-
BRDA:414,e0,3,-
BRDA:414,0,4,-
BRDA:414,e0,5,-
BRDA:414,0,6,-
BRDA:414,e0,7,-
BRDA:414,0,8,-
BRDA:414,e0,9,-
BRDA:414,0,10,-
BRDA:414,e0,11,-
BRDA:414,0,12,-
BRDA:414,e0,13,-
BRDA:414,0,14,-
BRDA:414,e0,15,-
BRDA:416,0,0,-
BRDA:416,e0,1,-
BRDA:416,0,2,-
BRDA:416,e0,3,-
BRDA:416,0,4,-
BRDA:416,e0,5,-
BRDA:417,0,0,-
BRDA:417,e0,1,-
BRDA:417,0,2,-
BRDA:417,e0,3,-
BRDA:417,0,4,-
BRDA:417,0,5,-
BRDA:417,0,6,-
BRDA:417,0,7,-
BRDA:418,0,0,-
BRDA:418,e0,1,-
BRDA:418,0,2,-
BRDA:418,e0,3,-
BRDA:418,0,4,-
BRDA:418,e0,5,-
BRDA:418,0,6,-
BRDA:418,e0,7,-
BRDA:418,0,8,-
BRDA:418,e0,9,-
BRDA:418,0,10,-
BRDA:418,e0,11,-
BRDA:418,0,12,-
BRDA:418,0,13,-
BRDA:418,0,14,-
BRDA:418,0,15,-
BRDA:421,0,0,-
BRDA:421,0,1,-
BRDA:422,0,0,-
BRDA:422,e0,1,-
BRDA:422,0,2,-
BRDA:422,e0,3,-
BRDA:426,0,0,-
BRDA:426,e0,1,-
BRDA:428,0,0,-
BRDA:428,e0,1,-
BRDA:429,0,0,-
BRDA:429,e0,1,-
BRDA:432,0,0,-
BRDA:432,e0,1,-
BRDA:432,0,2,-
BRDA:432,e0,3,-
BRDA:432,0,4,-
BRDA:432,0,5,-
BRDA:433,0,0,-
BRDA:433,0,1,-
BRDA:434,0,0,-
BRDA:434,e0,1,-
BRDA:434,0,2,-
BRDA:434,e0,3,-
BRDA:437,0,0,-
BRDA:437,e0,1,-
BRDA:437,0,2,-
BRDA:437,e0,3,-
BRDA:437,0,4,-
BRDA:437,e0,5,-
BRDA:438,0,0,-
BRDA:438,e0,1,-
BRDA:442,0,0,-
BRDA:442,e0,1,-
BRDA:442,0,2,-
BRDA:442,e0,3,-
BRDA:444,0,0,-
BRDA:444,0,1,-
BRDA:450,0,0,-
BRDA:450,e0,1,-
BRDA:450,0,2,-
BRDA:450,e0,3,-
BRDA:450,0,4,-
BRDA:450,0,5,-
BRDA:451,0,0,-
BRDA:451,0,1,-
BRDA:457,0,0,-
BRDA:457,e0,1,-
BRDA:457,0,2,-
BRDA:457,e0,3,-
BRF:740
BRH:8
DA:14,8
DA:17,0
DA:18,0
DA:19,0
DA:23,0
DA:24,0
DA:25,0
DA:26,0
DA:27,0
DA:28,0
DA:29,0
DA:32,0
DA:34,0
DA:35,0
DA:36,0
DA:38,0
DA:40,0
DA:41,0
DA:42,0
DA:45,0
DA:46,0
DA:47,0
DA:48,0
DA:50,0
DA:51,0
DA:53,0
DA:54,0
DA:56,0
DA:57,0
DA:58,0
DA:59,0
DA:60,0
DA:63,0
DA:64,0
DA:66,0
DA:67,0
DA:68,0
DA:69,0
DA:70,0
DA:72,0
DA:76,0
DA:77,0
DA:78,0
DA:79,0
DA:82,0
DA:83,0
DA:84,0
DA:85,0
DA:86,0
DA:89,0
DA:92,0
DA:93,0
DA:94,0
DA:96,0
DA:97,0
DA:98,0
DA:99,0
DA:100,0
DA:102,0
DA:103,0
DA:104,0
DA:108,0
DA:109,0
DA:110,0
DA:111,0
DA:112,0
DA:115,0
DA:116,0
DA:118,0
DA:119,0
DA:120,0
DA:122,0
DA:124,0
DA:126,0
DA:127,0
DA:128,0
DA:131,0
DA:132,0
DA:133,0
DA:134,0
DA:135,0
DA:136,0
DA:137,0
DA:138,0
DA:139,0
DA:142,0
DA:143,0
DA:144,0
DA:145,0
DA:146,0
DA:147,0
DA:148,0
DA:149,0
DA:150,0
DA:151,0
DA:154,0
DA:156,0
DA:157,0
DA:159,0
DA:161,0
DA:162,0
DA:164,0
DA:165,0
DA:166,0
DA:171,0
DA:172,0
DA:173,0
DA:174,0
DA:175,0
DA:179,0
DA:180,0
DA:182,0
DA:183,0
DA:186,0
DA:187,0
DA:191,0
DA:192,0
DA:195,0
DA:196,0
DA:197,0
DA:198,0
DA:199,0
DA:202,0
DA:203,0
DA:206,0
DA:207,0
DA:208,0
DA:209,0
DA:212,0
DA:213,0
DA:215,0
DA:216,0
DA:218,0
DA:220,0
DA:221,0
DA:222,0
DA:224,0
DA:225,0
DA:228,0
DA:229,0
DA:230,0
DA:233,0
DA:234,0
DA:235,0
DA:236,0
DA:237,0
DA:240,0
DA:241,0
DA:244,0
DA:245,0
DA:246,0
DA:247,0
DA:250,0
DA:251,0
DA:253,0
DA:254,0
DA:256,0
DA:258,0
DA:259,0
DA:260,0
DA:262,0
DA:263,0
DA:266,0
DA:267,0
DA:268,0
DA:271,2
DA:272,4
DA:273,3
DA:274,1
DA:277,2
DA:281,0
DA:283,0
DA:284,0
DA:285,0
DA:286,0
DA:289,0
DA:290,0
DA:291,0
DA:292,0
DA:293,0
DA:294,0
DA:295,0
DA:298,0
DA:299,0
DA:300,0
DA:301,0
DA:304,0
DA:305,0
DA:307,0
DA:309,0
DA:310,0
DA:311,0
DA:312,0
DA:313,0
DA:316,0
DA:317,0
DA:318,0
DA:319,0
DA:320,0
DA:321,0
DA:322,0
DA:323,0
DA:324,0
DA:325,0
DA:326,0
DA:327,0
DA:328,0
DA:329,0
DA:330,0
DA:331,0
DA:332,0
DA:333,0
DA:334,0
DA:337,0
DA:338,0
DA:339,0
DA:340,0
DA:341,0
DA:342,0
DA:343,0
DA:347,0
DA:348,0
DA:349,0
DA:350,0
DA:351,0
DA:352,0
DA:354,0
DA:355,0
DA:357,0
DA:359,0
DA:361,0
DA:362,0
DA:363,0
DA:364,0
DA:365,0
DA:366,0
DA:369,0
DA:370,0
DA:371,0
DA:373,0
DA:374,0
DA:376,0
DA:377,0
DA:379,0
DA:380,0
DA:381,0
DA:384,0
DA:385,0
DA:386,0
DA:387,0
DA:388,0
DA:389,0
DA:392,0
DA:393,0
DA:394,0
DA:395,0
DA:397,0
DA:398,0
DA:399,0
DA:402,0
DA:403,0
DA:404,0
DA:405,0
DA:406,0
DA:407,0
DA:409,0
DA:410,0
DA:411,0
DA:412,0
DA:414,0
DA:416,0
DA:417,0
DA:418,0
DA:420,0
DA:421,0
DA:422,0
DA:423,0
DA:425,0
DA:426,0
DA:428,0
DA:429,0
DA:431,0
DA:432,0
DA:433,0
DA:434,0
DA:435,0
DA:437,0
DA:438,0
DA:439,0
DA:440,0
DA:441,0
DA:442,0
DA:443,0
DA:444,0
DA:445,0
DA:446,0
DA:448,0
DA:449,0
DA:450,0
DA:451,0
DA:452,0
DA:453,0
DA:455,0
DA:456,0
DA:457,0
DA:458,0
DA:460,0
DA:461,0
DA:462,0
LF:309
LH:6
end_of_record
TN:
SF:/home/kist/Documents/workspace/MOCK-project/src/controller/MetadataController.cpp
FN:101,104,_ZZN18MetadataController12handleActionEiENKUlRKNSt7__cxx1112basic_stringIcSt11char_traitsIcESaIcEEEE3_clES7_
FN:13,42,_ZN18MetadataController18handleShowMetadataERKNSt7__cxx1112basic_stringIcSt11char_traitsIcESaIcEEE
FN:138,150,_ZN18MetadataController12saveMetadataEv
FN:153,224,_ZN18MetadataController16handleEditActionERKNSt7__cxx1112basic_stringIcSt11char_traitsIcESaIcEEES7_St8functionIFvS7_EE
FN:160,169,_ZZN18MetadataController16handleEditActionERKNSt7__cxx1112basic_stringIcSt11char_traitsIcESaIcEEES7_St8functionIFvS7_EEENKUlvE_clEv
FN:175,187,_ZZN18MetadataController16handleEditActionERKNSt7__cxx1112basic_stringIcSt11char_traitsIcESaIcEEES7_St8functionIFvS7_EEENKUlN5ftxui5EventEE_clESC_
FN:206,212,_ZZN18MetadataController16handleEditActionERKNSt7__cxx1112basic_stringIcSt11char_traitsIcESaIcEEES7_St8functionIFvS7_EEENKUlvE0_clEv
FN:214,220,_ZZN18MetadataController16handleEditActionERKNSt7__cxx1112basic_stringIcSt11char_traitsIcESaIcEEES7_St8functionIFvS7_EEENKUlN5ftxui5EventEE0_clESC_
FN:45,135,_ZN18MetadataController12handleActionEi
FN:69,71,_ZZN18MetadataController12handleActionEiENKUlRKNSt7__cxx1112basic_stringIcSt11char_traitsIcESaIcEEEE_clES7_
FN:77,79,_ZZN18MetadataController12handleActionEiENKUlRKNSt7__cxx1112basic_stringIcSt11char_traitsIcESaIcEEEE0_clES7_
FN:8,10,_ZN18MetadataController13setCurrentTagEPN6TagLib3TagE
FN:85,87,_ZZN18MetadataController12handleActionEiENKUlRKNSt7__cxx1112basic_stringIcSt11char_traitsIcESaIcEEEE1_clES7_
FN:93,95,_ZZN18MetadataController12handleActionEiENKUlRKNSt7__cxx1112basic_stringIcSt11char_traitsIcESaIcEEEE2_clES7_
FNDA:0,_ZZN18MetadataController12handleActionEiENKUlRKNSt7__cxx1112basic_stringIcSt11char_traitsIcESaIcEEEE3_clES7_
FNDA:0,_ZN18MetadataController18handleShowMetadataERKNSt7__cxx1112basic_stringIcSt11char_traitsIcESaIcEEE
FNDA:0,_ZN18MetadataController12saveMetadataEv
FNDA:0,_ZN18MetadataController16handleEditActionERKNSt7__cxx1112basic_stringIcSt11char_traitsIcESaIcEEES7_St8functionIFvS7_EE
FNDA:0,_ZZN18MetadataController16handleEditActionERKNSt7__cxx1112basic_stringIcSt11char_traitsIcESaIcEEES7_St8functionIFvS7_EEENKUlvE_clEv
FNDA:0,_ZZN18MetadataController16handleEditActionERKNSt7__cxx1112basic_stringIcSt11char_traitsIcESaIcEEES7_St8functionIFvS7_EEENKUlN5ftxui5EventEE_clESC_
FNDA:0,_ZZN18MetadataController16handleEditActionERKNSt7__cxx1112basic_stringIcSt11char_traitsIcESaIcEEES7_St8functionIFvS7_EEENKUlvE0_clEv
FNDA:0,_ZZN18MetadataController16handleEditActionERKNSt7__cxx1112basic_stringIcSt11char_traitsIcESaIcEEES7_St8functionIFvS7_EEENKUlN5ftxui5EventEE0_clESC_
FNDA:0,_ZN18MetadataController12handleActionEi
FNDA:0,_ZZN18MetadataController12handleActionEiENKUlRKNSt7__cxx1112basic_stringIcSt11char_traitsIcESaIcEEEE_clES7_
FNDA:0,_ZZN18MetadataController12handleActionEiENKUlRKNSt7__cxx1112basic_stringIcSt11char_traitsIcESaIcEEEE0_clES7_
FNDA:0,_ZN18MetadataController13setCurrentTagEPN6TagLib3TagE
FNDA:0,_ZZN18MetadataController12handleActionEiENKUlRKNSt7__cxx1112basic_stringIcSt11char_traitsIcESaIcEEEE1_clES7_
FNDA:0,_ZZN18MetadataController12handleActionEiENKUlRKNSt7__cxx1112basic_stringIcSt11char_traitsIcESaIcEEEE2_clES7_
FNF:14
FNH:0
BRDA:14,0,0,-
BRDA:14,0,1,-
BRDA:15,0,0,-
BRDA:15,e0,1,-
BRDA:15,0,2,-
BRDA:15,e0,3,-
BRDA:20,0,0,-
BRDA:20,e0,1,-
BRDA:21,0,0,-
BRDA:21,e0,1,-
BRDA:21,0,2,-
BRDA:21,e0,3,-
BRDA:22,0,0,-
BRDA:22,e0,1,-
BRDA:22,0,2,-
BRDA:22,0,3,-
BRDA:23,0,0,-
BRDA:23,e0,1,-
BRDA:23,0,2,-
BRDA:23,e0,3,-
BRDA:27,0,0,-
BRDA:27,e0,1,-
BRDA:28,0,0,-
BRDA:28,0,1,-
BRDA:29,0,0,-
BRDA:29,e0,1,-
BRDA:29,0,2,-
BRDA:29,e0,3,-
BRDA:33,0,0,-
BRDA:33,e0,1,-
BRDA:33,0,2,-
BRDA:33,0,3,-
BRDA:34,0,0,-
BRDA:34,e0,1,-
BRDA:34,0,2,-
BRDA:34,e0,3,-
BRDA:39,0,0,-
BRDA:39,e0,1,-
BRDA:39,0,2,-
BRDA:39,e0,3,-
BRDA:41,0,0,-
BRDA:41,e0,1,-
BRDA:46,0,0,-
BRDA:46,0,1,-
BRDA:47,0,0,-
BRDA:47,e0,1,-
BRDA:47,0,2,-
BRDA:47,e0,3,-
BRDA:51,0,0,-
BRDA:51,e0,1,-
BRDA:51,0,2,-
BRDA:51,e0,3,-
BRDA:51,0,4,-
BRDA:51,e0,5,-
BRDA:51,0,6,-
BRDA:51,0,7,-
BRDA:53,0,0,-
BRDA:53,0,1,-
BRDA:54,0,0,-
BRDA:54,e0,1,-
BRDA:54,0,2,-
BRDA:54,e0,3,-
BRDA:56,0,0,-
BRDA:56,e0,1,-
BRDA:56,0,2,-
BRDA:56,e0,3,-
BRDA:56,0,4,-
BRDA:56,e0,5,-
BRDA:56,0,6,-
BRDA:56,e0,7,-
BRDA:57,0,0,-
BRDA:57,e0,1,-
BRDA:57,0,2,-
BRDA:57,e0,3,-
BRDA:58,0,0,-
BRDA:58,e0,1,-
BRDA:66,0,0,-
BRDA:66,0,1,-
BRDA:66,0,2,-
BRDA:66,0,3,-
BRDA:66,0,4,-
BRDA:66,0,5,-
BRDA:66,0,6,-
BRDA:69,0,0,-
BRDA:69,e0,1,-
BRDA:69,0,2,-
BRDA:69,e0,3,-
BRDA:69,0,4,-
BRDA:69,e0,5,-
BRDA:70,0,0,-
BRDA:70,e0,1,-
BRDA:70,0,2,-
BRDA:70,e0,3,-
BRDA:77,0,0,-
BRDA:77,e0,1,-
BRDA:77,0,2,-
BRDA:77,e0,3,-
BRDA:77,0,4,-
BRDA:77,e0,5,-
BRDA:78,0,0,-
BRDA:78,e0,1,-
BRDA:78,0,2,-
BRDA:78,e0,3,-
BRDA:85,0,0,-
BRDA:85,e0,1,-
BRDA:85,0,2,-
BRDA:85,e0,3,-
BRDA:85,0,4,-
BRDA:85,e0,5,-
BRDA:86,0,0,-
BRDA:86,e0,1,-
BRDA:86,0,2,-
BRDA:86,e0,3,-
BRDA:93,0,0,-
BRDA:93,e0,1,-
BRDA:93,0,2,-
BRDA:93,e0,3,-
BRDA:93,0,4,-
BRDA:93,e0,5,-
BRDA:94,0,0,-
BRDA:94,e0,1,-
BRDA:94,0,2,-
BRDA:94,e0,3,-
BRDA:101,0,0,-
BRDA:101,e0,1,-
BRDA:101,0,2,-
BRDA:101,e0,3,-
BRDA:101,0,4,-
BRDA:101,e0,5,-
BRDA:111,0,0,-
BRDA:111,e0,1,-
BRDA:111,0,2,-
BRDA:111,e0,3,-
BRDA:111,0,4,-
BRDA:111,e0,5,-
BRDA:111,0,6,-
BRDA:111,0,7,-
BRDA:113,0,0,-
BRDA:113,0,1,-
BRDA:114,0,0,-
BRDA:114,e0,1,-
BRDA:114,0,2,-
BRDA:114,e0,3,-
BRDA:117,0,0,-
BRDA:117,e0,1,-
BRDA:117,0,2,-
BRDA:117,e0,3,-
BRDA:117,0,4,-
BRDA:117,e0,5,-
BRDA:117,0,6,-
BRDA:117,e0,7,-
BRDA:118,0,0,-
BRDA:118,e0,1,-
BRDA:119,0,0,-
BRDA:119,e0,1,-
BRDA:123,0,0,-
BRDA:123,e0,1,-
BRDA:123,0,2,-
BRDA:123,e0,3,-
BRDA:128,0,0,-
BRDA:128,e0,1,-
BRDA:128,0,2,-
BRDA:128,e0,3,-
BRDA:129,0,0,-
BRDA:129,e0,1,-
BRDA:129,0,2,-
BRDA:129,0,3,-
BRDA:130,0,0,-
BRDA:130,e0,1,-
BRDA:130,0,2,-
BRDA:130,e0,3,-
BRDA:134,0,0,-
BRDA:134,e0,1,-
BRDA:135,0,0,-
BRDA:135,0,1,-
BRDA:139,0,0,-
BRDA:139,0,1,-
BRDA:145,0,0,-
BRDA:145,0,1,-
BRDA:159,0,0,-
BRDA:159,e0,1,-
BRDA:159,0,2,-
BRDA:159,e0,3,-
BRDA:159,0,4,-
BRDA:159,e0,5,-
BRDA:161,0,0,-
BRDA:161,e0,1,-
BRDA:161,0,2,-
BRDA:161,e0,3,-
BRDA:161,0,4,-
BRDA:161,0,5,-
BRDA:161,0,6,-
BRDA:161,0,7,-
BRDA:162,0,0,-
BRDA:162,e0,1,-
BRDA:162,0,2,-
BRDA:162,e0,3,-
BRDA:162,0,4,-
BRDA:162,e0,5,-
BRDA:164,0,0,-
BRDA:164,e0,1,-
BRDA:164,0,2,-
BRDA:164,e0,3,-
BRDA:164,0,4,-
BRDA:164,e0,5,-
BRDA:165,0,0,-
BRDA:165,e0,1,-
BRDA:167,0,0,-
BRDA:167,e0,1,-
BRDA:167,0,2,-
BRDA:167,e0,3,-
BRDA:167,0,4,-
BRDA:167,e0,5,-
BRDA:168,0,0,-
BRDA:168,e0,1,-
BRDA:169,0,0,-
BRDA:169,e0,1,-
BRDA:169,0,2,-
BRDA:169,e0,3,-
BRDA:169,0,4,-
BRDA:169,e0,5,-
BRDA:169,0,6,-
BRDA:169,e0,7,-
BRDA:169,0,8,-
BRDA:169,e0,9,-
BRDA:169,0,10,-
BRDA:169,e0,11,-
BRDA:169,0,12,-
BRDA:169,e0,13,-
BRDA:169,0,14,-
BRDA:169,0,15,-
BRDA:169,0,16,-
BRDA:169,0,17,-
BRDA:171,0,0,-
BRDA:171,e0,1,-
BRDA:176,0,0,-
BRDA:176,0,1,-
BRDA:178,0,0,-
BRDA:178,e0,1,-
BRDA:178,0,2,-
BRDA:178,e0,3,-
BRDA:181,0,0,-
BRDA:181,0,1,-
BRDA:183,0,0,-
BRDA:183,e0,1,-
BRDA:183,0,2,-
BRDA:183,e0,3,-
BRDA:187,0,0,-
BRDA:187,e0,1,-
BRDA:189,0,0,-
BRDA:189,e0,1,-
BRDA:192,0,0,-
BRDA:192,0,1,-
BRDA:192,0,2,-
BRDA:192,0,3,-
BRDA:192,0,4,-
BRDA:192,0,5,-
BRDA:193,0,0,-
BRDA:193,e0,1,-
BRDA:194,0,0,-
BRDA:194,e0,1,-
BRDA:195,0,0,-
BRDA:195,e0,1,-
BRDA:196,0,0,-
BRDA:196,e0,1,-
BRDA:196,0,2,-
BRDA:196,e0,3,-
BRDA:197,0,0,-
BRDA:197,0,1,-
BRDA:198,0,0,-
BRDA:198,e0,1,-
BRDA:199,0,0,-
BRDA:199,e0,1,-
BRDA:199,0,2,-
BRDA:199,e0,3,-
BRDA:201,0,0,-
BRDA:201,e0,1,-
BRDA:201,0,2,-
BRDA:201,e0,3,-
BRDA:202,0,0,-
BRDA:202,e0,1,-
BRDA:202,0,2,-
BRDA:202,e0,3,-
BRDA:207,0,0,-
BRDA:207,e0,1,-
BRDA:207,0,2,-
BRDA:207,e0,3,-
BRDA:207,0,4,-
BRDA:207,0,5,-
BRDA:207,0,6,-
BRDA:207,0,7,-
BRDA:208,0,0,-
BRDA:208,e0,1,-
BRDA:208,0,2,-
BRDA:208,e0,3,-
BRDA:208,0,4,-
BRDA:208,e0,5,-
BRDA:208,0,6,-
BRDA:208,e0,7,-
BRDA:208,0,8,-
BRDA:208,e0,9,-
BRDA:210,0,0,-
BRDA:210,e0,1,-
BRDA:210,0,2,-
BRDA:210,e0,3,-
BRDA:210,0,4,-
BRDA:210,e0,5,-
BRDA:211,0,0,-
BRDA:211,e0,1,-
BRDA:212,0,0,-
BRDA:212,e0,1,-
BRDA:212,0,2,-
BRDA:212,e0,3,-
BRDA:212,0,4,-
BRDA:212,e0,5,-
BRDA:212,0,6,-
BRDA:212,e0,7,-
BRDA:212,0,8,-
BRDA:212,0,9,-
BRDA:212,0,10,-
BRDA:212,0,11,-
BRDA:215,0,0,-
BRDA:215,0,1,-
BRDA:216,0,0,-
BRDA:216,e0,1,-
BRDA:216,0,2,-
BRDA:216,e0,3,-
BRDA:220,0,0,-
BRDA:220,e0,1,-
BRDA:222,0,0,-
BRDA:222,e0,1,-
BRDA:223,0,0,-
BRDA:223,e0,1,-
BRDA:224,0,0,-
BRDA:224,e0,1,-
BRDA:224,0,2,-
BRDA:224,e0,3,-
BRDA:224,0,4,-
BRDA:224,e0,5,-
BRDA:224,0,6,-
BRDA:224,0,7,-
BRDA:224,0,8,-
BRDA:224,0,9,-
BRDA:224,0,10,-
BRDA:224,0,11,-
BRDA:224,0,12,-
BRDA:224,0,13,-
BRDA:224,0,14,-
BRDA:224,0,15,-
BRF:349
BRH:0
DA:8,0
DA:9,0
DA:10,0
DA:13,0
DA:14,0
DA:15,0
DA:16,0
DA:20,0
DA:21,0
DA:22,0
DA:23,0
DA:24,0
DA:27,0
DA:28,0
DA:29,0
DA:30,0
DA:33,0
DA:34,0
DA:35,0
DA:39,0
DA:40,0
DA:41,0
DA:42,0
DA:45,0
DA:46,0
DA:47,0
DA:50,0
DA:51,0
DA:53,0
DA:54,0
DA:56,0
DA:57,0
DA:58,0
DA:59,0
DA:62,0
DA:66,0
DA:67,0
DA:69,0
DA:70,0
DA:71,0
DA:72,0
DA:75,0
DA:77,0
DA:78,0
DA:79,0
DA:80,0
DA:83,0
DA:85,0
DA:86,0
DA:87,0
DA:88,0
DA:91,0
DA:93,0
DA:94,0
DA:95,0
DA:96,0
DA:99,0
DA:101,0
DA:102,0
DA:103,0
DA:104,0
DA:105,0
DA:108,0
DA:110,0
DA:111,0
DA:113,0
DA:114,0
DA:115,0
DA:117,0
DA:118,0
DA:119,0
DA:120,0
DA:122,0
DA:123,0
DA:124,0
DA:128,0
DA:129,0
DA:130,0
DA:131,0
DA:134,0
DA:135,0
DA:138,0
DA:139,0
DA:140,0
DA:141,0
DA:145,0
DA:146,0
DA:148,0
DA:153,0
DA:154,0
DA:155,0
DA:156,0
DA:159,0
DA:160,0
DA:161,0
DA:162,0
DA:164,0
DA:165,0
DA:167,0
DA:168,0
DA:169,0
DA:171,0
DA:172,0
DA:175,0
DA:176,0
DA:177,0
DA:178,0
DA:179,0
DA:181,0
DA:182,0
DA:183,0
DA:184,0
DA:186,0
DA:187,0
DA:189,0
DA:192,0
DA:193,0
DA:194,0
DA:195,0
DA:196,0
DA:197,0
DA:198,0
DA:199,0
DA:201,0
DA:202,0
DA:206,0
DA:207,0
DA:208,0
DA:210,0
DA:211,0
DA:212,0
DA:214,0
DA:215,0
DA:216,0
DA:217,0
DA:219,0
DA:220,0
DA:222,0
DA:223,0
DA:224,0
LF:140
LH:0
end_of_record
TN:
SF:/home/kist/Documents/workspace/MOCK-project/src/controller/PlayingMediaController.cpp
FN:131,162,_ZN22PlayingMediaController10skipToNextEv
FN:150,150,_ZZN22PlayingMediaController10skipToNextEvENKUlRK9MediaFileE_clES2_
FN:165,197,_ZN22PlayingMediaController14skipToPreviousEv
FN:17,27,_Z13initializeSDLv
FN:185,185,_ZZN22PlayingMediaController14skipToPreviousEvENKUlRK9MediaFileE_clES2_
FN:200,275,_ZN22PlayingMediaController13playMediaFileEP9MediaFile
FN:237,243,_ZZN22PlayingMediaController13playMediaFileEP9MediaFileENKUlvE_clEv
FN:260,269,_ZZN22PlayingMediaController13playMediaFileEP9MediaFileENKUlvE0_clEv
FN:278,324,_ZN22PlayingMediaController16startDisplayLoopEv
FN:295,323,_ZZN22PlayingMediaController16startDisplayLoopEvENKUlvE_clEv
FN:30,37,_Z10cleanupSDLv
FN:327,338,_ZN22PlayingMediaController12playPlaylistERSt6vectorI9MediaFileSaIS1_EE
FN:341,343,_ZNK22PlayingMediaController19getCurrentMediaFileEv
FN:346,348,_ZNK22PlayingMediaController18isCurrentlyPlayingEv
FN:351,353,_ZNK22PlayingMediaController23getCurrentPlaylistIndexEv
FN:356,358,_ZNK22PlayingMediaController18getCurrentPlaylistEv
FN:361,364,_ZN22PlayingMediaController19setCurrentMediaFileEP9MediaFile
FN:367,370,_ZN22PlayingMediaController12setIsPlayingEb
FN:373,376,_ZN22PlayingMediaController18setCurrentPlaylistEPSt6vectorI9MediaFileSaIS1_EE
FN:379,382,_ZN22PlayingMediaController23setCurrentPlaylistIndexEm
FN:385,387,_ZNK22PlayingMediaController12getTotalTimeEv
FN:390,392,_ZNK22PlayingMediaController14getCurrentTimeEv
FN:395,397,_ZNK22PlayingMediaController9getVolumeEv
FN:40,84,_ZN22PlayingMediaController12handleActionEi
FN:400,412,_ZN22PlayingMediaController18refreshPlayingViewEv
FN:415,598,_ZN22PlayingMediaController9playVideoERKNSt7__cxx1112basic_stringIcSt11char_traitsIcESaIcEEE
FN:87,95,_ZN22PlayingMediaController12adjustVolumeEi
FN:98,128,_ZN22PlayingMediaController4stopEv
FNDA:0,_ZN22PlayingMediaController10skipToNextEv
FNDA:0,_ZZN22PlayingMediaController10skipToNextEvENKUlRK9MediaFileE_clES2_
FNDA:0,_ZN22PlayingMediaController14skipToPreviousEv
FNDA:0,_Z13initializeSDLv
FNDA:0,_ZZN22PlayingMediaController14skipToPreviousEvENKUlRK9MediaFileE_clES2_
FNDA:0,_ZN22PlayingMediaController13playMediaFileEP9MediaFile
FNDA:0,_ZZN22PlayingMediaController13playMediaFileEP9MediaFileENKUlvE_clEv
FNDA:0,_ZZN22PlayingMediaController13playMediaFileEP9MediaFileENKUlvE0_clEv
FNDA:0,_ZN22PlayingMediaController16startDisplayLoopEv
FNDA:0,_ZZN22PlayingMediaController16startDisplayLoopEvENKUlvE_clEv
FNDA:0,_Z10cleanupSDLv
FNDA:0,_ZN22PlayingMediaController12playPlaylistERSt6vectorI9MediaFileSaIS1_EE
FNDA:0,_ZNK22PlayingMediaController19getCurrentMediaFileEv
FNDA:0,_ZNK22PlayingMediaController18isCurrentlyPlayingEv
FNDA:0,_ZNK22PlayingMediaController23getCurrentPlaylistIndexEv
FNDA:0,_ZNK22PlayingMediaController18getCurrentPlaylistEv
FNDA:0,_ZN22PlayingMediaController19setCurrentMediaFileEP9MediaFile
FNDA:0,_ZN22PlayingMediaController12setIsPlayingEb
FNDA:0,_ZN22PlayingMediaController18setCurrentPlaylistEPSt6vectorI9MediaFileSaIS1_EE
FNDA:0,_ZN22PlayingMediaController23setCurrentPlaylistIndexEm
FNDA:0,_ZNK22PlayingMediaController12getTotalTimeEv
FNDA:0,_ZNK22PlayingMediaController14getCurrentTimeEv
FNDA:0,_ZNK22PlayingMediaController9getVolumeEv
FNDA:0,_ZN22PlayingMediaController12handleActionEi
FNDA:0,_ZN22PlayingMediaController18refreshPlayingViewEv
FNDA:0,_ZN22PlayingMediaController9playVideoERKNSt7__cxx1112basic_stringIcSt11char_traitsIcESaIcEEE
FNDA:0,_ZN22PlayingMediaController12adjustVolumeEi
FNDA:0,_ZN22PlayingMediaController4stopEv
FNF:28
FNH:0
BRDA:18,0,0,-
BRDA:18,0,1,-
BRDA:22,0,0,-
BRDA:22,0,1,-
BRDA:31,0,0,-
BRDA:31,0,1,-
BRDA:41,0,0,-
BRDA:41,0,1,-
BRDA:41,0,2,-
BRDA:41,0,3,-
BRDA:41,0,4,-
BRDA:41,0,5,-
BRDA:41,0,6,-
BRDA:44,0,0,-
BRDA:44,0,1,-
BRDA:66,0,0,-
BRDA:66,e0,1,-
BRDA:67,0,0,-
BRDA:67,e0,1,-
BRDA:68,0,0,-
BRDA:68,e0,1,-
BRDA:79,0,0,-
BRDA:79,e0,1,-
BRDA:79,0,2,-
BRDA:79,e0,3,-
BRDA:88,0,0,-
BRDA:88,0,1,-
BRDA:88,0,2,-
BRDA:88,0,3,-
BRDA:99,0,0,-
BRDA:99,0,1,-
BRDA:104,0,0,-
BRDA:104,0,1,-
BRDA:104,0,2,-
BRDA:104,0,3,-
BRDA:104,0,4,-
BRDA:104,0,5,-
BRDA:109,0,0,-
BRDA:109,0,1,-
BRDA:114,0,0,-
BRDA:114,0,1,-
BRDA:121,0,0,-
BRDA:121,0,1,-
BRDA:122,0,0,-
BRDA:122,0,1,-
BRDA:124,0,0,-
BRDA:124,e0,1,-
BRDA:124,0,2,-
BRDA:124,e0,3,-
BRDA:135,0,0,-
BRDA:135,0,1,-
BRDA:135,0,2,-
BRDA:135,0,3,-
BRDA:135,0,4,-
BRDA:135,0,5,-
BRDA:141,0,0,-
BRDA:141,0,1,-
BRDA:146,0,0,-
BRDA:146,0,1,-
BRDA:149,0,0,-
BRDA:149,e0,1,-
BRDA:150,0,0,-
BRDA:150,e0,1,-
BRDA:150,0,2,-
BRDA:150,e0,3,-
BRDA:151,0,0,-
BRDA:151,0,1,-
BRDA:153,0,0,-
BRDA:153,0,1,-
BRDA:170,0,0,-
BRDA:170,0,1,-
BRDA:170,0,2,-
BRDA:170,0,3,-
BRDA:170,0,4,-
BRDA:170,0,5,-
BRDA:171,0,0,-
BRDA:171,0,1,-
BRDA:176,0,0,-
BRDA:176,0,1,-
BRDA:181,0,0,-
BRDA:181,0,1,-
BRDA:184,0,0,-
BRDA:184,e0,1,-
BRDA:185,0,0,-
BRDA:185,e0,1,-
BRDA:185,0,2,-
BRDA:185,e0,3,-
BRDA:186,0,0,-
BRDA:186,0,1,-
BRDA:186,0,2,-
BRDA:186,0,3,-
BRDA:186,0,4,-
BRDA:186,0,5,-
BRDA:201,0,0,-
BRDA:201,0,1,-
BRDA:202,0,0,-
BRDA:202,e0,1,-
BRDA:207,0,0,-
BRDA:207,e0,1,-
BRDA:208,0,0,-
BRDA:208,e0,1,-
BRDA:211,0,0,-
BRDA:211,e0,1,-
BRDA:211,0,2,-
BRDA:211,0,3,-
BRDA:211,0,4,-
BRDA:211,e0,5,-
BRDA:211,0,6,-
BRDA:211,0,7,-
BRDA:211,0,8,-
BRDA:211,e0,9,-
BRDA:211,0,10,-
BRDA:211,0,11,-
BRDA:211,0,12,-
BRDA:211,0,13,-
BRDA:212,0,0,-
BRDA:212,e0,1,-
BRDA:215,0,0,-
BRDA:215,0,1,-
BRDA:216,0,0,-
BRDA:216,e0,1,-
BRDA:217,0,0,-
BRDA:217,0,1,-
BRDA:218,0,0,-
BRDA:218,e0,1,-
BRDA:224,0,0,-
BRDA:224,e0,1,-
BRDA:225,0,0,-
BRDA:225,0,1,-
BRDA:226,0,0,-
BRDA:226,e0,1,-
BRDA:226,0,2,-
BRDA:226,e0,3,-
BRDA:226,0,4,-
BRDA:226,e0,5,-
BRDA:226,0,6,-
BRDA:226,e0,7,-
BRDA:226,0,8,-
BRDA:226,e0,9,-
BRDA:226,0,10,-
BRDA:226,e0,11,-
BRDA:231,0,0,-
BRDA:231,e0,1,-
BRDA:231,0,2,-
BRDA:231,0,3,-
BRDA:232,0,0,-
BRDA:232,e0,1,-
BRDA:232,0,2,-
BRDA:232,e0,3,-
BRDA:232,0,4,-
BRDA:232,e0,5,-
BRDA:232,0,6,-
BRDA:232,e0,7,-
BRDA:237,0,0,-
BRDA:237,e0,1,-
BRDA:239,0,0,-
BRDA:239,e0,1,-
BRDA:239,0,2,-
BRDA:239,e0,3,-
BRDA:239,0,4,-
BRDA:239,0,5,-
BRDA:240,0,0,-
BRDA:240,0,1,-
BRDA:250,0,0,-
BRDA:250,e0,1,-
BRDA:251,0,0,-
BRDA:251,e0,1,-
BRDA:251,0,2,-
BRDA:251,0,3,-
BRDA:251,0,4,-
BRDA:251,e0,5,-
BRDA:251,0,6,-
BRDA:251,e0,7,-
BRDA:255,0,0,-
BRDA:255,e0,1,-
BRDA:257,0,0,-
BRDA:257,e0,1,-
BRDA:257,0,2,-
BRDA:257,0,3,-
BRDA:257,0,4,-
BRDA:257,e0,5,-
BRDA:257,0,6,-
BRDA:257,0,7,-
BRDA:257,0,8,-
BRDA:257,e0,9,-
BRDA:257,0,10,-
BRDA:257,0,11,-
BRDA:257,0,12,-
BRDA:257,0,13,-
BRDA:260,0,0,-
BRDA:260,e0,1,-
BRDA:261,0,0,-
BRDA:261,e0,1,-
BRDA:268,0,0,-
BRDA:268,e0,1,-
BRDA:269,0,0,-
BRDA:269,e0,1,-
BRDA:270,0,0,-
BRDA:270,e0,1,-
BRDA:273,0,0,-
BRDA:273,e0,1,-
BRDA:273,0,2,-
BRDA:273,e0,3,-
BRDA:273,0,4,-
BRDA:273,e0,5,-
BRDA:275,0,0,-
BRDA:275,0,1,-
BRDA:275,0,2,-
BRDA:275,0,3,-
BRDA:279,0,0,-
BRDA:279,0,1,-
BRDA:288,0,0,-
BRDA:288,0,1,-
BRDA:289,0,0,-
BRDA:289,0,1,-
BRDA:295,0,0,-
BRDA:295,e0,1,-
BRDA:296,0,0,-
BRDA:296,0,1,-
BRDA:298,0,0,-
BRDA:298,e0,1,-
BRDA:301,0,0,-
BRDA:301,e0,1,-
BRDA:302,0,0,-
BRDA:302,e0,1,-
BRDA:303,0,0,-
BRDA:303,0,1,-
BRDA:303,0,2,-
BRDA:303,e0,3,-
BRDA:303,0,4,-
BRDA:303,e0,5,-
BRDA:303,0,6,-
BRDA:303,0,7,-
BRDA:303,0,8,-
BRDA:303,0,9,-
BRDA:311,0,0,-
BRDA:311,e0,1,-
BRDA:313,0,0,-
BRDA:313,0,1,-
BRDA:315,0,0,-
BRDA:315,0,1,-
BRDA:331,0,0,-
BRDA:331,0,1,-
BRDA:362,0,0,-
BRDA:362,e0,1,-
BRDA:368,0,0,-
BRDA:368,e0,1,-
BRDA:374,0,0,-
BRDA:374,e0,1,-
BRDA:380,0,0,-
BRDA:380,e0,1,-
BRDA:402,0,0,-
BRDA:402,0,1,-
BRDA:403,0,0,-
BRDA:403,0,1,-
BRDA:403,0,2,-
BRDA:403,0,3,-
BRDA:405,0,0,-
BRDA:405,e0,1,-
BRDA:406,0,0,-
BRDA:406,e0,1,-
BRDA:417,0,0,-
BRDA:417,e0,1,-
BRDA:418,0,0,-
BRDA:418,e0,1,-
BRDA:418,0,2,-
BRDA:418,0,3,-
BRDA:419,0,0,-
BRDA:419,e0,1,-
BRDA:419,0,2,-
BRDA:419,e0,3,-
BRDA:419,0,4,-
BRDA:419,e0,5,-
BRDA:424,0,0,-
BRDA:424,e0,1,-
BRDA:424,0,2,-
BRDA:424,0,3,-
BRDA:425,0,0,-
BRDA:425,e0,1,-
BRDA:426,0,0,-
BRDA:426,e0,1,-
BRDA:432,0,0,-
BRDA:432,0,1,-
BRDA:433,0,0,-
BRDA:433,0,1,-
BRDA:440,0,0,-
BRDA:440,0,1,-
BRDA:441,0,0,-
BRDA:441,e0,1,-
BRDA:442,0,0,-
BRDA:442,e0,1,-
BRDA:450,0,0,-
BRDA:450,e0,1,-
BRDA:452,0,0,-
BRDA:452,0,1,-
BRDA:453,0,0,-
BRDA:453,e0,1,-
BRDA:454,0,0,-
BRDA:454,e0,1,-
BRDA:459,0,0,-
BRDA:459,e0,1,-
BRDA:460,0,0,-
BRDA:460,e0,1,-
BRDA:460,0,2,-
BRDA:460,0,3,-
BRDA:461,0,0,-
BRDA:461,e0,1,-
BRDA:462,0,0,-
BRDA:462,e0,1,-
BRDA:463,0,0,-
BRDA:463,e0,1,-
BRDA:468,0,0,-
BRDA:468,e0,1,-
BRDA:468,0,2,-
BRDA:468,0,3,-
BRDA:469,0,0,-
BRDA:469,e0,1,-
BRDA:470,0,0,-
BRDA:470,e0,1,-
BRDA:471,0,0,-
BRDA:471,e0,1,-
BRDA:476,0,0,-
BRDA:476,e0,1,-
BRDA:476,0,2,-
BRDA:476,0,3,-
BRDA:476,0,4,-
BRDA:476,e0,5,-
BRDA:476,0,6,-
BRDA:476,0,7,-
BRDA:476,0,8,-
BRDA:476,0,9,-
BRDA:477,0,0,-
BRDA:477,e0,1,-
BRDA:477,0,2,-
BRDA:477,e0,3,-
BRDA:477,0,4,-
BRDA:477,e0,5,-
BRDA:477,0,6,-
BRDA:477,e0,7,-
BRDA:478,0,0,-
BRDA:478,e0,1,-
BRDA:479,0,0,-
BRDA:479,e0,1,-
BRDA:484,0,0,-
BRDA:484,e0,1,-
BRDA:485,0,0,-
BRDA:485,e0,1,-
BRDA:486,0,0,-
BRDA:486,e0,1,-
BRDA:489,0,0,-
BRDA:489,e0,1,-
BRDA:490,0,0,-
BRDA:490,0,1,-
BRDA:491,0,0,-
BRDA:491,e0,1,-
BRDA:491,0,2,-
BRDA:491,e0,3,-
BRDA:491,0,4,-
BRDA:491,e0,5,-
BRDA:491,0,6,-
BRDA:491,e0,7,-
BRDA:492,0,0,-
BRDA:492,e0,1,-
BRDA:493,0,0,-
BRDA:493,e0,1,-
BRDA:494,0,0,-
BRDA:494,e0,1,-
BRDA:495,0,0,-
BRDA:495,e0,1,-
BRDA:500,0,0,-
BRDA:500,e0,1,-
BRDA:501,0,0,-
BRDA:501,e0,1,-
BRDA:501,0,2,-
BRDA:501,e0,3,-
BRDA:501,0,4,-
BRDA:501,e0,5,-
BRDA:503,0,0,-
BRDA:503,e0,1,-
BRDA:503,0,2,-
BRDA:503,e0,3,-
BRDA:503,0,4,-
BRDA:503,e0,5,-
BRDA:503,0,6,-
BRDA:503,e0,7,-
BRDA:503,0,8,-
BRDA:503,e0,9,-
BRDA:503,0,10,-
BRDA:503,e0,11,-
BRDA:503,0,12,-
BRDA:503,e0,13,-
BRDA:503,0,14,-
BRDA:503,e0,15,-
BRDA:504,0,0,-
BRDA:504,e0,1,-
BRDA:504,0,2,-
BRDA:504,e0,3,-
BRDA:504,0,4,-
BRDA:504,e0,5,-
BRDA:504,0,6,-
BRDA:504,e0,7,-
BRDA:506,0,0,-
BRDA:506,e0,1,-
BRDA:507,0,0,-
BRDA:507,e0,1,-
BRDA:508,0,0,-
BRDA:508,e0,1,-
BRDA:510,0,0,-
BRDA:510,e0,1,-
BRDA:513,0,0,-
BRDA:513,e0,1,-
BRDA:514,0,0,-
BRDA:514,e0,1,-
BRDA:515,0,0,-
BRDA:515,e0,1,-
BRDA:520,0,0,-
BRDA:520,e0,1,-
BRDA:521,0,0,-
BRDA:521,e0,1,-
BRDA:522,0,0,-
BRDA:522,e0,1,-
BRDA:525,0,0,-
BRDA:525,e0,1,-
BRDA:529,0,0,-
BRDA:529,0,1,-
BRDA:531,0,0,-
BRDA:531,e0,1,-
BRDA:531,0,2,-
BRDA:531,0,3,-
BRDA:532,0,0,-
BRDA:532,0,1,-
BRDA:534,0,0,-
BRDA:534,0,1,-
BRDA:535,0,0,-
BRDA:535,0,1,-
BRDA:538,0,0,-
BRDA:538,0,1,-
BRDA:538,0,2,-
BRDA:538,0,3,-
BRDA:540,0,0,-
BRDA:540,e0,1,-
BRDA:540,0,2,-
BRDA:540,e0,3,-
BRDA:540,0,4,-
BRDA:540,e0,5,-
BRDA:540,0,6,-
BRDA:540,0,7,-
BRDA:541,0,0,-
BRDA:541,0,1,-
BRDA:542,0,0,-
BRDA:542,e0,1,-
BRDA:547,0,0,-
BRDA:547,e0,1,-
BRDA:549,0,0,-
BRDA:549,0,1,-
BRDA:550,0,0,-
BRDA:550,0,1,-
BRDA:551,0,0,-
BRDA:551,e0,1,-
BRDA:557,0,0,-
BRDA:557,e0,1,-
BRDA:559,0,0,-
BRDA:559,e0,1,-
BRDA:559,0,2,-
BRDA:559,e0,3,-
BRDA:559,0,4,-
BRDA:559,e0,5,-
BRDA:565,0,0,-
BRDA:565,0,1,-
BRDA:566,0,0,-
BRDA:566,e0,1,-
BRDA:566,0,2,-
BRDA:566,0,3,-
BRDA:567,0,0,-
BRDA:567,e0,1,-
BRDA:567,0,2,-
BRDA:567,0,3,-
BRDA:569,0,0,-
BRDA:569,e0,1,-
BRDA:571,0,0,-
BRDA:571,e0,1,-
BRDA:572,0,0,-
BRDA:572,e0,1,-
BRDA:573,0,0,-
BRDA:573,e0,1,-
BRDA:574,0,0,-
BRDA:574,e0,1,-
BRDA:575,0,0,-
BRDA:575,e0,1,-
BRDA:576,0,0,-
BRDA:576,e0,1,-
BRDA:580,0,0,-
BRDA:580,e0,1,-
BRDA:584,0,0,-
BRDA:584,e0,1,-
BRDA:585,0,0,-
BRDA:585,e0,1,-
BRDA:586,0,0,-
BRDA:586,e0,1,-
BRDA:587,0,0,-
BRDA:587,e0,1,-
BRDA:588,0,0,-
BRDA:588,e0,1,-
BRDA:589,0,0,-
BRDA:589,e0,1,-
BRDA:590,0,0,-
BRDA:590,e0,1,-
BRDA:591,0,0,-
BRDA:591,e0,1,-
BRDA:592,0,0,-
BRDA:592,e0,1,-
BRDA:593,0,0,-
BRDA:593,e0,1,-
BRDA:594,0,0,-
BRDA:594,e0,1,-
BRDA:595,0,0,-
BRDA:595,e0,1,-
BRDA:596,0,0,-
BRDA:596,e0,1,-
BRDA:597,0,0,-
BRDA:597,e0,1,-
BRF:521
BRH:0
DA:17,0
DA:18,0
DA:19,0
DA:20,0
DA:22,0
DA:23,0
DA:24,0
DA:26,0
DA:30,0
DA:31,0
DA:32,0
DA:33,0
DA:35,0
DA:36,0
DA:37,0
DA:40,0
DA:41,0
DA:42,0
DA:44,0
DA:45,0
DA:46,0
DA:47,0
DA:49,0
DA:50,0
DA:51,0
DA:53,0
DA:55,0
DA:57,0
DA:58,0
DA:59,0
DA:61,0
DA:62,0
DA:63,0
DA:66,0
DA:67,0
DA:68,0
DA:69,0
DA:71,0
DA:73,0
DA:74,0
DA:75,0
DA:77,0
DA:78,0
DA:79,0
DA:81,0
DA:82,0
DA:84,0
DA:87,0
DA:88,0
DA:89,0
DA:90,0
DA:93,0
DA:94,0
DA:98,0
DA:99,0
DA:101,0
DA:104,0
DA:105,0
DA:109,0
DA:110,0
DA:114,0
DA:115,0
DA:116,0
DA:120,0
DA:121,0
DA:122,0
DA:123,0
DA:124,0
DA:127,0
DA:131,0
DA:132,0
DA:135,0
DA:136,0
DA:137,0
DA:140,0
DA:141,0
DA:142,0
DA:143,0
DA:146,0
DA:147,0
DA:149,0
DA:150,0
DA:151,0
DA:152,0
DA:153,0
DA:155,0
DA:161,0
DA:165,0
DA:167,0
DA:170,0
DA:171,0
DA:172,0
DA:175,0
DA:176,0
DA:177,0
DA:178,0
DA:181,0
DA:182,0
DA:184,0
DA:185,0
DA:186,0
DA:187,0
DA:188,0
DA:190,0
DA:196,0
DA:200,0
DA:201,0
DA:202,0
DA:203,0
DA:207,0
DA:208,0
DA:211,0
DA:212,0
DA:213,0
DA:215,0
DA:216,0
DA:217,0
DA:218,0
DA:219,0
DA:224,0
DA:225,0
DA:226,0
DA:227,0
DA:231,0
DA:232,0
DA:233,0
DA:237,0
DA:238,0
DA:239,0
DA:240,0
DA:241,0
DA:243,0
DA:246,0
DA:247,0
DA:250,0
DA:251,0
DA:252,0
DA:255,0
DA:257,0
DA:259,0
DA:260,0
DA:261,0
DA:262,0
DA:266,0
DA:267,0
DA:268,0
DA:269,0
DA:270,0
DA:272,0
DA:273,0
DA:275,0
DA:278,0
DA:279,0
DA:281,0
DA:282,0
DA:283,0
DA:287,0
DA:288,0
DA:289,0
DA:290,0
DA:291,0
DA:295,0
DA:296,0
DA:298,0
DA:301,0
DA:302,0
DA:303,0
DA:308,0
DA:311,0
DA:313,0
DA:314,0
DA:315,0
DA:317,0
DA:318,0
DA:319,0
DA:323,0
DA:327,0
DA:328,0
DA:329,0
DA:331,0
DA:333,0
DA:334,0
DA:336,0
DA:338,0
DA:341,0
DA:342,0
DA:346,0
DA:347,0
DA:351,0
DA:352,0
DA:356,0
DA:357,0
DA:361,0
DA:362,0
DA:363,0
DA:364,0
DA:367,0
DA:368,0
DA:369,0
DA:370,0
DA:373,0
DA:374,0
DA:375,0
DA:376,0
DA:379,0
DA:380,0
DA:381,0
DA:382,0
DA:385,0
DA:386,0
DA:390,0
DA:391,0
DA:395,0
DA:396,0
DA:400,0
DA:401,0
DA:402,0
DA:403,0
DA:404,0
DA:405,0
DA:406,0
DA:412,0
DA:415,0
DA:417,0
DA:418,0
DA:419,0
DA:420,0
DA:424,0
DA:425,0
DA:426,0
DA:427,0
DA:431,0
DA:432,0
DA:433,0
DA:434,0
DA:435,0
DA:440,0
DA:441,0
DA:442,0
DA:443,0
DA:447,0
DA:448,0
DA:450,0
DA:452,0
DA:453,0
DA:454,0
DA:455,0
DA:459,0
DA:460,0
DA:461,0
DA:462,0
DA:463,0
DA:464,0
DA:468,0
DA:469,0
DA:470,0
DA:471,0
DA:472,0
DA:476,0
DA:477,0
DA:478,0
DA:479,0
DA:480,0
DA:484,0
DA:485,0
DA:486,0
DA:489,0
DA:490,0
DA:491,0
DA:492,0
DA:493,0
DA:494,0
DA:495,0
DA:496,0
DA:499,0
DA:500,0
DA:501,0
DA:503,0
DA:504,0
DA:506,0
DA:507,0
DA:508,0
DA:509,0
DA:510,0
DA:513,0
DA:514,0
DA:515,0
DA:520,0
DA:521,0
DA:522,0
DA:525,0
DA:527,0
DA:529,0
DA:531,0
DA:532,0
DA:533,0
DA:534,0
DA:535,0
DA:536,0
DA:538,0
DA:539,0
DA:540,0
DA:541,0
DA:542,0
DA:547,0
DA:549,0
DA:550,0
DA:551,0
DA:552,0
DA:555,0
DA:556,0
DA:557,0
DA:559,0
DA:561,0
DA:565,0
DA:566,0
DA:567,0
DA:568,0
DA:569,0
DA:570,0
DA:571,0
DA:572,0
DA:573,0
DA:574,0
DA:575,0
DA:576,0
DA:580,0
DA:584,0
DA:585,0
DA:586,0
DA:587,0
DA:588,0
DA:589,0
DA:590,0
DA:591,0
DA:592,0
DA:593,0
DA:594,0
DA:595,0
DA:596,0
DA:597,0
DA:598,0
LF:342
LH:0
end_of_record
TN:
SF:/home/kist/Documents/workspace/MOCK-project/src/controller/PlaylistController.cpp
FN:14,14,_ZN18PlaylistControllerC2Ev
FN:169,186,_ZN18PlaylistController14createPlaylistERKNSt7__cxx1112basic_stringIcSt11char_traitsIcESaIcEEE
FN:17,166,_ZN18PlaylistController12handleActionEi
FN:189,249,_ZN18PlaylistController14deletePlaylistEv
FN:229,237,_ZZN18PlaylistController14deletePlaylistEvENKUlvE_clEv
FN:240,246,_ZZN18PlaylistController14deletePlaylistEvENKUlN5ftxui5EventEE_clES1_
FN:252,269,_ZN18PlaylistController19viewPlaylistDetailsERKNSt7__cxx1112basic_stringIcSt11char_traitsIcESaIcEEE
FN:272,288,_ZN18PlaylistController16listAllPlaylistsEv
FN:28,37,_ZZN18PlaylistController12handleActionEiENKUlvE_clEv
FN:291,321,_ZN18PlaylistController12playPlaylistERKNSt7__cxx1112basic_stringIcSt11char_traitsIcESaIcEEE
FN:43,55,_ZZN18PlaylistController12handleActionEiENKUlN5ftxui5EventEE_clES1_
FN:73,79,_ZZN18PlaylistController12handleActionEiENKUlvE0_clEv
FN:82,88,_ZZN18PlaylistController12handleActionEiENKUlN5ftxui5EventEE0_clES1_
FNDA:24,_ZN18PlaylistControllerC2Ev
FNDA:0,_ZN18PlaylistController14createPlaylistERKNSt7__cxx1112basic_stringIcSt11char_traitsIcESaIcEEE
FNDA:0,_ZN18PlaylistController12handleActionEi
FNDA:0,_ZN18PlaylistController14deletePlaylistEv
FNDA:0,_ZZN18PlaylistController14deletePlaylistEvENKUlvE_clEv
FNDA:0,_ZZN18PlaylistController14deletePlaylistEvENKUlN5ftxui5EventEE_clES1_
FNDA:0,_ZN18PlaylistController19viewPlaylistDetailsERKNSt7__cxx1112basic_stringIcSt11char_traitsIcESaIcEEE
FNDA:0,_ZN18PlaylistController16listAllPlaylistsEv
FNDA:0,_ZZN18PlaylistController12handleActionEiENKUlvE_clEv
FNDA:0,_ZN18PlaylistController12playPlaylistERKNSt7__cxx1112basic_stringIcSt11char_traitsIcESaIcEEE
FNDA:0,_ZZN18PlaylistController12handleActionEiENKUlN5ftxui5EventEE_clES1_
FNDA:0,_ZZN18PlaylistController12handleActionEiENKUlvE0_clEv
FNDA:0,_ZZN18PlaylistController12handleActionEiENKUlN5ftxui5EventEE0_clES1_
FNF:13
FNH:1
BRDA:18,0,0,-
BRDA:18,0,1,-
BRDA:18,0,2,-
BRDA:18,0,3,-
BRDA:18,0,4,-
BRDA:18,0,5,-
BRDA:18,0,6,-
BRDA:22,0,0,-
BRDA:22,e0,1,-
BRDA:27,0,0,-
BRDA:27,e0,1,-
BRDA:27,0,2,-
BRDA:27,e0,3,-
BRDA:27,0,4,-
BRDA:27,e0,5,-
BRDA:29,0,0,-
BRDA:29,e0,1,-
BRDA:29,0,2,-
BRDA:29,e0,3,-
BRDA:29,0,4,-
BRDA:29,0,5,-
BRDA:29,0,6,-
BRDA:29,0,7,-
BRDA:30,0,0,-
BRDA:30,e0,1,-
BRDA:30,0,2,-
BRDA:30,e0,3,-
BRDA:30,0,4,-
BRDA:30,e0,5,-
BRDA:32,0,0,-
BRDA:32,e0,1,-
BRDA:32,0,2,-
BRDA:32,e0,3,-
BRDA:33,0,0,-
BRDA:33,e0,1,-
BRDA:35,0,0,-
BRDA:35,e0,1,-
BRDA:35,0,2,-
BRDA:35,e0,3,-
BRDA:35,0,4,-
BRDA:35,e0,5,-
BRDA:36,0,0,-
BRDA:36,e0,1,-
BRDA:37,0,0,-
BRDA:37,e0,1,-
BRDA:37,0,2,-
BRDA:37,e0,3,-
BRDA:37,0,4,-
BRDA:37,e0,5,-
BRDA:37,0,6,-
BRDA:37,e0,7,-
BRDA:37,0,8,-
BRDA:37,e0,9,-
BRDA:37,0,10,-
BRDA:37,e0,11,-
BRDA:37,0,12,-
BRDA:37,e0,13,-
BRDA:37,0,14,-
BRDA:37,0,15,-
BRDA:37,0,16,-
BRDA:37,0,17,-
BRDA:39,0,0,-
BRDA:39,e0,1,-
BRDA:44,0,0,-
BRDA:44,0,1,-
BRDA:46,0,0,-
BRDA:46,e0,1,-
BRDA:46,0,2,-
BRDA:46,e0,3,-
BRDA:49,0,0,-
BRDA:49,0,1,-
BRDA:51,0,0,-
BRDA:51,e0,1,-
BRDA:51,0,2,-
BRDA:51,e0,3,-
BRDA:55,0,0,-
BRDA:55,e0,1,-
BRDA:57,0,0,-
BRDA:57,e0,1,-
BRDA:60,0,0,-
BRDA:60,0,1,-
BRDA:60,0,2,-
BRDA:60,0,3,-
BRDA:60,0,4,-
BRDA:60,0,5,-
BRDA:61,0,0,-
BRDA:61,e0,1,-
BRDA:62,0,0,-
BRDA:62,e0,1,-
BRDA:62,0,2,-
BRDA:62,e0,3,-
BRDA:63,0,0,-
BRDA:63,e0,1,-
BRDA:63,0,2,-
BRDA:63,e0,3,-
BRDA:64,0,0,-
BRDA:64,0,1,-
BRDA:65,0,0,-
BRDA:65,e0,1,-
BRDA:66,0,0,-
BRDA:66,e0,1,-
BRDA:66,0,2,-
BRDA:66,e0,3,-
BRDA:68,0,0,-
BRDA:68,e0,1,-
BRDA:69,0,0,-
BRDA:69,e0,1,-
BRDA:69,0,2,-
BRDA:69,e0,3,-
BRDA:74,0,0,-
BRDA:74,e0,1,-
BRDA:74,0,2,-
BRDA:74,e0,3,-
BRDA:74,0,4,-
BRDA:74,0,5,-
BRDA:74,0,6,-
BRDA:74,0,7,-
BRDA:75,0,0,-
BRDA:75,e0,1,-
BRDA:75,0,2,-
BRDA:75,e0,3,-
BRDA:75,0,4,-
BRDA:75,e0,5,-
BRDA:75,0,6,-
BRDA:75,e0,7,-
BRDA:75,0,8,-
BRDA:75,e0,9,-
BRDA:77,0,0,-
BRDA:77,e0,1,-
BRDA:77,0,2,-
BRDA:77,e0,3,-
BRDA:77,0,4,-
BRDA:77,e0,5,-
BRDA:78,0,0,-
BRDA:78,e0,1,-
BRDA:79,0,0,-
BRDA:79,e0,1,-
BRDA:79,0,2,-
BRDA:79,e0,3,-
BRDA:79,0,4,-
BRDA:79,e0,5,-
BRDA:79,0,6,-
BRDA:79,e0,7,-
BRDA:79,0,8,-
BRDA:79,0,9,-
BRDA:79,0,10,-
BRDA:79,0,11,-
BRDA:83,0,0,-
BRDA:83,0,1,-
BRDA:84,0,0,-
BRDA:84,e0,1,-
BRDA:84,0,2,-
BRDA:84,e0,3,-
BRDA:88,0,0,-
BRDA:88,e0,1,-
BRDA:90,0,0,-
BRDA:90,e0,1,-
BRDA:91,0,0,-
BRDA:91,e0,1,-
BRDA:92,0,0,-
BRDA:92,e0,1,-
BRDA:104,0,0,-
BRDA:104,e0,1,-
BRDA:104,0,2,-
BRDA:104,e0,3,-
BRDA:104,0,4,-
BRDA:104,e0,5,-
BRDA:104,0,6,-
BRDA:104,0,7,-
BRDA:105,0,0,-
BRDA:105,0,1,-
BRDA:106,0,0,-
BRDA:106,e0,1,-
BRDA:110,0,0,-
BRDA:110,e0,1,-
BRDA:112,0,0,-
BRDA:112,e0,1,-
BRDA:112,0,2,-
BRDA:112,e0,3,-
BRDA:113,0,0,-
BRDA:113,e0,1,-
BRDA:115,0,0,-
BRDA:115,e0,1,-
BRDA:117,0,0,-
BRDA:117,e0,1,-
BRDA:118,0,0,-
BRDA:118,e0,1,-
BRDA:119,0,0,-
BRDA:119,e0,1,-
BRDA:129,0,0,-
BRDA:129,e0,1,-
BRDA:129,0,2,-
BRDA:129,e0,3,-
BRDA:129,0,4,-
BRDA:129,e0,5,-
BRDA:129,0,6,-
BRDA:129,0,7,-
BRDA:130,0,0,-
BRDA:130,0,1,-
BRDA:131,0,0,-
BRDA:131,e0,1,-
BRDA:135,0,0,-
BRDA:135,e0,1,-
BRDA:136,0,0,-
BRDA:136,0,1,-
BRDA:137,0,0,-
BRDA:137,e0,1,-
BRDA:141,0,0,-
BRDA:141,e0,1,-
BRDA:141,0,2,-
BRDA:141,e0,3,-
BRDA:142,0,0,-
BRDA:142,e0,1,-
BRDA:144,0,0,-
BRDA:144,e0,1,-
BRDA:145,0,0,-
BRDA:145,e0,1,-
BRDA:152,0,0,-
BRDA:152,e0,1,-
BRDA:152,0,2,-
BRDA:152,e0,3,-
BRDA:152,0,4,-
BRDA:152,0,5,-
BRDA:154,0,0,-
BRDA:154,0,1,-
BRDA:159,0,0,-
BRDA:159,e0,1,-
BRDA:159,0,2,-
BRDA:159,e0,3,-
BRDA:166,0,0,-
BRDA:166,e0,1,-
BRDA:166,0,2,-
BRDA:166,e0,3,-
BRDA:166,0,4,-
BRDA:166,e0,5,-
BRDA:166,0,6,-
BRDA:166,0,7,-
BRDA:166,0,8,-
BRDA:166,0,9,-
BRDA:166,0,10,-
BRDA:166,0,11,-
BRDA:166,0,12,-
BRDA:166,0,13,-
BRDA:166,0,14,-
BRDA:166,0,15,-
BRDA:173,0,0,-
BRDA:173,0,1,-
BRDA:174,0,0,-
BRDA:174,e0,1,-
BRDA:174,0,2,-
BRDA:174,e0,3,-
BRDA:179,0,0,-
BRDA:179,e0,1,-
BRDA:179,0,2,-
BRDA:179,e0,3,-
BRDA:180,0,0,0
BRDA:180,0,1,0
BRDA:181,0,0,0
BRDA:181,e0,1,0
BRDA:181,0,2,0
BRDA:181,e0,3,0
BRDA:181,0,4,0
BRDA:181,e0,5,0
BRDA:190,0,0,-
BRDA:190,e0,1,-
BRDA:190,0,2,-
BRDA:190,e0,3,-
BRDA:191,0,0,-
BRDA:191,e0,1,-
BRDA:193,0,0,-
BRDA:193,0,1,-
BRDA:194,0,0,-
BRDA:194,e0,1,-
BRDA:199,0,0,-
BRDA:199,e0,1,-
BRDA:199,0,2,-
BRDA:199,e0,3,-
BRDA:199,0,4,-
BRDA:199,e0,5,-
BRDA:199,0,6,-
BRDA:199,0,7,-
BRDA:200,0,0,-
BRDA:200,0,1,-
BRDA:201,0,0,-
BRDA:201,e0,1,-
BRDA:206,0,0,-
BRDA:206,e0,1,-
BRDA:207,0,0,-
BRDA:207,0,1,-
BRDA:207,0,2,-
BRDA:207,0,3,-
BRDA:207,0,4,-
BRDA:207,0,5,-
BRDA:208,0,0,-
BRDA:208,e0,1,-
BRDA:213,0,0,-
BRDA:213,e0,1,-
BRDA:214,0,0,-
BRDA:214,e0,1,-
BRDA:216,0,0,-
BRDA:216,e0,1,-
BRDA:216,0,2,-
BRDA:216,e0,3,-
BRDA:220,0,0,-
BRDA:220,e0,1,-
BRDA:220,0,2,-
BRDA:220,e0,3,-
BRDA:221,0,0,-
BRDA:221,e0,1,-
BRDA:222,0,0,0
BRDA:222,0,1,0
BRDA:223,0,0,0
BRDA:223,e0,1,0
BRDA:223,0,2,0
BRDA:223,e0,3,0
BRDA:228,0,0,-
BRDA:228,e0,1,-
BRDA:231,0,0,-
BRDA:231,e0,1,-
BRDA:231,0,2,-
BRDA:231,e0,3,-
BRDA:231,0,4,-
BRDA:231,e0,5,-
BRDA:233,0,0,-
BRDA:233,0,1,-
BRDA:233,0,2,-
BRDA:233,e0,3,-
BRDA:233,0,4,-
BRDA:233,e0,5,-
BRDA:233,0,6,-
BRDA:233,e0,7,-
BRDA:233,0,8,-
BRDA:233,e0,9,-
BRDA:233,0,10,-
BRDA:233,e0,11,-
BRDA:233,0,12,-
BRDA:233,e0,13,-
BRDA:233,0,14,-
BRDA:233,e0,15,-
BRDA:235,0,0,-
BRDA:235,e0,1,-
BRDA:235,0,2,-
BRDA:235,e0,3,-
BRDA:235,0,4,-
BRDA:235,e0,5,-
BRDA:236,0,0,-
BRDA:236,e0,1,-
BRDA:236,0,2,-
BRDA:236,e0,3,-
BRDA:236,0,4,-
BRDA:236,0,5,-
BRDA:236,0,6,-
BRDA:236,0,7,-
BRDA:237,0,0,-
BRDA:237,e0,1,-
BRDA:237,0,2,-
BRDA:237,e0,3,-
BRDA:237,0,4,-
BRDA:237,e0,5,-
BRDA:237,0,6,-
BRDA:237,e0,7,-
BRDA:237,0,8,-
BRDA:237,e0,9,-
BRDA:237,0,10,-
BRDA:237,e0,11,-
BRDA:237,0,12,-
BRDA:237,0,13,-
BRDA:237,0,14,-
BRDA:237,0,15,-
BRDA:241,0,0,-
BRDA:241,0,1,-
BRDA:242,0,0,-
BRDA:242,e0,1,-
BRDA:242,0,2,-
BRDA:242,e0,3,-
BRDA:246,0,0,-
BRDA:246,e0,1,-
BRDA:248,0,0,-
BRDA:248,e0,1,-
BRDA:256,0,0,-
BRDA:256,0,1,-
BRDA:262,0,0,-
BRDA:262,0,1,-
BRDA:263,0,0,-
BRDA:263,0,1,-
BRDA:275,0,0,-
BRDA:275,0,1,-
BRDA:277,0,0,-
BRDA:277,0,1,-
BRDA:283,0,0,-
BRDA:283,0,1,-
BRDA:295,0,0,-
BRDA:295,0,1,-
BRDA:302,0,0,-
BRDA:302,0,1,-
BRDA:308,0,0,-
BRDA:308,e0,1,-
BRDA:308,0,2,-
BRDA:308,e0,3,-
BRDA:312,0,0,-
BRDA:312,e0,1,-
BRDA:312,0,2,-
BRDA:312,e0,3,-
BRDA:312,0,4,-
BRDA:312,0,5,-
BRDA:314,0,0,-
BRDA:314,0,1,-
BRF:407
BRH:0
DA:14,24
DA:17,0
DA:18,0
DA:19,0
DA:21,0
DA:22,0
DA:23,0
DA:24,0
DA:27,0
DA:28,0
DA:29,0
DA:30,0
DA:32,0
DA:33,0
DA:35,0
DA:36,0
DA:37,0
DA:39,0
DA:40,0
DA:43,0
DA:44,0
DA:45,0
DA:46,0
DA:47,0
DA:49,0
DA:50,0
DA:51,0
DA:52,0
DA:54,0
DA:55,0
DA:57,0
DA:60,0
DA:61,0
DA:62,0
DA:63,0
DA:64,0
DA:65,0
DA:66,0
DA:68,0
DA:69,0
DA:73,0
DA:74,0
DA:75,0
DA:77,0
DA:78,0
DA:79,0
DA:82,0
DA:83,0
DA:84,0
DA:85,0
DA:87,0
DA:88,0
DA:90,0
DA:91,0
DA:92,0
DA:93,0
DA:94,0
DA:95,0
DA:97,0
DA:98,0
DA:99,0
DA:100,0
DA:102,0
DA:104,0
DA:105,0
DA:106,0
DA:107,0
DA:110,0
DA:112,0
DA:113,0
DA:115,0
DA:117,0
DA:118,0
DA:119,0
DA:120,0
DA:121,0
DA:122,0
DA:124,0
DA:125,0
DA:126,0
DA:127,0
DA:129,0
DA:130,0
DA:131,0
DA:132,0
DA:135,0
DA:136,0
DA:137,0
DA:138,0
DA:141,0
DA:142,0
DA:144,0
DA:145,0
DA:146,0
DA:147,0
DA:149,0
DA:151,0
DA:152,0
DA:154,0
DA:155,0
DA:156,0
DA:157,0
DA:158,0
DA:159,0
DA:160,0
DA:162,0
DA:163,0
DA:164,0
DA:166,0
DA:169,0
DA:170,0
DA:173,0
DA:174,0
DA:175,0
DA:179,0
DA:180,0
DA:181,0
DA:182,0
DA:184,0
DA:186,0
DA:189,0
DA:190,0
DA:191,0
DA:193,0
DA:194,0
DA:195,0
DA:198,0
DA:199,0
DA:200,0
DA:201,0
DA:202,0
DA:206,0
DA:207,0
DA:208,0
DA:209,0
DA:213,0
DA:214,0
DA:216,0
DA:217,0
DA:220,0
DA:221,0
DA:222,0
DA:223,0
DA:224,0
DA:225,0
DA:228,0
DA:229,0
DA:230,0
DA:231,0
DA:233,0
DA:235,0
DA:236,0
DA:237,0
DA:240,0
DA:241,0
DA:242,0
DA:243,0
DA:245,0
DA:246,0
DA:248,0
DA:249,0
DA:252,0
DA:253,0
DA:254,0
DA:256,0
DA:257,0
DA:258,0
DA:261,0
DA:262,0
DA:263,0
DA:264,0
DA:265,0
DA:268,0
DA:272,0
DA:273,0
DA:274,0
DA:275,0
DA:277,0
DA:278,0
DA:279,0
DA:282,0
DA:283,0
DA:284,0
DA:286,0
DA:291,0
DA:292,0
DA:293,0
DA:295,0
DA:296,0
DA:297,0
DA:300,0
DA:302,0
DA:303,0
DA:304,0
DA:308,0
DA:309,0
DA:311,0
DA:312,0
DA:314,0
DA:315,0
DA:316,0
DA:320,0
LF:202
LH:1
end_of_record
TN:
SF:/home/kist/Documents/workspace/MOCK-project/src/hardware/HardwareController.cpp
FN:19,24,_ZN8HardwareD2Ev
FN:27,41,_ZN8Hardware14startListeningEv
FN:44,98,_ZN8Hardware13handleCommandERNSt7__cxx1112basic_stringIcSt11char_traitsIcESaIcEEE
FN:9,16,_ZN8HardwareC2ERKNSt7__cxx1112basic_stringIcSt11char_traitsIcESaIcEEEj
FNDA:0,_ZN8HardwareD2Ev
FNDA:0,_ZN8Hardware14startListeningEv
FNDA:0,_ZN8Hardware13handleCommandERNSt7__cxx1112basic_stringIcSt11char_traitsIcESaIcEEE
FNDA:0,_ZN8HardwareC2ERKNSt7__cxx1112basic_stringIcSt11char_traitsIcESaIcEEEj
FNF:4
FNH:0
BRDA:10,0,0,-
BRDA:10,e0,1,-
BRDA:11,0,0,-
BRDA:11,e0,1,-
BRDA:12,0,0,-
BRDA:12,e0,1,-
BRDA:12,0,2,-
BRDA:12,e0,3,-
BRDA:13,0,0,-
BRDA:13,e0,1,-
BRDA:13,0,2,-
BRDA:13,e0,3,-
BRDA:14,0,0,-
BRDA:14,e0,1,-
BRDA:14,0,2,-
BRDA:14,e0,3,-
BRDA:15,0,0,-
BRDA:15,e0,1,-
BRDA:15,0,2,-
BRDA:15,e0,3,-
BRDA:20,0,0,-
BRDA:20,0,1,-
BRDA:28,0,0,-
BRDA:28,e0,1,-
BRDA:32,0,0,-
BRDA:32,e0,1,-
BRDA:33,0,0,-
BRDA:33,e0,1,-
BRDA:35,0,0,-
BRDA:35,e0,1,-
BRDA:36,0,0,-
BRDA:36,e0,1,-
BRDA:36,0,2,-
BRDA:36,e0,3,-
BRDA:37,0,0,-
BRDA:37,e0,1,-
BRDA:38,0,0,-
BRDA:38,e0,1,-
BRDA:39,0,0,-
BRDA:39,e0,1,-
BRDA:46,0,0,-
BRDA:46,e0,1,-
BRDA:46,0,2,-
BRDA:46,e0,3,-
BRDA:47,0,0,-
BRDA:47,e0,1,-
BRDA:47,0,2,-
BRDA:47,e0,3,-
BRDA:51,0,0,-
BRDA:51,e0,1,-
BRDA:51,0,2,-
BRDA:51,e0,3,-
BRDA:51,0,4,-
BRDA:51,0,5,-
BRDA:54,0,0,-
BRDA:54,0,1,-
BRDA:55,0,0,-
BRDA:55,e0,1,-
BRDA:58,0,0,-
BRDA:58,0,1,-
BRDA:58,0,2,-
BRDA:58,0,3,-
BRDA:58,0,4,-
BRDA:58,0,5,-
BRDA:61,0,0,-
BRDA:61,e0,1,-
BRDA:63,0,0,-
BRDA:63,0,1,-
BRDA:64,0,0,-
BRDA:64,e0,1,-
BRDA:69,0,0,0
BRDA:69,0,1,0
BRDA:70,0,0,0
BRDA:70,e0,1,0
BRDA:70,0,2,0
BRDA:70,e0,3,0
BRDA:70,0,4,0
BRDA:70,e0,5,0
BRDA:72,0,0,-
BRDA:72,0,1,-
BRDA:74,0,0,-
BRDA:74,0,1,-
BRDA:77,0,0,-
BRDA:77,0,1,-
BRDA:80,0,0,-
BRDA:80,0,1,-
BRDA:82,0,0,-
BRDA:82,0,1,-
BRDA:89,0,0,-
BRDA:89,0,1,-
BRF:90
BRH:0
DA:9,0
DA:10,0
DA:11,0
DA:12,0
DA:13,0
DA:14,0
DA:15,0
DA:16,0
DA:19,0
DA:20,0
DA:21,0
DA:22,0
DA:24,0
DA:27,0
DA:28,0
DA:32,0
DA:33,0
DA:34,0
DA:35,0
DA:36,0
DA:37,0
DA:38,0
DA:39,0
DA:40,0
DA:41,0
DA:44,0
DA:46,0
DA:47,0
DA:50,0
DA:51,0
DA:54,0
DA:55,0
DA:58,0
DA:61,0
DA:62,0
DA:63,0
DA:64,0
DA:65,0
DA:69,0
DA:70,0
DA:71,0
DA:72,0
DA:74,0
DA:76,0
DA:77,0
DA:79,0
DA:80,0
DA:82,0
DA:83,0
DA:84,0
DA:86,0
DA:87,0
DA:89,0
DA:91,0
DA:93,0
DA:96,0
DA:98,0
LF:57
LH:0
end_of_record
TN:
SF:/home/kist/Documents/workspace/MOCK-project/src/model/ManagerModel.cpp
FN:12,15,_ZN12ManagerModel11getInstanceEv
FN:17,19,_ZN12ManagerModel15getMediaLibraryEv
FN:21,23,_ZN12ManagerModel18getPlaylistLibraryEv
FN:25,27,_ZN12ManagerModel15getPlayingMediaEv
FN:28,30,_ZN12ManagerModel11setInstanceEPS_
FN:6,10,_ZN12ManagerModelC2Ev
FNDA:31,_ZN12ManagerModel11getInstanceEv
FNDA:5,_ZN12ManagerModel15getMediaLibraryEv
FNDA:27,_ZN12ManagerModel18getPlaylistLibraryEv
FNDA:0,_ZN12ManagerModel15getPlayingMediaEv
FNDA:14,_ZN12ManagerModel11setInstanceEPS_
FNDA:11,_ZN12ManagerModelC2Ev
FNF:6
FNH:5
BRDA:8,0,0,11
BRDA:8,e0,1,0
BRDA:9,0,0,11
BRDA:9,e0,1,0
BRDA:13,0,0,4
BRDA:13,0,1,27
BRDA:13,0,2,4
BRDA:13,0,3,0
BRDA:13,0,4,4
BRDA:13,e0,5,0
BRDA:13,0,6,0
BRDA:13,0,7,0
BRF:12
BRH:6
DA:6,11
DA:7,11
DA:8,11
DA:9,22
DA:10,11
DA:12,31
DA:13,31
DA:14,31
DA:17,5
DA:18,5
DA:21,27
DA:22,27
DA:25,0
DA:26,0
DA:28,14
DA:29,14
DA:30,14
LF:17
LH:15
end_of_record
TN:
SF:/home/kist/Documents/workspace/MOCK-project/src/model/MediaFile.cpp
FN:10,12,_ZNK9MediaFile8getIndexEv
FN:14,16,_ZN9MediaFile8setIndexEi
FN:18,20,_ZNK9MediaFile7getNameB5cxx11Ev
FN:22,24,_ZNK9MediaFile7getPathB5cxx11Ev
FN:26,28,_ZNK9MediaFile7getTypeB5cxx11Ev
FN:30,32,_ZNK9MediaFile11getMetadataEv
FN:34,36,_ZN9MediaFile11setMetadataERK8Metadata
FN:38,40,_ZNK9MediaFile7getInfoB5cxx11Ev
FN:42,45,_ZNK9MediaFile11getDurationEv
FN:47,51,_ZNK9MediaFile7isAudioEv
FN:5,5,_ZN9MediaFileC2Ev
FN:53,57,_ZNK9MediaFile7isVideoEv
FN:7,8,_ZN9MediaFileC2EiRKNSt7__cxx1112basic_stringIcSt11char_traitsIcESaIcEEES7_S7_
FNDA:3,_ZNK9MediaFile8getIndexEv
FNDA:0,_ZN9MediaFile8setIndexEi
FNDA:0,_ZNK9MediaFile7getNameB5cxx11Ev
FNDA:164,_ZNK9MediaFile7getPathB5cxx11Ev
FNDA:0,_ZNK9MediaFile7getTypeB5cxx11Ev
FNDA:0,_ZNK9MediaFile11getMetadataEv
FNDA:0,_ZN9MediaFile11setMetadataERK8Metadata
FNDA:0,_ZNK9MediaFile7getInfoB5cxx11Ev
FNDA:0,_ZNK9MediaFile11getDurationEv
FNDA:0,_ZNK9MediaFile7isAudioEv
FNDA:0,_ZN9MediaFileC2Ev
FNDA:0,_ZNK9MediaFile7isVideoEv
FNDA:119,_ZN9MediaFileC2EiRKNSt7__cxx1112basic_stringIcSt11char_traitsIcESaIcEEES7_S7_
FNF:13
FNH:3
BRDA:8,0,0,119
BRDA:8,e0,1,0
BRDA:8,0,2,119
BRDA:8,e0,3,0
BRDA:39,0,0,-
BRDA:39,e0,1,-
BRDA:39,0,2,-
BRDA:39,e0,3,-
BRDA:39,0,4,-
BRDA:39,e0,5,-
BRDA:48,0,0,-
BRDA:48,e0,1,-
BRDA:50,0,0,-
BRDA:50,e0,1,-
BRDA:50,0,2,-
BRDA:50,0,3,-
BRDA:50,0,4,-
BRDA:50,e0,5,-
BRDA:50,0,6,-
BRDA:50,0,7,-
BRDA:50,0,8,-
BRDA:50,e0,9,-
BRDA:50,0,10,-
BRDA:50,0,11,-
BRDA:50,0,12,-
BRDA:50,e0,13,-
BRDA:50,0,14,-
BRDA:50,0,15,-
BRDA:54,0,0,-
BRDA:54,e0,1,-
BRDA:56,0,0,-
BRDA:56,e0,1,-
BRDA:56,0,2,-
BRDA:56,0,3,-
BRDA:56,0,4,-
BRDA:56,e0,5,-
BRDA:56,0,6,-
BRDA:56,0,7,-
BRDA:56,0,8,-
BRDA:56,e0,9,-
BRDA:56,0,10,-
BRDA:56,0,11,-
BRDA:56,0,12,-
BRDA:56,e0,13,-
BRDA:56,0,14,-
BRDA:56,0,15,-
BRF:46
BRH:2
DA:5,0
DA:7,119
DA:8,119
DA:10,3
DA:11,3
DA:14,0
DA:15,0
DA:16,0
DA:18,0
DA:19,0
DA:22,164
DA:23,164
DA:26,0
DA:27,0
DA:30,0
DA:31,0
DA:34,0
DA:35,0
DA:36,0
DA:38,0
DA:39,0
DA:42,0
DA:44,0
DA:47,0
DA:48,0
DA:49,0
DA:50,0
DA:51,0
DA:53,0
DA:54,0
DA:55,0
DA:56,0
DA:57,0
LF:33
LH:6
end_of_record
TN:
SF:/home/kist/Documents/workspace/MOCK-project/src/model/MediaLibrary.cpp
FN:11,13,_ZNK12MediaLibrary13getTotalPagesEi
FN:15,19,_ZNK12MediaLibrary20getMediaFilesForPageEii
FN:21,43,_ZN12MediaLibrary13scanDirectoryERKNSt7__cxx1112basic_stringIcSt11char_traitsIcESaIcEEE
FN:45,47,_ZN12MediaLibrary13getMediaFilesEv
FN:51,53,_ZN12MediaLibrary13scanUSBDeviceEv
FN:7,9,_ZN12MediaLibrary12addMediaFileERK9MediaFile
FNDA:0,_ZNK12MediaLibrary13getTotalPagesEi
FNDA:0,_ZNK12MediaLibrary20getMediaFilesForPageEii
FNDA:0,_ZN12MediaLibrary13scanDirectoryERKNSt7__cxx1112basic_stringIcSt11char_traitsIcESaIcEEE
FNDA:5,_ZN12MediaLibrary13getMediaFilesEv
FNDA:0,_ZN12MediaLibrary13scanUSBDeviceEv
FNDA:0,_ZN12MediaLibrary12addMediaFileERK9MediaFile
FNF:6
FNH:1
BRDA:18,0,0,-
BRDA:18,e0,1,-
BRDA:26,0,0,-
BRDA:26,e0,1,-
BRDA:26,0,2,-
BRDA:26,e0,3,-
BRDA:26,0,4,-
BRDA:26,e0,5,-
BRDA:26,0,6,-
BRDA:26,0,7,-
BRDA:27,0,0,-
BRDA:27,e0,1,-
BRDA:27,0,2,-
BRDA:27,0,3,-
BRDA:28,0,0,-
BRDA:28,e0,1,-
BRDA:28,0,2,-
BRDA:28,e0,3,-
BRDA:30,0,0,-
BRDA:30,e0,1,-
BRDA:30,0,2,-
BRDA:30,0,3,-
BRDA:30,0,4,-
BRDA:30,e0,5,-
BRDA:30,0,6,-
BRDA:30,0,7,-
BRDA:30,0,8,-
BRDA:30,0,9,-
BRDA:32,0,0,-
BRDA:32,e0,1,-
BRDA:33,0,0,-
BRDA:33,e0,1,-
BRDA:33,0,2,-
BRDA:33,e0,3,-
BRDA:34,0,0,-
BRDA:34,e0,1,-
BRDA:40,0,0,0
BRDA:40,0,1,0
BRDA:41,0,0,0
BRDA:41,e0,1,0
BRDA:41,0,2,0
BRDA:41,e0,3,0
BRDA:41,0,4,0
BRDA:41,e0,5,0
BRDA:52,0,0,-
BRDA:52,e0,1,-
BRDA:52,0,2,-
BRDA:52,e0,3,-
BRF:48
BRH:0
DA:7,0
DA:8,0
DA:9,0
DA:11,0
DA:12,0
DA:15,0
DA:16,0
DA:17,0
DA:18,0
DA:21,0
DA:23,0
DA:25,0
DA:26,0
DA:27,0
DA:28,0
DA:30,0
DA:31,0
DA:32,0
DA:33,0
DA:34,0
DA:38,0
DA:39,0
DA:40,0
DA:41,0
DA:42,0
DA:43,0
DA:45,5
DA:46,5
DA:51,0
DA:52,0
DA:53,0
LF:31
LH:2
end_of_record
TN:
SF:/home/kist/Documents/workspace/MOCK-project/src/model/Metadata.cpp
FN:11,16,_ZNK8Metadata8getValueERKNSt7__cxx1112basic_stringIcSt11char_traitsIcESaIcEEE
FN:18,20,_ZN8Metadata8setValueERKNSt7__cxx1112basic_stringIcSt11char_traitsIcESaIcEEES7_
FN:21,46,_ZN8Metadata15convertTagToMapB5cxx11EPN6TagLib3TagEPNS0_15AudioPropertiesE
FN:3,5,_ZNK8Metadata11getMetadataB5cxx11Ev
FN:7,9,_ZN8Metadata7setDataERKSt13unordered_mapINSt7__cxx1112basic_stringIcSt11char_traitsIcESaIcEEES6_St4hashIS6_ESt8equal_toIS6_ESaISt4pairIKS6_S6_EEE
FNDA:0,_ZNK8Metadata8getValueERKNSt7__cxx1112basic_stringIcSt11char_traitsIcESaIcEEE
FNDA:0,_ZN8Metadata8setValueERKNSt7__cxx1112basic_stringIcSt11char_traitsIcESaIcEEES7_
FNDA:0,_ZN8Metadata15convertTagToMapB5cxx11EPN6TagLib3TagEPNS0_15AudioPropertiesE
FNDA:0,_ZNK8Metadata11getMetadataB5cxx11Ev
FNDA:0,_ZN8Metadata7setDataERKSt13unordered_mapINSt7__cxx1112basic_stringIcSt11char_traitsIcESaIcEEES6_St4hashIS6_ESt8equal_toIS6_ESaISt4pairIKS6_S6_EEE
FNF:5
FNH:0
BRDA:12,0,0,-
BRDA:12,e0,1,-
BRDA:12,0,2,-
BRDA:12,0,3,-
BRDA:15,0,0,-
BRDA:15,e0,1,-
BRDA:24,0,0,-
BRDA:24,0,1,-
BRDA:25,0,0,-
BRDA:25,e0,1,-
BRDA:25,0,2,-
BRDA:25,e0,3,-
BRDA:25,0,4,-
BRDA:25,0,5,-
BRDA:25,0,6,-
BRDA:25,e0,7,-
BRDA:25,0,8,-
BRDA:25,e0,9,-
BRDA:25,0,10,-
BRDA:25,e0,11,-
BRDA:25,0,12,-
BRDA:25,e0,13,-
BRDA:25,0,14,-
BRDA:25,e0,15,-
BRDA:25,0,16,-
BRDA:25,0,17,-
BRDA:25,0,18,-
BRDA:25,0,19,-
BRDA:26,0,0,-
BRDA:26,e0,1,-
BRDA:26,0,2,-
BRDA:26,e0,3,-
BRDA:26,0,4,-
BRDA:26,0,5,-
BRDA:26,0,6,-
BRDA:26,e0,7,-
BRDA:26,0,8,-
BRDA:26,e0,9,-
BRDA:26,0,10,-
BRDA:26,e0,11,-
BRDA:26,0,12,-
BRDA:26,e0,13,-
BRDA:26,0,14,-
BRDA:26,e0,15,-
BRDA:26,0,16,-
BRDA:26,0,17,-
BRDA:26,0,18,-
BRDA:26,0,19,-
BRDA:27,0,0,-
BRDA:27,e0,1,-
BRDA:27,0,2,-
BRDA:27,e0,3,-
BRDA:27,0,4,-
BRDA:27,0,5,-
BRDA:27,0,6,-
BRDA:27,e0,7,-
BRDA:27,0,8,-
BRDA:27,e0,9,-
BRDA:27,0,10,-
BRDA:27,e0,11,-
BRDA:27,0,12,-
BRDA:27,e0,13,-
BRDA:27,0,14,-
BRDA:27,e0,15,-
BRDA:27,0,16,-
BRDA:27,0,17,-
BRDA:27,0,18,-
BRDA:27,0,19,-
BRDA:28,0,0,-
BRDA:28,e0,1,-
BRDA:28,0,2,-
BRDA:28,0,3,-
BRDA:28,0,4,-
BRDA:28,e0,5,-
BRDA:28,0,6,-
BRDA:28,e0,7,-
BRDA:28,0,8,-
BRDA:28,e0,9,-
BRDA:28,0,10,-
BRDA:28,e0,11,-
BRDA:28,0,12,-
BRDA:28,0,13,-
BRDA:28,0,14,-
BRDA:28,0,15,-
BRDA:29,0,0,-
BRDA:29,e0,1,-
BRDA:29,0,2,-
BRDA:29,e0,3,-
BRDA:29,0,4,-
BRDA:29,0,5,-
BRDA:29,0,6,-
BRDA:29,e0,7,-
BRDA:29,0,8,-
BRDA:29,e0,9,-
BRDA:29,0,10,-
BRDA:29,e0,11,-
BRDA:29,0,12,-
BRDA:29,e0,13,-
BRDA:29,0,14,-
BRDA:29,e0,15,-
BRDA:29,0,16,-
BRDA:29,0,17,-
BRDA:29,0,18,-
BRDA:29,0,19,-
BRDA:30,0,0,-
BRDA:30,e0,1,-
BRDA:30,0,2,-
BRDA:30,e0,3,-
BRDA:30,0,4,-
BRDA:30,0,5,-
BRDA:30,0,6,-
BRDA:30,e0,7,-
BRDA:30,0,8,-
BRDA:30,e0,9,-
BRDA:30,0,10,-
BRDA:30,e0,11,-
BRDA:30,0,12,-
BRDA:30,e0,13,-
BRDA:30,0,14,-
BRDA:30,e0,15,-
BRDA:30,0,16,-
BRDA:30,0,17,-
BRDA:30,0,18,-
BRDA:30,0,19,-
BRDA:33,0,0,-
BRDA:33,0,1,-
BRDA:34,0,0,-
BRDA:34,e0,1,-
BRDA:34,0,2,-
BRDA:34,e0,3,-
BRDA:34,0,4,-
BRDA:34,e0,5,-
BRDA:34,0,6,-
BRDA:34,e0,7,-
BRDA:35,0,0,-
BRDA:35,e0,1,-
BRDA:35,0,2,-
BRDA:35,e0,3,-
BRDA:35,0,4,-
BRDA:35,e0,5,-
BRDA:35,0,6,-
BRDA:35,e0,7,-
BRDA:36,0,0,-
BRDA:36,e0,1,-
BRDA:36,0,2,-
BRDA:36,e0,3,-
BRDA:36,0,4,-
BRDA:36,e0,5,-
BRDA:36,0,6,-
BRDA:36,e0,7,-
BRDA:37,0,0,-
BRDA:37,e0,1,-
BRDA:37,0,2,-
BRDA:37,e0,3,-
BRDA:37,0,4,-
BRDA:37,e0,5,-
BRDA:39,0,0,-
BRDA:39,e0,1,-
BRDA:39,0,2,-
BRDA:39,e0,3,-
BRDA:39,0,4,-
BRDA:39,e0,5,-
BRDA:40,0,0,-
BRDA:40,e0,1,-
BRDA:40,0,2,-
BRDA:40,e0,3,-
BRDA:40,0,4,-
BRDA:40,e0,5,-
BRDA:41,0,0,-
BRDA:41,e0,1,-
BRDA:41,0,2,-
BRDA:41,e0,3,-
BRDA:41,0,4,-
BRDA:41,e0,5,-
BRDA:42,0,0,-
BRDA:42,e0,1,-
BRDA:42,0,2,-
BRDA:42,e0,3,-
BRDA:42,0,4,-
BRDA:42,e0,5,-
BRF:180
BRH:0
DA:3,0
DA:4,0
DA:7,0
DA:8,0
DA:9,0
DA:11,0
DA:12,0
DA:13,0
DA:15,0
DA:18,0
DA:19,0
DA:20,0
DA:21,0
DA:22,0
DA:24,0
DA:25,0
DA:26,0
DA:27,0
DA:28,0
DA:29,0
DA:30,0
DA:33,0
DA:34,0
DA:35,0
DA:36,0
DA:37,0
DA:39,0
DA:40,0
DA:41,0
DA:42,0
DA:45,0
DA:46,0
LF:32
LH:0
end_of_record
TN:
SF:/home/kist/Documents/workspace/MOCK-project/src/model/PlayingMediaModel.cpp
FN:13,15,_ZNK17PlayingMediaModel12getIsRunningEv
FN:17,19,_ZN17PlayingMediaModel12setIsRunningEb
FN:21,23,_ZNK17PlayingMediaModel12getIsPlayingEv
FN:25,27,_ZN17PlayingMediaModel12setIsPlayingEb
FN:29,31,_ZNK17PlayingMediaModel19getCurrentMediaFileEv
FN:3,5,_ZN17PlayingMediaModelC2Ev
FN:33,35,_ZN17PlayingMediaModel19setCurrentMediaFileEP9MediaFile
FN:37,39,_ZNK17PlayingMediaModel15getCurrentMusicEv
FN:41,43,_ZN17PlayingMediaModel15setCurrentMusicEP10_Mix_Music
FN:45,47,_ZNK17PlayingMediaModel9getVolumeEv
FN:49,51,_ZN17PlayingMediaModel9setVolumeEi
FN:53,55,_ZNK17PlayingMediaModel14getCurrentTimeEv
FN:57,59,_ZN17PlayingMediaModel14setCurrentTimeEi
FN:61,63,_ZNK17PlayingMediaModel11getDurationEv
FN:65,67,_ZN17PlayingMediaModel11setDurationEi
FN:69,79,_ZN17PlayingMediaModel5resetEv
FN:7,11,_ZN17PlayingMediaModelD2Ev
FNDA:0,_ZNK17PlayingMediaModel12getIsRunningEv
FNDA:0,_ZN17PlayingMediaModel12setIsRunningEb
FNDA:0,_ZNK17PlayingMediaModel12getIsPlayingEv
FNDA:0,_ZN17PlayingMediaModel12setIsPlayingEb
FNDA:0,_ZNK17PlayingMediaModel19getCurrentMediaFileEv
FNDA:11,_ZN17PlayingMediaModelC2Ev
FNDA:0,_ZN17PlayingMediaModel19setCurrentMediaFileEP9MediaFile
FNDA:0,_ZNK17PlayingMediaModel15getCurrentMusicEv
FNDA:0,_ZN17PlayingMediaModel15setCurrentMusicEP10_Mix_Music
FNDA:0,_ZNK17PlayingMediaModel9getVolumeEv
FNDA:0,_ZN17PlayingMediaModel9setVolumeEi
FNDA:0,_ZNK17PlayingMediaModel14getCurrentTimeEv
FNDA:0,_ZN17PlayingMediaModel14setCurrentTimeEi
FNDA:0,_ZNK17PlayingMediaModel11getDurationEv
FNDA:0,_ZN17PlayingMediaModel11setDurationEi
FNDA:0,_ZN17PlayingMediaModel5resetEv
FNDA:11,_ZN17PlayingMediaModelD2Ev
FNF:17
FNH:2
BRDA:8,0,0,0
BRDA:8,0,1,11
BRDA:70,0,0,-
BRDA:70,0,1,-
BRF:4
BRH:1
DA:3,11
DA:4,11
DA:5,11
DA:7,11
DA:8,11
DA:9,0
DA:11,11
DA:13,0
DA:14,0
DA:17,0
DA:18,0
DA:19,0
DA:21,0
DA:22,0
DA:25,0
DA:26,0
DA:27,0
DA:29,0
DA:30,0
DA:33,0
DA:34,0
DA:35,0
DA:37,0
DA:38,0
DA:41,0
DA:42,0
DA:43,0
DA:45,0
DA:46,0
DA:49,0
DA:50,0
DA:51,0
DA:53,0
DA:54,0
DA:57,0
DA:58,0
DA:59,0
DA:61,0
DA:62,0
DA:65,0
DA:66,0
DA:67,0
DA:69,0
DA:70,0
DA:71,0
DA:72,0
DA:73,0
DA:75,0
DA:76,0
DA:77,0
DA:78,0
DA:79,0
LF:52
LH:6
end_of_record
TN:
SF:/home/kist/Documents/workspace/MOCK-project/src/model/Playlist.cpp
FN:12,14,_ZNK8Playlist7getNameB5cxx11Ev
FN:16,18,_ZNK8Playlist8getSongsEv
FN:20,25,_ZN8Playlist7setNameERKNSt7__cxx1112basic_stringIcSt11char_traitsIcESaIcEEE
FN:27,33,_ZN8Playlist7addSongERK9MediaFile
FN:35,45,_ZN8Playlist10removeSongERK9MediaFile
FN:37,39,_ZZN8Playlist10removeSongERK9MediaFileENKUlS2_E_clES2_
FN:47,52,_ZNK8Playlist12containsSongERK9MediaFile
FN:49,51,_ZZNK8Playlist12containsSongERK9MediaFileENKUlS2_E_clES2_
FN:5,10,_ZN8PlaylistC2ERKNSt7__cxx1112basic_stringIcSt11char_traitsIcESaIcEEE
FN:54,64,_ZN8Playlist10updateSongERK9MediaFileS2_
FN:56,58,_ZZN8Playlist10updateSongERK9MediaFileS2_ENKUlS2_E_clES2_
FN:66,77,_ZNK8Playlist7getInfoB5cxx11Ev
FNDA:0,_ZNK8Playlist7getNameB5cxx11Ev
FNDA:0,_ZNK8Playlist8getSongsEv
FNDA:0,_ZN8Playlist7setNameERKNSt7__cxx1112basic_stringIcSt11char_traitsIcESaIcEEE
FNDA:108,_ZN8Playlist7addSongERK9MediaFile
FNDA:0,_ZN8Playlist10removeSongERK9MediaFile
FNDA:0,_ZZN8Playlist10removeSongERK9MediaFileENKUlS2_E_clES2_
FNDA:108,_ZNK8Playlist12containsSongERK9MediaFile
FNDA:81,_ZZNK8Playlist12containsSongERK9MediaFileENKUlS2_E_clES2_
FNDA:108,_ZN8PlaylistC2ERKNSt7__cxx1112basic_stringIcSt11char_traitsIcESaIcEEE
FNDA:0,_ZN8Playlist10updateSongERK9MediaFileS2_
FNDA:0,_ZZN8Playlist10updateSongERK9MediaFileS2_ENKUlS2_E_clES2_
FNDA:0,_ZNK8Playlist7getInfoB5cxx11Ev
FNF:12
FNH:4
BRDA:6,0,0,0
BRDA:6,0,1,108
BRDA:7,0,0,-
BRDA:7,e0,1,-
BRDA:9,0,0,108
BRDA:9,e0,1,0
BRDA:21,0,0,-
BRDA:21,0,1,-
BRDA:22,0,0,-
BRDA:22,e0,1,-
BRDA:28,0,0,108
BRDA:28,0,1,0
BRDA:36,0,0,-
BRDA:36,e0,1,-
BRDA:38,0,0,-
BRDA:38,e0,1,-
BRDA:38,0,2,-
BRDA:38,e0,3,-
BRDA:40,0,0,-
BRDA:40,0,1,-
BRDA:41,0,0,-
BRDA:41,e0,1,-
BRDA:43,0,0,-
BRDA:43,e0,1,-
BRDA:50,0,0,81
BRDA:50,e0,1,0
BRDA:50,0,2,81
BRDA:50,e0,3,0
BRDA:55,0,0,-
BRDA:55,e0,1,-
BRDA:57,0,0,-
BRDA:57,e0,1,-
BRDA:57,0,2,-
BRDA:57,e0,3,-
BRDA:59,0,0,-
BRDA:59,0,1,-
BRDA:60,0,0,-
BRDA:60,e0,1,-
BRDA:67,0,0,-
BRDA:67,e0,1,-
BRDA:67,0,2,-
BRDA:67,e0,3,-
BRDA:68,0,0,-
[...]
BRDA:67,e0,25,-
BRDA:67,0,26,-
BRDA:67,0,27,-
BRDA:67,0,28,-
BRDA:67,0,29,-
BRDA:67,0,30,-
BRDA:67,0,31,-
BRDA:67,0,32,-
BRDA:67,0,33,-
BRDA:73,0,0,-
BRDA:73,0,1,-
BRDA:74,0,0,-
BRDA:74,0,1,-
BRDA:74,0,2,-
BRDA:74,0,3,-
BRDA:74,0,4,-
BRDA:74,0,5,-
BRDA:76,0,0,-
BRDA:76,e0,1,-
BRDA:76,0,2,-
BRDA:76,e0,3,-
BRDA:81,0,0,-
BRDA:81,0,1,-
BRDA:83,0,0,-
BRDA:83,e0,1,-
BRDA:83,0,2,-
BRDA:83,e0,3,-
BRDA:87,0,0,-
BRDA:87,0,1,-
BRDA:89,0,0,-
BRDA:89,e0,1,-
BRDA:89,0,2,-
BRDA:89,e0,3,-
BRDA:93,0,0,-
BRDA:93,0,1,-
BRDA:93,0,2,-
BRDA:93,0,3,-
BRDA:93,0,4,-
BRDA:93,0,5,-
BRDA:93,0,6,-
BRDA:93,0,7,-
BRDA:95,0,0,-
BRDA:95,0,1,-
BRDA:95,0,2,-
BRDA:95,0,3,-
BRDA:95,0,4,-
BRDA:95,0,5,-
BRDA:98,0,0,-
BRDA:98,e0,1,-
BRDA:98,0,2,-
BRDA:98,e0,3,-
BRDA:102,0,0,-
BRDA:102,e0,1,-
BRDA:102,0,2,-
BRDA:102,e0,3,-
BRDA:103,0,0,-
BRDA:103,e0,1,-
BRDA:103,0,2,-
BRDA:103,e0,3,-
BRDA:105,0,0,-
BRDA:105,e0,1,-
BRDA:107,0,0,-
BRDA:107,0,1,-
BRDA:109,0,0,-
BRDA:109,e0,1,-
BRDA:109,0,2,-
BRDA:109,e0,3,-
BRDA:109,0,4,-
BRDA:109,e0,5,-
BRDA:109,0,6,-
BRDA:109,0,7,-
BRDA:112,0,0,-
BRDA:112,0,1,-
BRDA:113,0,0,-
BRDA:113,e0,1,-
BRDA:113,0,2,-
BRDA:113,e0,3,-
BRDA:115,0,0,-
BRDA:115,e0,1,-
BRDA:116,0,0,-
BRDA:116,0,1,-
BRDA:118,0,0,-
BRDA:118,e0,1,-
BRDA:118,0,2,-
BRDA:118,e0,3,-
BRDA:118,0,4,-
BRDA:118,e0,5,-
BRDA:118,0,6,-
BRDA:118,0,7,-
BRDA:121,0,0,-
BRDA:121,0,1,-
BRDA:122,0,0,-
BRDA:122,e0,1,-
BRDA:122,0,2,-
BRDA:122,e0,3,-
BRDA:124,0,0,-
BRDA:124,e0,1,-
BRDA:133,0,0,-
BRDA:133,e0,1,-
BRDA:134,0,0,-
BRDA:134,e0,1,-
BRDA:136,0,0,-
BRDA:136,e0,1,-
BRDA:136,0,2,-
BRDA:136,e0,3,-
BRDA:138,0,0,-
BRDA:138,e0,1,-
BRDA:142,0,0,-
BRDA:142,e0,1,-
BRDA:142,0,2,-
BRDA:142,e0,3,-
BRDA:144,0,0,-
BRDA:144,e0,1,-
BRDA:147,0,0,-
BRDA:147,e0,1,-
BRDA:147,0,2,-
BRDA:147,e0,3,-
BRDA:147,0,4,-
BRDA:147,e0,5,-
BRDA:147,0,6,-
BRDA:147,0,7,-
BRDA:147,0,8,-
BRDA:147,0,9,-
BRDA:147,0,10,-
BRDA:147,0,11,-
BRDA:147,0,12,-
BRDA:147,0,13,-
BRDA:147,0,14,-
BRDA:147,0,15,-
BRDA:147,0,16,-
BRDA:147,0,17,-
BRDA:147,0,18,-
BRDA:147,0,19,-
BRDA:148,0,0,-
BRDA:148,e0,1,-
BRDA:148,0,2,-
BRDA:148,e0,3,-
BRDA:148,0,4,-
BRDA:148,e0,5,-
BRDA:148,0,6,-
BRDA:148,e0,7,-
BRDA:148,0,8,-
BRDA:148,0,9,-
BRDA:148,0,10,-
BRDA:148,0,11,-
BRDA:148,0,12,-
BRDA:148,0,13,-
BRDA:148,0,14,-
BRDA:148,0,15,-
BRDA:148,0,16,-
BRDA:148,0,17,-
BRDA:148,0,18,-
BRDA:148,0,19,-
BRDA:148,0,20,-
BRDA:148,0,21,-
BRDA:148,0,22,-
BRDA:148,0,23,-
BRDA:149,0,0,-
BRDA:149,e0,1,-
BRDA:149,0,2,-
BRDA:149,e0,3,-
BRDA:149,0,4,-
BRDA:149,0,5,-
BRDA:149,0,6,-
BRDA:149,0,7,-
BRDA:150,0,0,-
BRDA:150,e0,1,-
BRDA:150,0,2,-
BRDA:150,e0,3,-
BRDA:150,0,4,-
BRDA:150,e0,5,-
BRDA:150,0,6,-
BRDA:150,e0,7,-
BRDA:150,0,8,-
BRDA:150,e0,9,-
BRDA:150,0,10,-
BRDA:150,0,11,-
BRDA:150,0,12,-
BRDA:150,e0,13,-
BRDA:150,0,14,-
BRDA:150,e0,15,-
BRDA:150,0,16,-
BRDA:150,e0,17,-
BRDA:150,0,18,-
BRDA:150,0,19,-
BRDA:150,0,20,-
BRDA:150,0,21,-
BRDA:150,0,22,-
BRDA:150,0,23,-
BRDA:150,0,24,-
BRDA:150,0,25,-
BRDA:150,0,26,-
BRDA:150,0,27,-
BRDA:150,0,28,-
BRDA:150,0,29,-
BRDA:150,0,30,-
BRDA:150,0,31,-
BRDA:152,0,0,-
BRDA:152,e0,1,-
BRDA:152,0,2,-
BRDA:152,e0,3,-
BRDA:153,0,0,-
BRDA:153,0,1,-
BRDA:155,0,0,-
BRDA:155,e0,1,-
BRDA:156,0,0,-
BRDA:156,e0,1,-
BRDA:156,0,2,-
BRDA:156,e0,3,-
BRDA:158,0,0,0
BRDA:158,0,1,0
BRDA:159,0,0,0
BRDA:159,e0,1,0
BRDA:166,0,0,-
BRDA:166,e0,1,-
BRDA:169,0,0,-
BRDA:169,e0,1,-
BRDA:169,0,2,-
BRDA:169,e0,3,-
BRDA:169,0,4,-
BRDA:169,e0,5,-
BRDA:169,0,6,-
BRDA:169,0,7,-
BRDA:169,0,8,-
BRDA:169,0,9,-
BRDA:169,0,10,-
BRDA:169,0,11,-
BRDA:169,0,12,-
BRDA:169,0,13,-
BRDA:169,0,14,-
BRDA:169,0,15,-
BRDA:178,0,0,-
BRDA:178,e0,1,-
BRDA:180,0,0,-
BRDA:180,e0,1,-
BRDA:186,0,0,-
BRDA:186,e0,1,-
BRDA:186,0,2,-
BRDA:186,e0,3,-
BRDA:186,0,4,-
BRDA:186,e0,5,-
BRDA:188,0,0,-
BRDA:188,e0,1,-
BRDA:192,0,0,-
BRDA:192,e0,1,-
BRDA:192,0,2,-
BRDA:192,e0,3,-
BRDA:194,0,0,-
BRDA:194,e0,1,-
BRDA:196,0,0,-
BRDA:196,e0,1,-
BRDA:196,0,2,-
BRDA:196,e0,3,-
BRDA:196,0,4,-
BRDA:196,e0,5,-
BRDA:198,0,0,-
BRDA:198,e0,1,-
BRDA:198,0,2,-
BRDA:198,e0,3,-
BRDA:198,0,4,-
BRDA:198,e0,5,-
BRDA:198,0,6,-
BRDA:198,e0,7,-
BRDA:198,0,8,-
BRDA:198,e0,9,-
BRDA:199,0,0,-
BRDA:199,e0,1,-
BRDA:199,0,2,-
BRDA:199,e0,3,-
BRDA:199,0,4,-
BRDA:199,0,5,-
BRDA:199,0,6,-
BRDA:199,0,7,-
BRDA:200,0,0,-
BRDA:200,e0,1,-
BRDA:200,0,2,-
BRDA:200,e0,3,-
BRDA:200,0,4,-
BRDA:200,e0,5,-
BRDA:200,0,6,-
BRDA:200,e0,7,-
BRDA:200,0,8,-
BRDA:200,e0,9,-
BRDA:200,0,10,-
BRDA:200,e0,11,-
BRDA:200,0,12,-
BRDA:200,e0,13,-
BRDA:200,0,14,-
BRDA:200,e0,15,-
BRDA:200,0,16,-
BRDA:200,0,17,-
BRDA:200,0,18,-
BRDA:200,0,19,-
BRDA:202,0,0,-
BRDA:202,e0,1,-
BRDA:202,0,2,-
BRDA:202,e0,3,-
BRDA:203,0,0,-
BRDA:203,0,1,-
BRDA:205,0,0,-
BRDA:205,e0,1,-
BRDA:205,0,2,-
BRDA:205,e0,3,-
BRDA:209,0,0,-
BRDA:209,0,1,-
BRDA:209,0,2,-
BRDA:209,e0,3,-
BRDA:209,0,4,-
BRDA:209,e0,5,-
BRDA:209,0,6,-
BRDA:209,0,7,-
BRDA:209,0,8,-
BRDA:209,0,9,-
BRDA:209,0,10,-
BRDA:209,0,11,-
BRDA:209,0,12,-
BRDA:209,0,13,-
BRDA:210,0,0,-
BRDA:210,e0,1,-
BRDA:210,0,2,-
BRDA:210,e0,3,-
BRDA:211,0,0,-
BRDA:211,e0,1,-
BRDA:212,0,0,-
BRDA:212,0,1,-
BRDA:214,0,0,-
BRDA:214,e0,1,-
BRDA:214,0,2,-
BRDA:214,e0,3,-
BRDA:217,0,0,-
BRDA:217,e0,1,-
BRDA:222,0,0,-
BRDA:222,0,1,-
BRDA:222,0,2,-
BRDA:222,0,3,-
BRDA:222,0,4,-
BRDA:222,0,5,-
BRDA:222,0,6,-
BRDA:222,0,7,-
BRDA:224,0,0,-
BRDA:224,0,1,-
BRDA:224,0,2,-
BRDA:224,0,3,-
BRDA:224,0,4,-
BRDA:224,0,5,-
BRDA:226,0,0,-
BRDA:226,e0,1,-
BRDA:226,0,2,-
BRDA:226,e0,3,-
BRDA:234,0,0,-
BRDA:234,0,1,-
BRDA:234,0,2,-
BRDA:234,0,3,-
BRDA:234,0,4,-
BRDA:234,0,5,-
BRDA:235,0,0,-
BRDA:235,e0,1,-
BRDA:235,0,2,-
BRDA:235,e0,3,-
BRDA:242,0,0,-
BRDA:242,e0,1,-
BRF:492
BRH:0
DA:7,1
DA:8,1
DA:11,0
DA:12,0
DA:13,0
DA:15,0
DA:19,0
DA:21,0
DA:22,0
DA:24,0
DA:25,0
DA:26,0
DA:27,0
DA:28,0
DA:30,0
DA:31,0
DA:32,0
DA:34,0
DA:35,0
DA:36,0
DA:37,0
DA:38,0
DA:40,0
DA:41,0
DA:43,0
DA:44,0
DA:45,0
DA:47,0
DA:49,0
DA:51,0
DA:53,0
DA:54,0
DA:55,0
DA:57,0
DA:59,0
DA:61,0
DA:63,0
DA:66,0
DA:67,0
DA:69,0
DA:70,0
DA:72,0
DA:73,0
DA:74,0
DA:75,0
DA:76,0
DA:78,0
DA:81,0
DA:82,0
DA:83,0
DA:84,0
DA:87,0
DA:88,0
DA:89,0
DA:90,0
DA:93,0
DA:94,0
DA:95,0
DA:96,0
DA:97,0
DA:98,0
DA:100,0
DA:102,0
DA:103,0
DA:105,0
DA:107,0
DA:108,0
DA:109,0
DA:112,0
DA:113,0
DA:115,0
DA:116,0
DA:117,0
DA:118,0
DA:121,0
DA:122,0
DA:124,0
DA:126,0
DA:128,0
DA:129,0
DA:130,0
DA:132,0
DA:133,0
DA:134,0
DA:136,0
DA:138,0
DA:140,0
DA:141,0
DA:142,0
DA:144,0
DA:146,0
DA:147,0
DA:148,0
DA:149,0
DA:150,0
DA:152,0
DA:153,0
DA:155,0
DA:156,0
DA:157,0
DA:158,0
DA:159,0
DA:160,0
DA:161,0
DA:163,0
DA:164,0
DA:166,0
DA:168,0
DA:169,0
DA:173,0
DA:178,0
DA:180,0
DA:182,0
DA:183,0
DA:184,0
DA:186,0
DA:188,0
DA:190,0
DA:191,0
DA:192,0
DA:194,0
DA:196,0
DA:198,0
DA:199,0
DA:200,0
DA:202,0
DA:203,0
DA:204,0
DA:205,0
DA:206,0
DA:209,0
DA:210,0
DA:211,0
DA:212,0
DA:213,0
DA:214,0
DA:215,0
DA:217,0
DA:218,0
DA:222,0
DA:223,0
DA:224,0
DA:225,0
DA:226,0
DA:227,0
DA:229,0
DA:230,0
DA:234,0
DA:235,0
DA:236,0
DA:239,0
DA:240,0
DA:242,0
DA:244,0
DA:245,0
LF:155
LH:2
end_of_record
TN:
SF:/home/kist/Documents/workspace/MOCK-project/src/view/MetadataView.cpp
FN:14,66,_ZN12MetadataView15displayMetadataERKSt3mapINSt7__cxx1112basic_stringIcSt11char_traitsIcESaIcEEES6_St4lessIS6_ESaISt4pairIKS6_S6_EEE
FN:46,54,_ZZN12MetadataView15displayMetadataERKSt3mapINSt7__cxx1112basic_stringIcSt11char_traitsIcESaIcEEES6_St4lessIS6_ESaISt4pairIKS6_S6_EEEENKUlvE_clEv
FN:57,63,_ZZN12MetadataView15displayMetadataERKSt3mapINSt7__cxx1112basic_stringIcSt11char_traitsIcESaIcEEES6_St4lessIS6_ESaISt4pairIKS6_S6_EEEENKUlN5ftxui5EventEE_clESH_
FN:6,12,_ZN12MetadataView8showMenuEv
FNDA:0,_ZN12MetadataView15displayMetadataERKSt3mapINSt7__cxx1112basic_stringIcSt11char_traitsIcESaIcEEES6_St4lessIS6_ESaISt4pairIKS6_S6_EEE
FNDA:0,_ZZN12MetadataView15displayMetadataERKSt3mapINSt7__cxx1112basic_stringIcSt11char_traitsIcESaIcEEES6_St4lessIS6_ESaISt4pairIKS6_S6_EEEENKUlvE_clEv
FNDA:0,_ZZN12MetadataView15displayMetadataERKSt3mapINSt7__cxx1112basic_stringIcSt11char_traitsIcESaIcEEES6_St4lessIS6_ESaISt4pairIKS6_S6_EEEENKUlN5ftxui5EventEE_clESH_
FNDA:0,_ZN12MetadataView8showMenuEv
FNF:4
FNH:0
BRDA:10,0,0,-
BRDA:10,e0,1,-
BRDA:10,0,2,-
BRDA:10,e0,3,-
BRDA:10,0,4,-
BRDA:10,e0,5,-
BRDA:10,0,6,-
BRDA:10,e0,7,-
BRDA:11,0,0,-
BRDA:11,e0,1,-
BRDA:18,0,0,-
BRDA:18,e0,1,-
BRDA:19,0,0,-
BRDA:19,e0,1,-
BRDA:19,0,2,-
BRDA:19,e0,3,-
BRDA:19,0,4,-
BRDA:19,0,5,-
BRDA:19,0,6,-
BRDA:19,0,7,-
BRDA:20,0,0,-
BRDA:20,e0,1,-
BRDA:20,0,2,-
BRDA:20,e0,3,-
BRDA:20,0,4,-
BRDA:20,e0,5,-
BRDA:21,0,0,-
BRDA:21,e0,1,-
BRDA:21,0,2,-
BRDA:21,e0,3,-
BRDA:21,0,4,-
BRDA:21,e0,5,-
BRDA:22,0,0,-
BRDA:22,e0,1,-
BRDA:25,0,0,-
BRDA:25,0,1,-
BRDA:26,0,0,-
BRDA:26,e0,1,-
BRDA:29,0,0,-
BRDA:29,0,1,-
BRDA:30,0,0,-
BRDA:30,e0,1,-
BRDA:31,0,0,-
BRDA:31,0,1,-
BRDA:31,0,2,-
BRDA:31,e0,3,-
BRDA:31,0,4,-
BRDA:31,e0,5,-
BRDA:31,0,6,-
BRDA:31,0,7,-
BRDA:31,0,8,-
BRDA:31,0,9,-
BRDA:33,0,0,-
BRDA:33,e0,1,-
BRDA:34,0,0,-
BRDA:34,e0,1,-
BRDA:34,0,2,-
BRDA:34,e0,3,-
BRDA:34,0,4,-
BRDA:34,0,5,-
BRDA:34,0,6,-
BRDA:34,0,7,-
BRDA:35,0,0,-
BRDA:35,0,1,-
BRDA:35,0,2,-
BRDA:35,e0,3,-
BRDA:35,0,4,-
BRDA:35,e0,5,-
BRDA:35,0,6,-
BRDA:35,e0,7,-
BRDA:35,0,8,-
BRDA:35,0,9,-
BRDA:35,0,10,-
BRDA:35,0,11,-
BRDA:36,0,0,-
BRDA:36,e0,1,-
BRDA:36,0,2,-
BRDA:36,e0,3,-
BRDA:44,0,0,-
BRDA:44,e0,1,-
BRDA:44,0,2,-
BRDA:44,e0,3,-
BRDA:47,0,0,-
BRDA:47,e0,1,-
BRDA:47,0,2,-
BRDA:47,e0,3,-
BRDA:47,0,4,-
BRDA:47,0,5,-
BRDA:47,0,6,-
BRDA:47,0,7,-
BRDA:48,0,0,-
BRDA:48,e0,1,-
BRDA:48,0,2,-
BRDA:48,e0,3,-
BRDA:48,0,4,-
BRDA:48,e0,5,-
BRDA:52,0,0,-
BRDA:52,e0,1,-
BRDA:52,0,2,-
BRDA:52,e0,3,-
BRDA:52,0,4,-
BRDA:52,e0,5,-
BRDA:53,0,0,-
BRDA:53,e0,1,-
BRDA:54,0,0,-
BRDA:54,e0,1,-
BRDA:54,0,2,-
BRDA:54,e0,3,-
BRDA:54,0,4,-
BRDA:54,e0,5,-
BRDA:54,0,6,-
BRDA:54,e0,7,-
BRDA:54,0,8,-
BRDA:54,e0,9,-
BRDA:54,0,10,-
BRDA:54,e0,11,-
BRDA:54,0,12,-
BRDA:54,0,13,-
BRDA:54,0,14,-
BRDA:54,0,15,-
BRDA:56,0,0,-
BRDA:56,e0,1,-
BRDA:58,0,0,-
BRDA:58,0,1,-
BRDA:59,0,0,-
BRDA:59,e0,1,-
BRDA:59,0,2,-
BRDA:59,e0,3,-
BRDA:63,0,0,-
BRDA:63,e0,1,-
BRDA:65,0,0,-
BRDA:65,e0,1,-
BRDA:66,0,0,-
BRDA:66,e0,1,-
BRDA:66,0,2,-
BRDA:66,e0,3,-
BRDA:66,0,4,-
BRDA:66,e0,5,-
BRDA:66,0,6,-
BRDA:66,e0,7,-
BRDA:66,0,8,-
BRDA:66,e0,9,-
BRDA:66,0,10,-
BRDA:66,e0,11,-
BRDA:66,0,12,-
BRDA:66,e0,13,-
BRDA:66,0,14,-
BRDA:66,e0,15,-
BRDA:66,0,16,-
BRDA:66,0,17,-
BRDA:66,0,18,-
BRDA:66,0,19,-
BRDA:66,0,20,-
BRDA:66,0,21,-
BRDA:66,0,22,-
BRDA:66,0,23,-
BRF:156
BRH:0
DA:6,0
DA:10,0
DA:11,0
DA:12,0
DA:14,0
DA:16,0
DA:18,0
DA:19,0
DA:20,0
DA:21,0
DA:22,0
DA:25,0
DA:26,0
DA:27,0
DA:29,0
DA:30,0
DA:31,0
DA:33,0
DA:34,0
DA:35,0
DA:36,0
DA:40,0
DA:41,0
DA:42,0
DA:44,0
DA:46,0
DA:47,0
DA:48,0
DA:52,0
DA:53,0
DA:54,0
DA:56,0
DA:57,0
DA:58,0
DA:59,0
DA:60,0
DA:62,0
DA:63,0
DA:65,0
DA:66,0
LF:40
LH:0
end_of_record
TN:
SF:/home/kist/Documents/workspace/MOCK-project/src/view/PlayingView.cpp
FN:24,52,_ZN11PlayingView18displayPlayingViewERKNSt7__cxx1112basic_stringIcSt11char_traitsIcESaIcEEEiii
FN:55,77,_ZN11PlayingView17updateProgressBarEii
FN:7,21,_ZN11PlayingView8showMenuEv
FN:79,81,_ZN11PlayingView9clearViewEv
FNDA:0,_ZN11PlayingView18displayPlayingViewERKNSt7__cxx1112basic_stringIcSt11char_traitsIcESaIcEEEiii
FNDA:0,_ZN11PlayingView17updateProgressBarEii
FNDA:0,_ZN11PlayingView8showMenuEv
FNDA:0,_ZN11PlayingView9clearViewEv
FNF:4
FNH:0
BRDA:18,0,0,-
BRDA:18,e0,1,-
BRDA:18,0,2,-
BRDA:18,e0,3,-
BRDA:29,0,0,-
BRDA:29,0,1,-
BRDA:29,0,2,-
BRDA:29,e0,3,-
BRDA:29,0,4,-
BRDA:29,e0,5,-
BRDA:29,0,6,-
BRDA:29,e0,7,-
BRDA:29,0,8,-
BRDA:29,e0,9,-
BRDA:29,0,10,-
BRDA:29,0,11,-
BRDA:29,0,12,-
BRDA:29,0,13,-
BRDA:31,0,0,-
BRDA:31,0,1,-
BRDA:57,0,0,-
BRDA:57,0,1,-
BRDA:65,0,0,-
BRDA:65,0,1,-
BRDA:66,0,0,-
BRDA:66,0,1,-
BRF:26
BRH:0
DA:7,0
DA:8,0
DA:9,0
DA:10,0
DA:11,0
DA:12,0
DA:13,0
DA:14,0
DA:15,0
DA:16,0
DA:18,0
DA:20,0
DA:24,0
DA:25,0
DA:26,0
DA:27,0
DA:28,0
DA:29,0
DA:31,0
DA:32,0
DA:33,0
DA:34,0
DA:36,0
DA:39,0
DA:41,0
DA:43,0
DA:44,0
DA:45,0
DA:46,0
DA:47,0
DA:48,0
DA:49,0
DA:50,0
DA:51,0
DA:52,0
DA:55,0
DA:56,0
DA:57,0
DA:59,0
DA:60,0
DA:61,0
DA:62,0
DA:64,0
DA:65,0
DA:66,0
DA:67,0
DA:69,0
DA:72,0
DA:73,0
DA:74,0
DA:75,0
DA:76,0
DA:77,0
DA:79,0
DA:80,0
DA:81,0
LF:56
LH:0
end_of_record
TN:
SF:/home/kist/Documents/workspace/MOCK-project/src/view/PlaylistView.cpp
FN:104,181,_ZN12PlaylistView22displayPlaylistDetailsERK8Playlist
FN:108,114,_ZZN12PlaylistView22displayPlaylistDetailsERK8PlaylistENKUlvE_clEv
FN:117,123,_ZZN12PlaylistView22displayPlaylistDetailsERK8PlaylistENKUlN5ftxui5EventEE_clES4_
FN:139,148,_ZZN12PlaylistView22displayPlaylistDetailsERK8PlaylistENKUlvE0_clEv
FN:15,17,_ZNK12PlaylistView15getSelectedPathB5cxx11Ev
FN:151,178,_ZZN12PlaylistView22displayPlaylistDetailsERK8PlaylistENKUlN5ftxui5EventEE0_clES4_
FN:20,22,_ZN12PlaylistView15setSelectedPathERKNSt7__cxx1112basic_stringIcSt11char_traitsIcESaIcEEE
FN:25,27,_ZNK12PlaylistView21getSelectedPlaylistIDEv
FN:29,31,_ZN12PlaylistView21setSelectedPlaylistIDEi
FN:33,35,_ZNK12PlaylistView23getSelectedPlaylistNameB5cxx11Ev
FN:36,38,_ZN12PlaylistView23setSelectedPlaylistNameENSt7__cxx1112basic_stringIcSt11char_traitsIcESaIcEEE
FN:40,102,_ZN12PlaylistView16displayPlaylistsERKSt6vectorI8PlaylistSaIS1_EE
FN:6,13,_ZN12PlaylistView8showMenuEv
FN:68,77,_ZZN12PlaylistView16displayPlaylistsERKSt6vectorI8PlaylistSaIS1_EEENKUlvE_clEv
FN:79,99,_ZZN12PlaylistView16displayPlaylistsERKSt6vectorI8PlaylistSaIS1_EEENKUlN5ftxui5EventEE_clES7_
FNDA:0,_ZN12PlaylistView22displayPlaylistDetailsERK8Playlist
FNDA:0,_ZZN12PlaylistView22displayPlaylistDetailsERK8PlaylistENKUlvE_clEv
FNDA:0,_ZZN12PlaylistView22displayPlaylistDetailsERK8PlaylistENKUlN5ftxui5EventEE_clES4_
FNDA:0,_ZZN12PlaylistView22displayPlaylistDetailsERK8PlaylistENKUlvE0_clEv
FNDA:0,_ZNK12PlaylistView15getSelectedPathB5cxx11Ev
FNDA:0,_ZZN12PlaylistView22displayPlaylistDetailsERK8PlaylistENKUlN5ftxui5EventEE0_clES4_
FNDA:0,_ZN12PlaylistView15setSelectedPathERKNSt7__cxx1112basic_stringIcSt11char_traitsIcESaIcEEE
FNDA:0,_ZNK12PlaylistView21getSelectedPlaylistIDEv
FNDA:0,_ZN12PlaylistView21setSelectedPlaylistIDEi
FNDA:0,_ZNK12PlaylistView23getSelectedPlaylistNameB5cxx11Ev
FNDA:0,_ZN12PlaylistView23setSelectedPlaylistNameENSt7__cxx1112basic_stringIcSt11char_traitsIcESaIcEEE
FNDA:0,_ZN12PlaylistView16displayPlaylistsERKSt6vectorI8PlaylistSaIS1_EE
FNDA:0,_ZN12PlaylistView8showMenuEv
FNDA:0,_ZZN12PlaylistView16displayPlaylistsERKSt6vectorI8PlaylistSaIS1_EEENKUlvE_clEv
FNDA:0,_ZZN12PlaylistView16displayPlaylistsERKSt6vectorI8PlaylistSaIS1_EEENKUlN5ftxui5EventEE_clES7_
FNF:15
FNH:0
BRDA:11,0,0,-
BRDA:11,e0,1,-
BRDA:11,0,2,-
BRDA:11,e0,3,-
BRDA:11,0,4,-
BRDA:11,e0,5,-
BRDA:11,0,6,-
BRDA:11,e0,7,-
BRDA:12,0,0,-
BRDA:12,e0,1,-
BRDA:41,0,0,-
BRDA:41,0,1,-
BRDA:42,0,0,-
BRDA:42,e0,1,-
BRDA:47,0,0,-
BRDA:47,0,1,-
BRDA:50,0,0,-
BRDA:50,e0,1,-
BRDA:51,0,0,-
BRDA:51,e0,1,-
BRDA:52,0,0,-
BRDA:52,e0,1,-
BRDA:52,0,2,-
BRDA:52,e0,3,-
BRDA:52,0,4,-
BRDA:52,e0,5,-
BRDA:54,0,0,-
BRDA:54,e0,1,-
BRDA:54,0,2,-
BRDA:54,e0,3,-
BRDA:55,0,0,-
BRDA:55,e0,1,-
BRDA:55,0,2,-
BRDA:55,e0,3,-
BRDA:56,0,0,-
BRDA:56,e0,1,-
BRDA:56,0,2,-
BRDA:56,e0,3,-
BRDA:58,0,0,-
BRDA:58,e0,1,-
BRDA:58,0,2,-
BRDA:58,e0,3,-
BRDA:58,0,4,-
BRDA:58,e0,5,-
BRDA:58,0,6,-
BRDA:58,e0,7,-
BRDA:59,0,0,-
BRDA:59,e0,1,-
BRDA:64,0,0,-
BRDA:64,e0,1,-
BRDA:64,0,2,-
BRDA:64,e0,3,-
BRDA:64,0,4,-
BRDA:64,e0,5,-
BRDA:66,0,0,-
BRDA:66,e0,1,-
BRDA:69,0,0,-
BRDA:69,e0,1,-
BRDA:69,0,2,-
BRDA:69,e0,3,-
BRDA:69,0,4,-
BRDA:69,0,5,-
BRDA:69,0,6,-
BRDA:69,0,7,-
BRDA:70,0,0,-
BRDA:70,e0,1,-
BRDA:70,0,2,-
BRDA:70,e0,3,-
BRDA:70,0,4,-
BRDA:70,e0,5,-
BRDA:72,0,0,-
BRDA:72,e0,1,-
BRDA:74,0,0,-
BRDA:74,e0,1,-
BRDA:74,0,2,-
BRDA:74,e0,3,-
BRDA:74,0,4,-
BRDA:74,e0,5,-
BRDA:76,0,0,-
BRDA:76,e0,1,-
BRDA:77,0,0,-
BRDA:77,e0,1,-
BRDA:77,0,2,-
BRDA:77,e0,3,-
BRDA:77,0,4,-
BRDA:77,e0,5,-
BRDA:77,0,6,-
BRDA:77,e0,7,-
BRDA:77,0,8,-
BRDA:77,e0,9,-
BRDA:77,0,10,-
BRDA:77,e0,11,-
BRDA:77,0,12,-
BRDA:77,0,13,-
BRDA:77,0,14,-
BRDA:77,0,15,-
BRDA:80,0,0,-
BRDA:80,0,1,-
BRDA:81,0,0,-
BRDA:81,0,1,-
BRDA:81,0,2,-
BRDA:81,0,3,-
BRDA:81,0,4,-
BRDA:81,0,5,-
BRDA:83,0,0,-
BRDA:83,e0,1,-
BRDA:83,0,2,-
BRDA:83,e0,3,-
BRDA:88,0,0,-
BRDA:88,0,1,-
BRDA:88,0,2,-
BRDA:88,0,3,-
BRDA:88,0,4,-
BRDA:88,0,5,-
BRDA:88,0,6,-
BRDA:88,0,7,-
BRDA:90,0,0,-
BRDA:90,0,1,-
BRDA:90,0,2,-
BRDA:90,0,3,-
BRDA:90,0,4,-
BRDA:90,0,5,-
BRDA:93,0,0,-
BRDA:93,e0,1,-
BRDA:93,0,2,-
BRDA:93,e0,3,-
BRDA:98,0,0,-
BRDA:98,e0,1,-
BRDA:98,0,2,-
BRDA:98,e0,3,-
BRDA:99,0,0,-
BRDA:99,e0,1,-
BRDA:99,0,2,-
BRDA:99,e0,3,-
BRDA:101,0,0,-
BRDA:101,e0,1,-
BRDA:105,0,0,-
BRDA:105,e0,1,-
BRDA:107,0,0,-
BRDA:107,0,1,-
BRDA:109,0,0,-
BRDA:109,e0,1,-
BRDA:109,0,2,-
BRDA:109,e0,3,-
BRDA:109,0,4,-
BRDA:109,0,5,-
BRDA:109,0,6,-
BRDA:109,0,7,-
BRDA:110,0,0,-
BRDA:110,e0,1,-
BRDA:110,0,2,-
BRDA:110,e0,3,-
BRDA:110,0,4,-
BRDA:110,e0,5,-
BRDA:112,0,0,-
BRDA:112,e0,1,-
BRDA:112,0,2,-
BRDA:112,e0,3,-
BRDA:112,0,4,-
BRDA:112,e0,5,-
BRDA:113,0,0,-
BRDA:113,e0,1,-
BRDA:114,0,0,-
BRDA:114,e0,1,-
BRDA:114,0,2,-
BRDA:114,e0,3,-
BRDA:114,0,4,-
BRDA:114,e0,5,-
BRDA:114,0,6,-
BRDA:114,e0,7,-
BRDA:114,0,8,-
BRDA:114,0,9,-
BRDA:114,0,10,-
BRDA:114,0,11,-
BRDA:116,0,0,-
BRDA:116,e0,1,-
BRDA:118,0,0,-
BRDA:118,0,1,-
BRDA:119,0,0,-
BRDA:119,e0,1,-
BRDA:119,0,2,-
BRDA:119,e0,3,-
BRDA:123,0,0,-
BRDA:123,e0,1,-
BRDA:125,0,0,-
BRDA:125,e0,1,-
BRDA:130,0,0,-
BRDA:130,0,1,-
BRDA:131,0,0,-
BRDA:131,e0,1,-
BRDA:131,0,2,-
BRDA:131,e0,3,-
BRDA:135,0,0,-
BRDA:135,e0,1,-
BRDA:135,0,2,-
BRDA:135,e0,3,-
BRDA:135,0,4,-
BRDA:135,e0,5,-
BRDA:140,0,0,-
BRDA:140,e0,1,-
BRDA:140,0,2,-
BRDA:140,e0,3,-
BRDA:140,0,4,-
BRDA:140,0,5,-
BRDA:140,0,6,-
BRDA:140,0,7,-
BRDA:141,0,0,-
BRDA:141,e0,1,-
BRDA:141,0,2,-
BRDA:141,e0,3,-
BRDA:141,0,4,-
BRDA:141,e0,5,-
BRDA:141,0,6,-
BRDA:141,e0,7,-
BRDA:141,0,8,-
BRDA:141,e0,9,-
BRDA:143,0,0,-
BRDA:143,e0,1,-
BRDA:143,0,2,-
BRDA:143,e0,3,-
BRDA:145,0,0,-
BRDA:145,e0,1,-
BRDA:145,0,2,-
BRDA:145,e0,3,-
BRDA:145,0,4,-
BRDA:145,e0,5,-
BRDA:146,0,0,-
BRDA:146,e0,1,-
BRDA:146,0,2,-
BRDA:146,e0,3,-
BRDA:146,0,4,-
BRDA:146,e0,5,-
BRDA:147,0,0,-
BRDA:147,e0,1,-
BRDA:148,0,0,-
BRDA:148,e0,1,-
BRDA:148,0,2,-
BRDA:148,e0,3,-
BRDA:148,0,4,-
BRDA:148,e0,5,-
BRDA:148,0,6,-
BRDA:148,e0,7,-
BRDA:148,0,8,-
BRDA:148,e0,9,-
BRDA:148,0,10,-
BRDA:148,e0,11,-
BRDA:148,0,12,-
BRDA:148,e0,13,-
BRDA:148,0,14,-
BRDA:148,e0,15,-
BRDA:148,0,16,-
BRDA:148,0,17,-
BRDA:148,0,18,-
BRDA:148,0,19,-
BRDA:150,0,0,-
BRDA:150,e0,1,-
BRDA:153,0,0,-
BRDA:153,0,1,-
BRDA:154,0,0,-
BRDA:154,0,1,-
BRDA:154,0,2,-
BRDA:154,0,3,-
BRDA:154,0,4,-
BRDA:154,0,5,-
BRDA:155,0,0,-
BRDA:155,e0,1,-
BRDA:155,0,2,-
BRDA:155,e0,3,-
BRDA:157,0,0,-
BRDA:157,e0,1,-
BRDA:157,0,2,-
BRDA:157,e0,3,-
BRDA:162,0,0,-
BRDA:162,0,1,-
BRDA:162,0,2,-
BRDA:162,0,3,-
BRDA:162,0,4,-
BRDA:162,0,5,-
BRDA:162,0,6,-
BRDA:162,0,7,-
BRDA:164,0,0,-
BRDA:164,0,1,-
BRDA:164,0,2,-
BRDA:164,0,3,-
BRDA:164,0,4,-
BRDA:164,0,5,-
BRDA:166,0,0,-
BRDA:166,e0,1,-
BRDA:166,0,2,-
BRDA:166,e0,3,-
BRDA:171,0,0,-
BRDA:171,0,1,-
BRDA:171,0,2,-
BRDA:171,0,3,-
BRDA:171,0,4,-
BRDA:171,0,5,-
BRDA:172,0,0,-
BRDA:172,e0,1,-
BRDA:172,0,2,-
BRDA:172,e0,3,-
BRDA:173,0,0,-
BRDA:173,e0,1,-
BRDA:178,0,0,-
BRDA:178,e0,1,-
BRDA:178,0,2,-
BRDA:178,e0,3,-
BRDA:180,0,0,-
BRDA:180,e0,1,-
BRF:308
BRH:0
DA:6,0
DA:11,0
DA:12,0
DA:13,0
DA:15,0
DA:16,0
DA:20,0
DA:21,0
DA:22,0
DA:25,0
DA:26,0
DA:29,0
DA:30,0
DA:31,0
DA:33,0
DA:34,0
DA:36,0
DA:37,0
DA:38,0
DA:40,0
DA:41,0
DA:42,0
DA:43,0
DA:46,0
DA:47,0
DA:48,0
DA:50,0
DA:51,0
DA:52,0
DA:54,0
DA:55,0
DA:56,0
DA:58,0
DA:59,0
DA:60,0
DA:62,0
DA:64,0
DA:66,0
DA:68,0
DA:69,0
DA:70,0
DA:72,0
DA:74,0
DA:76,0
DA:77,0
DA:79,0
DA:80,0
DA:81,0
DA:82,0
DA:83,0
DA:85,0
DA:88,0
DA:89,0
DA:90,0
DA:91,0
DA:92,0
DA:93,0
DA:95,0
DA:98,0
DA:99,0
DA:101,0
DA:102,0
DA:104,0
DA:105,0
DA:107,0
DA:108,0
DA:109,0
DA:110,0
DA:112,0
DA:113,0
DA:114,0
DA:116,0
DA:117,0
DA:118,0
DA:119,0
DA:120,0
DA:122,0
DA:123,0
DA:125,0
DA:126,0
DA:127,0
DA:129,0
DA:130,0
DA:131,0
DA:134,0
DA:135,0
DA:137,0
DA:139,0
DA:140,0
DA:141,0
DA:143,0
DA:145,0
DA:146,0
DA:147,0
DA:148,0
DA:150,0
DA:151,0
DA:153,0
DA:154,0
DA:155,0
DA:156,0
DA:157,0
DA:159,0
DA:162,0
DA:163,0
DA:164,0
DA:165,0
DA:166,0
DA:168,0
DA:171,0
DA:172,0
DA:173,0
DA:174,0
DA:177,0
DA:178,0
DA:180,0
DA:181,0
LF:117
LH:0
end_of_record
