        -:    0:Source:src/view/DefaultScreenView.cpp
        -:    0:Graph:build/objects/src/view/DefaultScreenView.gcno
        -:    0:Data:build/objects/src/view/DefaultScreenView.gcda
        -:    0:Runs:1
        -:    1:#include "view/DefaultScreenView.h"
        -:    2:#include "view/ManagerView.h"
        -:    3:
        1:    4:int DefaultScreenView::showMenu() {
        6:    5:    MenuRenderer menu("Main Menu", {"1. Browse Media", "2. Playlist", "0. Exit"}, {1, 2, 0});
        2:    6:    return menu.render();
        1:    7:}
        -:    8:
        -:    9:
