        -:    0:Source:src/view/ManagerView.cpp
        -:    0:Graph:build/objects/src/view/ManagerView.gcno
        -:    0:Data:build/objects/src/view/ManagerView.gcda
        -:    0:Runs:2
        -:    1:#include "view/ManagerView.h"
        -:    2:#include <iostream>
        -:    3:
        2:    4:ManagerView::ManagerView() : currentView(nullptr), currentViewKey("") {}
        2:    5:ManagerView::~ManagerView() {
       12:    6:    for (auto& pair : views) {
       10:    7:        delete pair.second;
        -:    8:    }
        2:    9:    views.clear();
        2:   10:}
        -:   11:
        9:   12:ManagerView& ManagerView::getInstance() {
        9:   13:    static ManagerView instance;
        9:   14:    return instance;
        -:   15:}
        -:   16:
       15:   17:void ManagerView::registerView(const string& key, BaseView* view) {
       15:   18:    views[key] = view;
       15:   19:}
        -:   20:
        4:   21:void ManagerView::setView(const string& key) {
        4:   22:    if (views.find(key) != views.end()) {
        3:   23:        currentViewKey = key;
        3:   24:        currentView = views[key];
        -:   25:    }
        -:   26:    else {
        1:   27:        cerr << "View not found: " << key << endl;
        -:   28:    }
        4:   29:}
        -:   30:
        5:   31:BaseView* ManagerView::getView() const {
        5:   32:    return currentView;
        -:   33:}
        -:   34:
        3:   35:string ManagerView::getCurrentViewKey() const {
        3:   36:    return currentViewKey;
        -:   37:}
        -:   38:
    #####:   39:void ManagerView::switchScreen(BaseView* view) {
    #####:   40:    currentView = view;
    #####:   41:}
