        -:    0:Source:src/model/ManagerModel.cpp
        -:    0:Graph:build/objects/src/model/ManagerModel.gcno
        -:    0:Data:build/objects/src/model/ManagerModel.gcda
        -:    0:Runs:2
        -:    1:#include "model/ManagerModel.h"
        -:    2:
        2:    3:ManagerModel::ManagerModel()
        2:    4:    : mediaLibrary(make_unique<MediaLibrary>()),
        2:    5:    playlistLibrary(make_unique<PlaylistLibrary>()),
        2:    6:    playingMediaModel(make_unique<PlayingMediaModel>()) {
        2:    7:}
        -:    8:
        2:    9:ManagerModel& ManagerModel::getInstance() {
        2:   10:    static ManagerModel instance;
        2:   11:    return instance;
        -:   12:}
        -:   13:
    #####:   14:MediaLibrary& ManagerModel::getMediaLibrary() {
    #####:   15:    return *mediaLibrary;
        -:   16:}
        -:   17:
        2:   18:PlaylistLibrary& ManagerModel::getPlaylistLibrary() {
        2:   19:   return *playlistLibrary;
        -:   20:}
        -:   21:
    #####:   22:PlayingMediaModel& ManagerModel::getPlayingMedia() {
    #####:   23:   return *playingMediaModel;
        -:   24:}
