        -:    0:Source:src/model/ManagerModel.cpp
        -:    0:Graph:build/objects/src/model/ManagerModel.gcno
        -:    0:Data:build/objects/src/model/ManagerModel.gcda
        -:    0:Runs:1
        -:    1:#include "model/ManagerModel.h"
        -:    2:
        1:    3:ManagerModel::ManagerModel()
        1:    4:    : mediaLibrary(make_unique<MediaLibrary>()),
        1:    5:    playlistLibrary(make_unique<PlaylistLibrary>()),
        1:    6:    playingMediaModel(make_unique<PlayingMediaModel>()) {
        1:    7:}
        -:    8:
        1:    9:ManagerModel& ManagerModel::getInstance() {
        1:   10:    static ManagerModel instance;
        1:   11:    return instance;
        -:   12:}
        -:   13:
    #####:   14:MediaLibrary& ManagerModel::getMediaLibrary() {
    #####:   15:    return *mediaLibrary;
        -:   16:}
        -:   17:
        1:   18:PlaylistLibrary& ManagerModel::getPlaylistLibrary() {
        1:   19:   return *playlistLibrary;
        -:   20:}
        -:   21:
    #####:   22:PlayingMediaModel& ManagerModel::getPlayingMedia() {
    #####:   23:   return *playingMediaModel;
        -:   24:}
